<?xml version="1.0" encoding="UTF-8"?>
<testsuite name="WebCalculatorApplicationTest" tests="1" skipped="0" failures="0" errors="0" timestamp="2021-10-09T15:53:26" hostname="NB0588" time="2.531">
  <properties/>
  <testcase name="start" classname="WebCalculatorApplicationTest" time="2.531"/>
  <system-out><![CDATA[?[1;31m
Start test 1?[0m

  .   ____          _            __ _ _
 /\\ / ___'_ __ _ _(_)_ __  __ _ \ \ \ \
( ( )\___ | '_ | '_| | '_ \/ _` | \ \ \ \
 \\/  ___)| |_)| | | | | || (_| |  ) ) ) )
  '  |____| .__|_| |_|_| |_\__, | / / / /
 =========|_|==============|___/=/_/_/_/
 :: Spring Boot ::        (v2.3.1.RELEASE)

2021-10-09 17:53:26.998  INFO 24628 --- [    Test worker] calculator.WebCalculatorApplication      : Starting WebCalculatorApplication on NB0588 with PID 24628 (started by BAlaktaa in C:\Users\BAlaktaa\IdeaProjects\Web Quiz Engine\Topics\Posting and deleting data via REST\Web calculator)
2021-10-09 17:53:26.998  INFO 24628 --- [    Test worker] calculator.WebCalculatorApplication      : No active profile set, falling back to default profiles: default
2021-10-09 17:53:28.005  INFO 24628 --- [    Test worker] o.s.b.w.embedded.tomcat.TomcatWebServer  : Tomcat initialized with port(s): 8889 (http)
2021-10-09 17:53:28.020  INFO 24628 --- [    Test worker] o.apache.catalina.core.StandardService   : Starting service [Tomcat]
2021-10-09 17:53:28.020  INFO 24628 --- [    Test worker] org.apache.catalina.core.StandardEngine  : Starting Servlet engine: [Apache Tomcat/9.0.36]
2021-10-09 17:53:28.105  INFO 24628 --- [    Test worker] o.a.c.c.C.[Tomcat].[localhost].[/]       : Initializing Spring embedded WebApplicationContext
2021-10-09 17:53:28.105  INFO 24628 --- [    Test worker] w.s.c.ServletWebServerApplicationContext : Root WebApplicationContext: initialization completed in 1070 ms
2021-10-09 17:53:28.337  INFO 24628 --- [    Test worker] o.s.s.concurrent.ThreadPoolTaskExecutor  : Initializing ExecutorService 'applicationTaskExecutor'
2021-10-09 17:53:28.554  INFO 24628 --- [    Test worker] o.s.b.a.e.web.EndpointLinksResolver      : Exposing 14 endpoint(s) beneath base path '/actuator'
2021-10-09 17:53:28.606  INFO 24628 --- [    Test worker] o.s.b.w.embedded.tomcat.TomcatWebServer  : Tomcat started on port(s): 8889 (http) with context path ''
2021-10-09 17:53:28.606  INFO 24628 --- [    Test worker] calculator.WebCalculatorApplication      : Started WebCalculatorApplication in 1.913 seconds (JVM running for 2.606)
2021-10-09 17:53:28.891  INFO 24628 --- [nio-8889-exec-1] o.a.c.c.C.[Tomcat].[localhost].[/]       : Initializing Spring DispatcherServlet 'dispatcherServlet'
2021-10-09 17:53:28.891  INFO 24628 --- [nio-8889-exec-1] o.s.web.servlet.DispatcherServlet        : Initializing Servlet 'dispatcherServlet'
2021-10-09 17:53:28.891  INFO 24628 --- [nio-8889-exec-1] o.s.web.servlet.DispatcherServlet        : Completed initialization in 0 ms
?[1;31m
Start test 2?[0m
?[1;31m
Start test 3?[0m
?[1;31m
Start test 4?[0m
]]></system-out>
  <system-err><![CDATA[]]></system-err>
</testsuite>
