<?xml version="1.0" encoding="UTF-8"?>
<testsuite name="tests.WebQuizEngineTest" tests="1" skipped="0" failures="0" errors="0" timestamp="2021-10-17T09:30:32" hostname="NB0588" time="27.295">
  <properties/>
  <testcase name="start" classname="tests.WebQuizEngineTest" time="27.295"/>
  <system-out><![CDATA[?[1;31m
Start test 1?[0m
  _____     ____    ___    _____     ____    ___    
 |  __ \   / __ \  |__ \  |  __ \   / __ \  |__ \   
 | |__) | | |  | |    ) | | |__) | | |  | |    ) |  
 |  _  /  | |  | |   / /  |  _  /  | |  | |   / /   
 | | \ \  | |__| |  / /_  | | \ \  | |__| |  / /_   
 |_|  \_\  \____/  |____| |_|  \_\  \____/  |____|  
                                                    
                                                    
2021-10-17 11:30:32.847  INFO 20204 --- [    Test worker] engine.WebQuizEngine                     : Starting WebQuizEngine on NB0588 with PID 20204 (started by BAlaktaa in C:\Users\BAlaktaa\IdeaProjects\Web Quiz Engine\Web Quiz Engine\task)
2021-10-17 11:30:32.853  INFO 20204 --- [    Test worker] engine.WebQuizEngine                     : No active profile set, falling back to default profiles: default
2021-10-17 11:30:33.856  INFO 20204 --- [    Test worker] .s.d.r.c.RepositoryConfigurationDelegate : Bootstrapping Spring Data JPA repositories in DEFAULT mode.
2021-10-17 11:30:33.918  INFO 20204 --- [    Test worker] .s.d.r.c.RepositoryConfigurationDelegate : Finished Spring Data repository scanning in 59ms. Found 3 JPA repository interfaces.
2021-10-17 11:30:34.273  INFO 20204 --- [    Test worker] trationDelegate$BeanPostProcessorChecker : Bean 'org.springframework.transaction.annotation.ProxyTransactionManagementConfiguration' of type [org.springframework.transaction.annotation.ProxyTransactionManagementConfiguration] is not eligible for getting processed by all BeanPostProcessors (for example: not eligible for auto-proxying)
2021-10-17 11:30:34.488  INFO 20204 --- [    Test worker] o.s.b.w.embedded.tomcat.TomcatWebServer  : Tomcat initialized with port(s): 8080 (http)
2021-10-17 11:30:34.504  INFO 20204 --- [    Test worker] o.apache.catalina.core.StandardService   : Starting service [Tomcat]
2021-10-17 11:30:34.504  INFO 20204 --- [    Test worker] org.apache.catalina.core.StandardEngine  : Starting Servlet engine: [Apache Tomcat/9.0.29]
2021-10-17 11:30:34.704  INFO 20204 --- [    Test worker] org.apache.jasper.servlet.TldScanner     : At least one JAR was scanned for TLDs yet contained no TLDs. Enable debug logging for this logger for a complete list of JARs that were scanned but no TLDs were found in them. Skipping unneeded JARs during scanning can improve startup time and JSP compilation time.
2021-10-17 11:30:34.720  INFO 20204 --- [    Test worker] o.a.c.c.C.[Tomcat].[localhost].[/]       : Initializing Spring embedded WebApplicationContext
2021-10-17 11:30:34.720  INFO 20204 --- [    Test worker] o.s.web.context.ContextLoader            : Root WebApplicationContext: initialization completed in 1835 ms
2021-10-17 11:30:34.820  INFO 20204 --- [    Test worker] com.zaxxer.hikari.HikariDataSource       : HikariPool-1 - Starting...
2021-10-17 11:30:34.989  INFO 20204 --- [    Test worker] com.zaxxer.hikari.HikariDataSource       : HikariPool-1 - Start completed.
2021-10-17 11:30:34.989  INFO 20204 --- [    Test worker] o.s.b.a.h2.H2ConsoleAutoConfiguration    : H2 console available at '/h2-console'. Database available at 'jdbc:h2:file:../quizdb'
2021-10-17 11:30:35.259  INFO 20204 --- [    Test worker] o.hibernate.jpa.internal.util.LogHelper  : HHH000204: Processing PersistenceUnitInfo [name: default]
2021-10-17 11:30:35.324  INFO 20204 --- [    Test worker] org.hibernate.Version                    : HHH000412: Hibernate Core {5.4.9.Final}
2021-10-17 11:30:35.459  INFO 20204 --- [    Test worker] o.hibernate.annotations.common.Version   : HCANN000001: Hibernate Commons Annotations {5.1.0.Final}
2021-10-17 11:30:35.559  INFO 20204 --- [    Test worker] org.hibernate.dialect.Dialect            : HHH000400: Using dialect: org.hibernate.dialect.H2Dialect
Hibernate: create table completion (id integer not null, completed_at TIMESTAMP not null, quiz_id integer, user_id integer, primary key (id))
Hibernate: create table quiz (quiz_id integer not null, text varchar(255), title varchar(255), userid integer, primary key (quiz_id))
Hibernate: create table quiz_answer (quiz_quiz_id integer not null, answer integer)
Hibernate: create table quiz_options (quiz_quiz_id integer not null, options varchar(255))
Hibernate: create table user (user_id integer not null, email varchar(255), password varchar(255), role varchar(255), primary key (user_id))
Hibernate: alter table user drop constraint if exists UK_ob8kqyqqgmefl0aco34akdtpe
Hibernate: alter table user add constraint UK_ob8kqyqqgmefl0aco34akdtpe unique (email)
Hibernate: create sequence hibernate_sequence start with 1 increment by 1
Hibernate: alter table completion add constraint FKkfvsrr06095q83tpuu1x51h3 foreign key (quiz_id) references quiz on delete cascade
Hibernate: alter table completion add constraint FKfiftcbuy9pcsbkajvki4lyife foreign key (user_id) references user on delete cascade
Hibernate: alter table quiz add constraint FKbduqowuxvrrbg85ld1fm2wdv5 foreign key (userid) references user
Hibernate: alter table quiz_answer add constraint FKeesuti7o9lwnjpy0gfnv61wku foreign key (quiz_quiz_id) references quiz
Hibernate: alter table quiz_options add constraint FKbaln6dkv3wq1ndkperl8epx3v foreign key (quiz_quiz_id) references quiz
2021-10-17 11:30:36.261  INFO 20204 --- [    Test worker] o.h.e.t.j.p.i.JtaPlatformInitiator       : HHH000490: Using JtaPlatform implementation: [org.hibernate.engine.transaction.jta.platform.internal.NoJtaPlatform]
2021-10-17 11:30:36.261  INFO 20204 --- [    Test worker] j.LocalContainerEntityManagerFactoryBean : Initialized JPA EntityManagerFactory for persistence unit 'default'
2021-10-17 11:30:36.726  WARN 20204 --- [    Test worker] JpaBaseConfiguration$JpaWebConfiguration : spring.jpa.open-in-view is enabled by default. Therefore, database queries may be performed during view rendering. Explicitly configure spring.jpa.open-in-view to disable this warning
2021-10-17 11:30:36.979  INFO 20204 --- [    Test worker] o.s.b.a.e.web.EndpointLinksResolver      : Exposing 14 endpoint(s) beneath base path '/actuator'
2021-10-17 11:30:37.226  INFO 20204 --- [    Test worker] o.s.b.a.w.s.WelcomePageHandlerMapping    : Adding welcome page: class path resource [static/index.html]
2021-10-17 11:30:37.342  INFO 20204 --- [    Test worker] o.s.s.web.DefaultSecurityFilterChain     : Creating filter chain: any request, [org.springframework.security.web.context.request.async.WebAsyncManagerIntegrationFilter@8aead32, org.springframework.security.web.context.SecurityContextPersistenceFilter@4224a23, org.springframework.security.web.header.HeaderWriterFilter@d8b201d, org.springframework.security.web.authentication.logout.LogoutFilter@20e9d1e4, org.springframework.security.web.authentication.www.BasicAuthenticationFilter@339c0dfe, org.springframework.security.web.savedrequest.RequestCacheAwareFilter@29e006b2, org.springframework.security.web.servletapi.SecurityContextHolderAwareRequestFilter@1629b753, org.springframework.security.web.authentication.AnonymousAuthenticationFilter@1108a981, org.springframework.security.web.session.SessionManagementFilter@5d16236e, org.springframework.security.web.access.ExceptionTranslationFilter@403121f3, org.springframework.security.web.access.intercept.FilterSecurityInterceptor@2e18fb08]
2021-10-17 11:30:37.411  INFO 20204 --- [    Test worker] o.s.s.concurrent.ThreadPoolTaskExecutor  : Initializing ExecutorService 'applicationTaskExecutor'
2021-10-17 11:30:37.896  INFO 20204 --- [    Test worker] o.s.b.w.embedded.tomcat.TomcatWebServer  : Tomcat started on port(s): 8080 (http) with context path ''
2021-10-17 11:30:37.912  INFO 20204 --- [    Test worker] engine.WebQuizEngine                     : Started WebQuizEngine in 5.372 seconds (JVM running for 6.162)
2021-10-17 11:30:38.197  INFO 20204 --- [nio-8080-exec-1] o.a.c.c.C.[Tomcat].[localhost].[/]       : Initializing Spring DispatcherServlet 'dispatcherServlet'
2021-10-17 11:30:38.197  INFO 20204 --- [nio-8080-exec-1] o.s.web.servlet.DispatcherServlet        : Initializing Servlet 'dispatcherServlet'
2021-10-17 11:30:38.213  INFO 20204 --- [nio-8080-exec-1] o.s.web.servlet.DispatcherServlet        : Completed initialization in 16 ms
Hibernate: select user0_.user_id as user_id1_4_, user0_.email as email2_4_, user0_.password as password3_4_, user0_.role as role4_4_ from user user0_ where user0_.email=?
Hibernate: call next value for hibernate_sequence
Hibernate: insert into user (email, password, role, user_id) values (?, ?, ?, ?)
?[1;31m
Start test 2?[0m
Hibernate: select user0_.user_id as user_id1_4_, user0_.email as email2_4_, user0_.password as password3_4_, user0_.role as role4_4_ from user user0_ where user0_.email=?
Hibernate: call next value for hibernate_sequence
Hibernate: insert into user (email, password, role, user_id) values (?, ?, ?, ?)
?[1;31m
Start test 3?[0m
2021-10-17 11:30:38.646  WARN 20204 --- [nio-8080-exec-3] .w.s.m.s.DefaultHandlerExceptionResolver : Resolved [org.springframework.web.bind.MethodArgumentNotValidException: Validation failed for argument [0] in public org.springframework.http.ResponseEntity engine.controller.UserController.register(engine.model.RegisterData): [Field error in object 'registerData' on field 'email': rejected value [google.com]; codes [Email.registerData.email,Email.email,Email.java.lang.String,Email]; arguments [org.springframework.context.support.DefaultMessageSourceResolvable: codes [registerData.email,email]; arguments []; default message [email],[Ljavax.validation.constraints.Pattern$Flag;@5d22eb59,[a-zA-Z]+@[a-zA-Z]+\.[a-zA-Z]+]; default message [must be a well-formed email address]] ]
?[1;31m
Start test 4?[0m
2021-10-17 11:30:38.703  WARN 20204 --- [nio-8080-exec-4] .w.s.m.s.DefaultHandlerExceptionResolver : Resolved [org.springframework.web.bind.MethodArgumentNotValidException: Validation failed for argument [0] in public org.springframework.http.ResponseEntity engine.controller.UserController.register(engine.model.RegisterData): [Field error in object 'registerData' on field 'email': rejected value [well@googlecom]; codes [Email.registerData.email,Email.email,Email.java.lang.String,Email]; arguments [org.springframework.context.support.DefaultMessageSourceResolvable: codes [registerData.email,email]; arguments []; default message [email],[Ljavax.validation.constraints.Pattern$Flag;@5d22eb59,[a-zA-Z]+@[a-zA-Z]+\.[a-zA-Z]+]; default message [must be a well-formed email address]] ]
?[1;31m
Start test 5?[0m
Hibernate: select user0_.user_id as user_id1_4_, user0_.email as email2_4_, user0_.password as password3_4_, user0_.role as role4_4_ from user user0_ where user0_.email=?
?[1;31m
Start test 6?[0m
2021-10-17 11:30:38.735  WARN 20204 --- [nio-8080-exec-6] .w.s.m.s.DefaultHandlerExceptionResolver : Resolved [org.springframework.web.bind.MethodArgumentNotValidException: Validation failed for argument [0] in public org.springframework.http.ResponseEntity engine.controller.UserController.register(engine.model.RegisterData): [Field error in object 'registerData' on field 'password': rejected value [1234]; codes [Size.registerData.password,Size.password,Size.java.lang.String,Size]; arguments [org.springframework.context.support.DefaultMessageSourceResolvable: codes [registerData.password,password]; arguments []; default message [password],2147483647,5]; default message [size must be between 5 and 2147483647]] ]
?[1;31m
Start test 7?[0m
2021-10-17 11:30:38.751  WARN 20204 --- [nio-8080-exec-7] .w.s.m.s.DefaultHandlerExceptionResolver : Resolved [org.springframework.web.bind.MethodArgumentNotValidException: Validation failed for argument [0] in public org.springframework.http.ResponseEntity engine.controller.UserController.register(engine.model.RegisterData) with 2 errors: [Field error in object 'registerData' on field 'password': rejected value [123]; codes [Size.registerData.password,Size.password,Size.java.lang.String,Size]; arguments [org.springframework.context.support.DefaultMessageSourceResolvable: codes [registerData.password,password]; arguments []; default message [password],2147483647,5]; default message [size must be between 5 and 2147483647]] [Field error in object 'registerData' on field 'email': rejected value [someuser2@gmail.com]; codes [Email.registerData.email,Email.email,Email.java.lang.String,Email]; arguments [org.springframework.context.support.DefaultMessageSourceResolvable: codes [registerData.email,email]; arguments []; default message [email],[Ljavax.validation.constraints.Pattern$Flag;@5d22eb59,[a-zA-Z]+@[a-zA-Z]+\.[a-zA-Z]+]; default message [must be a well-formed email address]] ]
?[1;31m
Start test 8?[0m
Hibernate: select user0_.user_id as user_id1_4_, user0_.email as email2_4_, user0_.password as password3_4_, user0_.role as role4_4_ from user user0_ where user0_.email=?
2021-10-17 11:30:39.030  WARN 20204 --- [nio-8080-exec-8] o.a.c.util.SessionIdGeneratorBase        : Creation of SecureRandom instance for session ID generation using [SHA1PRNG] took [116] milliseconds.
Hibernate: select quiz0_.quiz_id as quiz_id1_1_, quiz0_.text as text2_1_, quiz0_.title as title3_1_, quiz0_.userid as userid4_1_ from quiz quiz0_ order by QUIZ_ID limit ?
?[1;31m
Start test 9?[0m
Hibernate: select user0_.user_id as user_id1_4_, user0_.email as email2_4_, user0_.password as password3_4_, user0_.role as role4_4_ from user user0_ where user0_.email=?
Hibernate: select quiz0_.quiz_id as quiz_id1_1_, quiz0_.text as text2_1_, quiz0_.title as title3_1_, quiz0_.userid as userid4_1_ from quiz quiz0_ order by QUIZ_ID limit ?
?[1;31m
Start test 10?[0m
Hibernate: select user0_.user_id as user_id1_4_, user0_.email as email2_4_, user0_.password as password3_4_, user0_.role as role4_4_ from user user0_ where user0_.email=?
Hibernate: select user0_.user_id as user_id1_4_, user0_.email as email2_4_, user0_.password as password3_4_, user0_.role as role4_4_ from user user0_ where user0_.email=?
Hibernate: call next value for hibernate_sequence
Hibernate: insert into quiz (text, title, userid, quiz_id) values (?, ?, ?, ?)
Hibernate: insert into quiz_answer (quiz_quiz_id, answer) values (?, ?)
Hibernate: insert into quiz_options (quiz_quiz_id, options) values (?, ?)
Hibernate: insert into quiz_options (quiz_quiz_id, options) values (?, ?)
Hibernate: insert into quiz_options (quiz_quiz_id, options) values (?, ?)
Hibernate: insert into quiz_options (quiz_quiz_id, options) values (?, ?)
?[1;31m
Start test 11?[0m
Hibernate: select user0_.user_id as user_id1_4_, user0_.email as email2_4_, user0_.password as password3_4_, user0_.role as role4_4_ from user user0_ where user0_.email=?
Hibernate: select quiz0_.quiz_id as quiz_id1_1_0_, quiz0_.text as text2_1_0_, quiz0_.title as title3_1_0_, quiz0_.userid as userid4_1_0_, user1_.user_id as user_id1_4_1_, user1_.email as email2_4_1_, user1_.password as password3_4_1_, user1_.role as role4_4_1_ from quiz quiz0_ left outer join user user1_ on quiz0_.userid=user1_.user_id where quiz0_.quiz_id=?
Hibernate: select options0_.quiz_quiz_id as quiz_qui1_3_0_, options0_.options as options2_3_0_ from quiz_options options0_ where options0_.quiz_quiz_id=?
?[1;31m
Start test 12?[0m
Hibernate: select user0_.user_id as user_id1_4_, user0_.email as email2_4_, user0_.password as password3_4_, user0_.role as role4_4_ from user user0_ where user0_.email=?
Hibernate: select quiz0_.quiz_id as quiz_id1_1_0_, quiz0_.text as text2_1_0_, quiz0_.title as title3_1_0_, quiz0_.userid as userid4_1_0_, user1_.user_id as user_id1_4_1_, user1_.email as email2_4_1_, user1_.password as password3_4_1_, user1_.role as role4_4_1_ from quiz quiz0_ left outer join user user1_ on quiz0_.userid=user1_.user_id where quiz0_.quiz_id=?
?[1;31m
Start test 13?[0m
Hibernate: select user0_.user_id as user_id1_4_, user0_.email as email2_4_, user0_.password as password3_4_, user0_.role as role4_4_ from user user0_ where user0_.email=?
Hibernate: select quiz0_.quiz_id as quiz_id1_1_, quiz0_.text as text2_1_, quiz0_.title as title3_1_, quiz0_.userid as userid4_1_ from quiz quiz0_ order by QUIZ_ID limit ?
Hibernate: select user0_.user_id as user_id1_4_0_, user0_.email as email2_4_0_, user0_.password as password3_4_0_, user0_.role as role4_4_0_ from user user0_ where user0_.user_id=?
Hibernate: select options0_.quiz_quiz_id as quiz_qui1_3_0_, options0_.options as options2_3_0_ from quiz_options options0_ where options0_.quiz_quiz_id=?
?[1;31m
Start test 14?[0m
Hibernate: select user0_.user_id as user_id1_4_, user0_.email as email2_4_, user0_.password as password3_4_, user0_.role as role4_4_ from user user0_ where user0_.email=?
Hibernate: select user0_.user_id as user_id1_4_, user0_.email as email2_4_, user0_.password as password3_4_, user0_.role as role4_4_ from user user0_ where user0_.email=?
Hibernate: call next value for hibernate_sequence
Hibernate: insert into quiz (text, title, userid, quiz_id) values (?, ?, ?, ?)
Hibernate: insert into quiz_answer (quiz_quiz_id, answer) values (?, ?)
Hibernate: insert into quiz_options (quiz_quiz_id, options) values (?, ?)
Hibernate: insert into quiz_options (quiz_quiz_id, options) values (?, ?)
Hibernate: insert into quiz_options (quiz_quiz_id, options) values (?, ?)
Hibernate: insert into quiz_options (quiz_quiz_id, options) values (?, ?)
?[1;31m
Start test 15?[0m
Hibernate: select user0_.user_id as user_id1_4_, user0_.email as email2_4_, user0_.password as password3_4_, user0_.role as role4_4_ from user user0_ where user0_.email=?
Hibernate: select quiz0_.quiz_id as quiz_id1_1_0_, quiz0_.text as text2_1_0_, quiz0_.title as title3_1_0_, quiz0_.userid as userid4_1_0_, user1_.user_id as user_id1_4_1_, user1_.email as email2_4_1_, user1_.password as password3_4_1_, user1_.role as role4_4_1_ from quiz quiz0_ left outer join user user1_ on quiz0_.userid=user1_.user_id where quiz0_.quiz_id=?
Hibernate: select options0_.quiz_quiz_id as quiz_qui1_3_0_, options0_.options as options2_3_0_ from quiz_options options0_ where options0_.quiz_quiz_id=?
?[1;31m
Start test 16?[0m
Hibernate: select user0_.user_id as user_id1_4_, user0_.email as email2_4_, user0_.password as password3_4_, user0_.role as role4_4_ from user user0_ where user0_.email=?
Hibernate: select quiz0_.quiz_id as quiz_id1_1_0_, quiz0_.text as text2_1_0_, quiz0_.title as title3_1_0_, quiz0_.userid as userid4_1_0_, user1_.user_id as user_id1_4_1_, user1_.email as email2_4_1_, user1_.password as password3_4_1_, user1_.role as role4_4_1_ from quiz quiz0_ left outer join user user1_ on quiz0_.userid=user1_.user_id where quiz0_.quiz_id=?
?[1;31m
Start test 17?[0m
Hibernate: select user0_.user_id as user_id1_4_, user0_.email as email2_4_, user0_.password as password3_4_, user0_.role as role4_4_ from user user0_ where user0_.email=?
Hibernate: select quiz0_.quiz_id as quiz_id1_1_, quiz0_.text as text2_1_, quiz0_.title as title3_1_, quiz0_.userid as userid4_1_ from quiz quiz0_ order by QUIZ_ID limit ?
Hibernate: select user0_.user_id as user_id1_4_0_, user0_.email as email2_4_0_, user0_.password as password3_4_0_, user0_.role as role4_4_0_ from user user0_ where user0_.user_id=?
Hibernate: select user0_.user_id as user_id1_4_0_, user0_.email as email2_4_0_, user0_.password as password3_4_0_, user0_.role as role4_4_0_ from user user0_ where user0_.user_id=?
Hibernate: select options0_.quiz_quiz_id as quiz_qui1_3_0_, options0_.options as options2_3_0_ from quiz_options options0_ where options0_.quiz_quiz_id=?
Hibernate: select options0_.quiz_quiz_id as quiz_qui1_3_0_, options0_.options as options2_3_0_ from quiz_options options0_ where options0_.quiz_quiz_id=?
?[1;31m
Start test 18?[0m
?[1;31m
Start test 19?[0m
?[1;31m
Start test 20?[0m
?[1;31m
Start test 21?[0m
?[1;31m
Start test 22?[0m
?[1;31m
Start test 23?[0m
?[1;31m
Start test 24?[0m
?[1;31m
Start test 25?[0m
?[1;31m
Start test 26?[0m
Hibernate: select user0_.user_id as user_id1_4_, user0_.email as email2_4_, user0_.password as password3_4_, user0_.role as role4_4_ from user user0_ where user0_.email=?
?[1;31m
Start test 27?[0m
Hibernate: select user0_.user_id as user_id1_4_, user0_.email as email2_4_, user0_.password as password3_4_, user0_.role as role4_4_ from user user0_ where user0_.email=?
?[1;31m
Start test 28?[0m
Hibernate: select user0_.user_id as user_id1_4_, user0_.email as email2_4_, user0_.password as password3_4_, user0_.role as role4_4_ from user user0_ where user0_.email=?
?[1;31m
Start test 29?[0m
Hibernate: select user0_.user_id as user_id1_4_, user0_.email as email2_4_, user0_.password as password3_4_, user0_.role as role4_4_ from user user0_ where user0_.email=?
?[1;31m
Start test 30?[0m
Hibernate: select user0_.user_id as user_id1_4_, user0_.email as email2_4_, user0_.password as password3_4_, user0_.role as role4_4_ from user user0_ where user0_.email=?
?[1;31m
Start test 31?[0m
Hibernate: select user0_.user_id as user_id1_4_, user0_.email as email2_4_, user0_.password as password3_4_, user0_.role as role4_4_ from user user0_ where user0_.email=?
?[1;31m
Start test 32?[0m
Hibernate: select user0_.user_id as user_id1_4_, user0_.email as email2_4_, user0_.password as password3_4_, user0_.role as role4_4_ from user user0_ where user0_.email=?
?[1;31m
Start test 33?[0m
Hibernate: select user0_.user_id as user_id1_4_, user0_.email as email2_4_, user0_.password as password3_4_, user0_.role as role4_4_ from user user0_ where user0_.email=?
?[1;31m
Start test 34?[0m
Hibernate: select user0_.user_id as user_id1_4_, user0_.email as email2_4_, user0_.password as password3_4_, user0_.role as role4_4_ from user user0_ where user0_.email=?
Hibernate: select quiz0_.quiz_id as quiz_id1_1_0_, quiz0_.text as text2_1_0_, quiz0_.title as title3_1_0_, quiz0_.userid as userid4_1_0_, user1_.user_id as user_id1_4_1_, user1_.email as email2_4_1_, user1_.password as password3_4_1_, user1_.role as role4_4_1_ from quiz quiz0_ left outer join user user1_ on quiz0_.userid=user1_.user_id where quiz0_.quiz_id=?
Hibernate: select user0_.user_id as user_id1_4_, user0_.email as email2_4_, user0_.password as password3_4_, user0_.role as role4_4_ from user user0_ where user0_.email=?
Hibernate: select answer0_.quiz_quiz_id as quiz_qui1_2_0_, answer0_.answer as answer2_2_0_ from quiz_answer answer0_ where answer0_.quiz_quiz_id=?
?[1;31m
Start test 35?[0m
Hibernate: select user0_.user_id as user_id1_4_, user0_.email as email2_4_, user0_.password as password3_4_, user0_.role as role4_4_ from user user0_ where user0_.email=?
Hibernate: select quiz0_.quiz_id as quiz_id1_1_0_, quiz0_.text as text2_1_0_, quiz0_.title as title3_1_0_, quiz0_.userid as userid4_1_0_, user1_.user_id as user_id1_4_1_, user1_.email as email2_4_1_, user1_.password as password3_4_1_, user1_.role as role4_4_1_ from quiz quiz0_ left outer join user user1_ on quiz0_.userid=user1_.user_id where quiz0_.quiz_id=?
Hibernate: select user0_.user_id as user_id1_4_, user0_.email as email2_4_, user0_.password as password3_4_, user0_.role as role4_4_ from user user0_ where user0_.email=?
Hibernate: select answer0_.quiz_quiz_id as quiz_qui1_2_0_, answer0_.answer as answer2_2_0_ from quiz_answer answer0_ where answer0_.quiz_quiz_id=?
?[1;31m
Start test 36?[0m
Hibernate: select user0_.user_id as user_id1_4_, user0_.email as email2_4_, user0_.password as password3_4_, user0_.role as role4_4_ from user user0_ where user0_.email=?
Hibernate: select quiz0_.quiz_id as quiz_id1_1_0_, quiz0_.text as text2_1_0_, quiz0_.title as title3_1_0_, quiz0_.userid as userid4_1_0_, user1_.user_id as user_id1_4_1_, user1_.email as email2_4_1_, user1_.password as password3_4_1_, user1_.role as role4_4_1_ from quiz quiz0_ left outer join user user1_ on quiz0_.userid=user1_.user_id where quiz0_.quiz_id=?
Hibernate: select user0_.user_id as user_id1_4_, user0_.email as email2_4_, user0_.password as password3_4_, user0_.role as role4_4_ from user user0_ where user0_.email=?
Hibernate: select answer0_.quiz_quiz_id as quiz_qui1_2_0_, answer0_.answer as answer2_2_0_ from quiz_answer answer0_ where answer0_.quiz_quiz_id=?
Hibernate: call next value for hibernate_sequence
Hibernate: insert into completion (completed_at, quiz_id, user_id, id) values (?, ?, ?, ?)
?[1;31m
Start test 37?[0m
Hibernate: select user0_.user_id as user_id1_4_, user0_.email as email2_4_, user0_.password as password3_4_, user0_.role as role4_4_ from user user0_ where user0_.email=?
Hibernate: select quiz0_.quiz_id as quiz_id1_1_0_, quiz0_.text as text2_1_0_, quiz0_.title as title3_1_0_, quiz0_.userid as userid4_1_0_, user1_.user_id as user_id1_4_1_, user1_.email as email2_4_1_, user1_.password as password3_4_1_, user1_.role as role4_4_1_ from quiz quiz0_ left outer join user user1_ on quiz0_.userid=user1_.user_id where quiz0_.quiz_id=?
Hibernate: select user0_.user_id as user_id1_4_, user0_.email as email2_4_, user0_.password as password3_4_, user0_.role as role4_4_ from user user0_ where user0_.email=?
Hibernate: select answer0_.quiz_quiz_id as quiz_qui1_2_0_, answer0_.answer as answer2_2_0_ from quiz_answer answer0_ where answer0_.quiz_quiz_id=?
?[1;31m
Start test 38?[0m
Hibernate: select user0_.user_id as user_id1_4_, user0_.email as email2_4_, user0_.password as password3_4_, user0_.role as role4_4_ from user user0_ where user0_.email=?
Hibernate: select quiz0_.quiz_id as quiz_id1_1_0_, quiz0_.text as text2_1_0_, quiz0_.title as title3_1_0_, quiz0_.userid as userid4_1_0_, user1_.user_id as user_id1_4_1_, user1_.email as email2_4_1_, user1_.password as password3_4_1_, user1_.role as role4_4_1_ from quiz quiz0_ left outer join user user1_ on quiz0_.userid=user1_.user_id where quiz0_.quiz_id=?
Hibernate: select user0_.user_id as user_id1_4_, user0_.email as email2_4_, user0_.password as password3_4_, user0_.role as role4_4_ from user user0_ where user0_.email=?
Hibernate: select answer0_.quiz_quiz_id as quiz_qui1_2_0_, answer0_.answer as answer2_2_0_ from quiz_answer answer0_ where answer0_.quiz_quiz_id=?
?[1;31m
Start test 39?[0m
Hibernate: select user0_.user_id as user_id1_4_, user0_.email as email2_4_, user0_.password as password3_4_, user0_.role as role4_4_ from user user0_ where user0_.email=?
Hibernate: select quiz0_.quiz_id as quiz_id1_1_0_, quiz0_.text as text2_1_0_, quiz0_.title as title3_1_0_, quiz0_.userid as userid4_1_0_, user1_.user_id as user_id1_4_1_, user1_.email as email2_4_1_, user1_.password as password3_4_1_, user1_.role as role4_4_1_ from quiz quiz0_ left outer join user user1_ on quiz0_.userid=user1_.user_id where quiz0_.quiz_id=?
Hibernate: select user0_.user_id as user_id1_4_, user0_.email as email2_4_, user0_.password as password3_4_, user0_.role as role4_4_ from user user0_ where user0_.email=?
Hibernate: select answer0_.quiz_quiz_id as quiz_qui1_2_0_, answer0_.answer as answer2_2_0_ from quiz_answer answer0_ where answer0_.quiz_quiz_id=?
Hibernate: call next value for hibernate_sequence
Hibernate: insert into completion (completed_at, quiz_id, user_id, id) values (?, ?, ?, ?)
?[1;31m
Start test 40?[0m
Hibernate: select user0_.user_id as user_id1_4_, user0_.email as email2_4_, user0_.password as password3_4_, user0_.role as role4_4_ from user user0_ where user0_.email=?
Hibernate: select quiz0_.quiz_id as quiz_id1_1_0_, quiz0_.text as text2_1_0_, quiz0_.title as title3_1_0_, quiz0_.userid as userid4_1_0_, user1_.user_id as user_id1_4_1_, user1_.email as email2_4_1_, user1_.password as password3_4_1_, user1_.role as role4_4_1_ from quiz quiz0_ left outer join user user1_ on quiz0_.userid=user1_.user_id where quiz0_.quiz_id=?
Hibernate: select user0_.user_id as user_id1_4_, user0_.email as email2_4_, user0_.password as password3_4_, user0_.role as role4_4_ from user user0_ where user0_.email=?
Hibernate: select answer0_.quiz_quiz_id as quiz_qui1_2_0_, answer0_.answer as answer2_2_0_ from quiz_answer answer0_ where answer0_.quiz_quiz_id=?
?[1;31m
Start test 41?[0m
Hibernate: select user0_.user_id as user_id1_4_, user0_.email as email2_4_, user0_.password as password3_4_, user0_.role as role4_4_ from user user0_ where user0_.email=?
Hibernate: select quiz0_.quiz_id as quiz_id1_1_0_, quiz0_.text as text2_1_0_, quiz0_.title as title3_1_0_, quiz0_.userid as userid4_1_0_, user1_.user_id as user_id1_4_1_, user1_.email as email2_4_1_, user1_.password as password3_4_1_, user1_.role as role4_4_1_ from quiz quiz0_ left outer join user user1_ on quiz0_.userid=user1_.user_id where quiz0_.quiz_id=?
Hibernate: select user0_.user_id as user_id1_4_, user0_.email as email2_4_, user0_.password as password3_4_, user0_.role as role4_4_ from user user0_ where user0_.email=?
Hibernate: select answer0_.quiz_quiz_id as quiz_qui1_2_0_, answer0_.answer as answer2_2_0_ from quiz_answer answer0_ where answer0_.quiz_quiz_id=?
?[1;31m
Start test 42?[0m
Hibernate: select user0_.user_id as user_id1_4_, user0_.email as email2_4_, user0_.password as password3_4_, user0_.role as role4_4_ from user user0_ where user0_.email=?
Hibernate: select user0_.user_id as user_id1_4_, user0_.email as email2_4_, user0_.password as password3_4_, user0_.role as role4_4_ from user user0_ where user0_.email=?
Hibernate: select distinct completion0_.quiz_id as col_0_0_, completion0_.completed_at as col_1_0_ from completion completion0_ cross join user user1_ where completion0_.user_id=user1_.user_id and user1_.email=? order by completion0_.completed_at desc limit ?
?[1;31m
Start test 43?[0m
Hibernate: select user0_.user_id as user_id1_4_, user0_.email as email2_4_, user0_.password as password3_4_, user0_.role as role4_4_ from user user0_ where user0_.email=?
Hibernate: select user0_.user_id as user_id1_4_, user0_.email as email2_4_, user0_.password as password3_4_, user0_.role as role4_4_ from user user0_ where user0_.email=?
Hibernate: select distinct completion0_.quiz_id as col_0_0_, completion0_.completed_at as col_1_0_ from completion completion0_ cross join user user1_ where completion0_.user_id=user1_.user_id and user1_.email=? order by completion0_.completed_at desc limit ?
?[1;31m
Start test 44?[0m
Hibernate: select user0_.user_id as user_id1_4_, user0_.email as email2_4_, user0_.password as password3_4_, user0_.role as role4_4_ from user user0_ where user0_.email=?
Hibernate: select quiz0_.quiz_id as quiz_id1_1_, quiz0_.text as text2_1_, quiz0_.title as title3_1_, quiz0_.userid as userid4_1_ from quiz quiz0_ order by QUIZ_ID limit ?
Hibernate: select user0_.user_id as user_id1_4_0_, user0_.email as email2_4_0_, user0_.password as password3_4_0_, user0_.role as role4_4_0_ from user user0_ where user0_.user_id=?
Hibernate: select user0_.user_id as user_id1_4_0_, user0_.email as email2_4_0_, user0_.password as password3_4_0_, user0_.role as role4_4_0_ from user user0_ where user0_.user_id=?
Hibernate: select options0_.quiz_quiz_id as quiz_qui1_3_0_, options0_.options as options2_3_0_ from quiz_options options0_ where options0_.quiz_quiz_id=?
Hibernate: select options0_.quiz_quiz_id as quiz_qui1_3_0_, options0_.options as options2_3_0_ from quiz_options options0_ where options0_.quiz_quiz_id=?
?[1;31m
Start test 45?[0m
Hibernate: select user0_.user_id as user_id1_4_, user0_.email as email2_4_, user0_.password as password3_4_, user0_.role as role4_4_ from user user0_ where user0_.email=?
Hibernate: select quiz0_.quiz_id as quiz_id1_1_, quiz0_.text as text2_1_, quiz0_.title as title3_1_, quiz0_.userid as userid4_1_ from quiz quiz0_ order by QUIZ_ID limit ?
Hibernate: select user0_.user_id as user_id1_4_0_, user0_.email as email2_4_0_, user0_.password as password3_4_0_, user0_.role as role4_4_0_ from user user0_ where user0_.user_id=?
Hibernate: select user0_.user_id as user_id1_4_0_, user0_.email as email2_4_0_, user0_.password as password3_4_0_, user0_.role as role4_4_0_ from user user0_ where user0_.user_id=?
Hibernate: select options0_.quiz_quiz_id as quiz_qui1_3_0_, options0_.options as options2_3_0_ from quiz_options options0_ where options0_.quiz_quiz_id=?
Hibernate: select options0_.quiz_quiz_id as quiz_qui1_3_0_, options0_.options as options2_3_0_ from quiz_options options0_ where options0_.quiz_quiz_id=?
?[1;31m
Start test 46?[0m
2021-10-17 11:30:42.251  INFO 20204 --- [       Thread-6] o.s.s.concurrent.ThreadPoolTaskExecutor  : Shutting down ExecutorService 'applicationTaskExecutor'
2021-10-17 11:30:42.251  INFO 20204 --- [       Thread-6] j.LocalContainerEntityManagerFactoryBean : Closing JPA EntityManagerFactory for persistence unit 'default'
2021-10-17 11:30:42.251  INFO 20204 --- [       Thread-6] com.zaxxer.hikari.HikariDataSource       : HikariPool-1 - Shutdown initiated...
2021-10-17 11:30:42.289  INFO 20204 --- [       Thread-6] com.zaxxer.hikari.HikariDataSource       : HikariPool-1 - Shutdown completed.
  _____     ____    ___    _____     ____    ___    
 |  __ \   / __ \  |__ \  |  __ \   / __ \  |__ \   
 | |__) | | |  | |    ) | | |__) | | |  | |    ) |  
 |  _  /  | |  | |   / /  |  _  /  | |  | |   / /   
 | | \ \  | |__| |  / /_  | | \ \  | |__| |  / /_   
 |_|  \_\  \____/  |____| |_|  \_\  \____/  |____|  
                                                    
                                                    
2021-10-17 11:30:42.507  INFO 20204 --- [    Test worker] engine.WebQuizEngine                     : Starting WebQuizEngine on NB0588 with PID 20204 (started by BAlaktaa in C:\Users\BAlaktaa\IdeaProjects\Web Quiz Engine\Web Quiz Engine\task)
2021-10-17 11:30:42.507  INFO 20204 --- [    Test worker] engine.WebQuizEngine                     : No active profile set, falling back to default profiles: default
2021-10-17 11:30:42.821  INFO 20204 --- [    Test worker] .s.d.r.c.RepositoryConfigurationDelegate : Bootstrapping Spring Data JPA repositories in DEFAULT mode.
2021-10-17 11:30:42.837  INFO 20204 --- [    Test worker] .s.d.r.c.RepositoryConfigurationDelegate : Finished Spring Data repository scanning in 10ms. Found 3 JPA repository interfaces.
2021-10-17 11:30:42.890  INFO 20204 --- [    Test worker] trationDelegate$BeanPostProcessorChecker : Bean 'org.springframework.transaction.annotation.ProxyTransactionManagementConfiguration' of type [org.springframework.transaction.annotation.ProxyTransactionManagementConfiguration] is not eligible for getting processed by all BeanPostProcessors (for example: not eligible for auto-proxying)
2021-10-17 11:30:42.906  WARN 20204 --- [    Test worker] org.apache.tomcat.util.modeler.Registry  : The MBean registry cannot be disabled because it has already been initialised
2021-10-17 11:30:42.921  INFO 20204 --- [    Test worker] o.s.b.w.embedded.tomcat.TomcatWebServer  : Tomcat initialized with port(s): 8080 (http)
2021-10-17 11:30:42.921  INFO 20204 --- [    Test worker] o.apache.catalina.core.StandardService   : Starting service [Tomcat]
2021-10-17 11:30:42.921  INFO 20204 --- [    Test worker] org.apache.catalina.core.StandardEngine  : Starting Servlet engine: [Apache Tomcat/9.0.29]
2021-10-17 11:30:42.975  INFO 20204 --- [    Test worker] org.apache.jasper.servlet.TldScanner     : At least one JAR was scanned for TLDs yet contained no TLDs. Enable debug logging for this logger for a complete list of JARs that were scanned but no TLDs were found in them. Skipping unneeded JARs during scanning can improve startup time and JSP compilation time.
2021-10-17 11:30:42.975  INFO 20204 --- [    Test worker] o.a.c.c.C.[Tomcat].[localhost].[/]       : Initializing Spring embedded WebApplicationContext
2021-10-17 11:30:42.975  INFO 20204 --- [    Test worker] o.s.web.context.ContextLoader            : Root WebApplicationContext: initialization completed in 468 ms
2021-10-17 11:30:43.022  INFO 20204 --- [    Test worker] com.zaxxer.hikari.HikariDataSource       : HikariPool-2 - Starting...
2021-10-17 11:30:43.022  INFO 20204 --- [    Test worker] com.zaxxer.hikari.HikariDataSource       : HikariPool-2 - Start completed.
2021-10-17 11:30:43.022  INFO 20204 --- [    Test worker] o.s.b.a.h2.H2ConsoleAutoConfiguration    : H2 console available at '/h2-console'. Database available at 'jdbc:h2:file:../quizdb'
2021-10-17 11:30:43.106  INFO 20204 --- [    Test worker] o.hibernate.jpa.internal.util.LogHelper  : HHH000204: Processing PersistenceUnitInfo [name: default]
2021-10-17 11:30:43.106  INFO 20204 --- [    Test worker] org.hibernate.dialect.Dialect            : HHH000400: Using dialect: org.hibernate.dialect.H2Dialect
2021-10-17 11:30:43.206  INFO 20204 --- [    Test worker] o.h.e.t.j.p.i.JtaPlatformInitiator       : HHH000490: Using JtaPlatform implementation: [org.hibernate.engine.transaction.jta.platform.internal.NoJtaPlatform]
2021-10-17 11:30:43.206  INFO 20204 --- [    Test worker] j.LocalContainerEntityManagerFactoryBean : Initialized JPA EntityManagerFactory for persistence unit 'default'
2021-10-17 11:30:43.275  WARN 20204 --- [    Test worker] JpaBaseConfiguration$JpaWebConfiguration : spring.jpa.open-in-view is enabled by default. Therefore, database queries may be performed during view rendering. Explicitly configure spring.jpa.open-in-view to disable this warning
2021-10-17 11:30:43.376  INFO 20204 --- [    Test worker] o.s.b.a.e.web.EndpointLinksResolver      : Exposing 14 endpoint(s) beneath base path '/actuator'
2021-10-17 11:30:43.476  INFO 20204 --- [    Test worker] o.s.b.a.w.s.WelcomePageHandlerMapping    : Adding welcome page: class path resource [static/index.html]
2021-10-17 11:30:43.507  INFO 20204 --- [    Test worker] o.s.s.web.DefaultSecurityFilterChain     : Creating filter chain: any request, [org.springframework.security.web.context.request.async.WebAsyncManagerIntegrationFilter@140e4aaf, org.springframework.security.web.context.SecurityContextPersistenceFilter@37ef31e4, org.springframework.security.web.header.HeaderWriterFilter@12132094, org.springframework.security.web.authentication.logout.LogoutFilter@f581247, org.springframework.security.web.authentication.www.BasicAuthenticationFilter@5584c485, org.springframework.security.web.savedrequest.RequestCacheAwareFilter@15d1895f, org.springframework.security.web.servletapi.SecurityContextHolderAwareRequestFilter@1e4d0cf1, org.springframework.security.web.authentication.AnonymousAuthenticationFilter@45588eef, org.springframework.security.web.session.SessionManagementFilter@76653034, org.springframework.security.web.access.ExceptionTranslationFilter@5a8f0264, org.springframework.security.web.access.intercept.FilterSecurityInterceptor@2e852d9e]
2021-10-17 11:30:43.523  INFO 20204 --- [    Test worker] o.s.s.concurrent.ThreadPoolTaskExecutor  : Initializing ExecutorService 'applicationTaskExecutor'
2021-10-17 11:30:43.692  INFO 20204 --- [    Test worker] o.s.b.w.embedded.tomcat.TomcatWebServer  : Tomcat started on port(s): 8080 (http) with context path ''
2021-10-17 11:30:43.692  INFO 20204 --- [    Test worker] engine.WebQuizEngine                     : Started WebQuizEngine in 1.212 seconds (JVM running for 11.951)
?[1;31m
Start test 47?[0m
2021-10-17 11:30:43.708  INFO 20204 --- [nio-8080-exec-1] o.a.c.c.C.[Tomcat].[localhost].[/]       : Initializing Spring DispatcherServlet 'dispatcherServlet'
2021-10-17 11:30:43.708  INFO 20204 --- [nio-8080-exec-1] o.s.web.servlet.DispatcherServlet        : Initializing Servlet 'dispatcherServlet'
2021-10-17 11:30:43.708  INFO 20204 --- [nio-8080-exec-1] o.s.web.servlet.DispatcherServlet        : Completed initialization in 0 ms
Hibernate: select user0_.user_id as user_id1_4_, user0_.email as email2_4_, user0_.password as password3_4_, user0_.role as role4_4_ from user user0_ where user0_.email=?
Hibernate: select quiz0_.quiz_id as quiz_id1_1_, quiz0_.text as text2_1_, quiz0_.title as title3_1_, quiz0_.userid as userid4_1_ from quiz quiz0_ order by QUIZ_ID limit ?
Hibernate: select user0_.user_id as user_id1_4_0_, user0_.email as email2_4_0_, user0_.password as password3_4_0_, user0_.role as role4_4_0_ from user user0_ where user0_.user_id=?
Hibernate: select user0_.user_id as user_id1_4_0_, user0_.email as email2_4_0_, user0_.password as password3_4_0_, user0_.role as role4_4_0_ from user user0_ where user0_.user_id=?
Hibernate: select options0_.quiz_quiz_id as quiz_qui1_3_0_, options0_.options as options2_3_0_ from quiz_options options0_ where options0_.quiz_quiz_id=?
Hibernate: select options0_.quiz_quiz_id as quiz_qui1_3_0_, options0_.options as options2_3_0_ from quiz_options options0_ where options0_.quiz_quiz_id=?
?[1;31m
Start test 48?[0m
Hibernate: select user0_.user_id as user_id1_4_, user0_.email as email2_4_, user0_.password as password3_4_, user0_.role as role4_4_ from user user0_ where user0_.email=?
Hibernate: select quiz0_.quiz_id as quiz_id1_1_, quiz0_.text as text2_1_, quiz0_.title as title3_1_, quiz0_.userid as userid4_1_ from quiz quiz0_ order by QUIZ_ID limit ?
Hibernate: select user0_.user_id as user_id1_4_0_, user0_.email as email2_4_0_, user0_.password as password3_4_0_, user0_.role as role4_4_0_ from user user0_ where user0_.user_id=?
Hibernate: select user0_.user_id as user_id1_4_0_, user0_.email as email2_4_0_, user0_.password as password3_4_0_, user0_.role as role4_4_0_ from user user0_ where user0_.user_id=?
Hibernate: select options0_.quiz_quiz_id as quiz_qui1_3_0_, options0_.options as options2_3_0_ from quiz_options options0_ where options0_.quiz_quiz_id=?
Hibernate: select options0_.quiz_quiz_id as quiz_qui1_3_0_, options0_.options as options2_3_0_ from quiz_options options0_ where options0_.quiz_quiz_id=?
?[1;31m
Start test 49?[0m
Hibernate: select user0_.user_id as user_id1_4_, user0_.email as email2_4_, user0_.password as password3_4_, user0_.role as role4_4_ from user user0_ where user0_.email=?
Hibernate: select quiz0_.quiz_id as quiz_id1_1_0_, quiz0_.text as text2_1_0_, quiz0_.title as title3_1_0_, quiz0_.userid as userid4_1_0_, user1_.user_id as user_id1_4_1_, user1_.email as email2_4_1_, user1_.password as password3_4_1_, user1_.role as role4_4_1_ from quiz quiz0_ left outer join user user1_ on quiz0_.userid=user1_.user_id where quiz0_.quiz_id=?
Hibernate: select user0_.user_id as user_id1_4_, user0_.email as email2_4_, user0_.password as password3_4_, user0_.role as role4_4_ from user user0_ where user0_.email=?
Hibernate: select answer0_.quiz_quiz_id as quiz_qui1_2_0_, answer0_.answer as answer2_2_0_ from quiz_answer answer0_ where answer0_.quiz_quiz_id=?
Hibernate: call next value for hibernate_sequence
Hibernate: insert into completion (completed_at, quiz_id, user_id, id) values (?, ?, ?, ?)
?[1;31m
Start test 50?[0m
Hibernate: select user0_.user_id as user_id1_4_, user0_.email as email2_4_, user0_.password as password3_4_, user0_.role as role4_4_ from user user0_ where user0_.email=?
Hibernate: select quiz0_.quiz_id as quiz_id1_1_0_, quiz0_.text as text2_1_0_, quiz0_.title as title3_1_0_, quiz0_.userid as userid4_1_0_, user1_.user_id as user_id1_4_1_, user1_.email as email2_4_1_, user1_.password as password3_4_1_, user1_.role as role4_4_1_ from quiz quiz0_ left outer join user user1_ on quiz0_.userid=user1_.user_id where quiz0_.quiz_id=?
Hibernate: select user0_.user_id as user_id1_4_, user0_.email as email2_4_, user0_.password as password3_4_, user0_.role as role4_4_ from user user0_ where user0_.email=?
Hibernate: select answer0_.quiz_quiz_id as quiz_qui1_2_0_, answer0_.answer as answer2_2_0_ from quiz_answer answer0_ where answer0_.quiz_quiz_id=?
?[1;31m
Start test 51?[0m
Hibernate: select user0_.user_id as user_id1_4_, user0_.email as email2_4_, user0_.password as password3_4_, user0_.role as role4_4_ from user user0_ where user0_.email=?
Hibernate: select quiz0_.quiz_id as quiz_id1_1_0_, quiz0_.text as text2_1_0_, quiz0_.title as title3_1_0_, quiz0_.userid as userid4_1_0_, user1_.user_id as user_id1_4_1_, user1_.email as email2_4_1_, user1_.password as password3_4_1_, user1_.role as role4_4_1_ from quiz quiz0_ left outer join user user1_ on quiz0_.userid=user1_.user_id where quiz0_.quiz_id=?
Hibernate: select user0_.user_id as user_id1_4_, user0_.email as email2_4_, user0_.password as password3_4_, user0_.role as role4_4_ from user user0_ where user0_.email=?
Hibernate: select answer0_.quiz_quiz_id as quiz_qui1_2_0_, answer0_.answer as answer2_2_0_ from quiz_answer answer0_ where answer0_.quiz_quiz_id=?
?[1;31m
Start test 52?[0m
Hibernate: select user0_.user_id as user_id1_4_, user0_.email as email2_4_, user0_.password as password3_4_, user0_.role as role4_4_ from user user0_ where user0_.email=?
Hibernate: select quiz0_.quiz_id as quiz_id1_1_0_, quiz0_.text as text2_1_0_, quiz0_.title as title3_1_0_, quiz0_.userid as userid4_1_0_, user1_.user_id as user_id1_4_1_, user1_.email as email2_4_1_, user1_.password as password3_4_1_, user1_.role as role4_4_1_ from quiz quiz0_ left outer join user user1_ on quiz0_.userid=user1_.user_id where quiz0_.quiz_id=?
Hibernate: select user0_.user_id as user_id1_4_, user0_.email as email2_4_, user0_.password as password3_4_, user0_.role as role4_4_ from user user0_ where user0_.email=?
Hibernate: select answer0_.quiz_quiz_id as quiz_qui1_2_0_, answer0_.answer as answer2_2_0_ from quiz_answer answer0_ where answer0_.quiz_quiz_id=?
Hibernate: call next value for hibernate_sequence
Hibernate: insert into completion (completed_at, quiz_id, user_id, id) values (?, ?, ?, ?)
?[1;31m
Start test 53?[0m
Hibernate: select user0_.user_id as user_id1_4_, user0_.email as email2_4_, user0_.password as password3_4_, user0_.role as role4_4_ from user user0_ where user0_.email=?
Hibernate: select user0_.user_id as user_id1_4_, user0_.email as email2_4_, user0_.password as password3_4_, user0_.role as role4_4_ from user user0_ where user0_.email=?
Hibernate: select distinct completion0_.quiz_id as col_0_0_, completion0_.completed_at as col_1_0_ from completion completion0_ cross join user user1_ where completion0_.user_id=user1_.user_id and user1_.email=? order by completion0_.completed_at desc limit ?
?[1;31m
Start test 54?[0m
Hibernate: select user0_.user_id as user_id1_4_, user0_.email as email2_4_, user0_.password as password3_4_, user0_.role as role4_4_ from user user0_ where user0_.email=?
Hibernate: select user0_.user_id as user_id1_4_, user0_.email as email2_4_, user0_.password as password3_4_, user0_.role as role4_4_ from user user0_ where user0_.email=?
Hibernate: select distinct completion0_.quiz_id as col_0_0_, completion0_.completed_at as col_1_0_ from completion completion0_ cross join user user1_ where completion0_.user_id=user1_.user_id and user1_.email=? order by completion0_.completed_at desc limit ?
?[1;31m
Start test 55?[0m
Hibernate: select user0_.user_id as user_id1_4_, user0_.email as email2_4_, user0_.password as password3_4_, user0_.role as role4_4_ from user user0_ where user0_.email=?
Hibernate: select user0_.user_id as user_id1_4_, user0_.email as email2_4_, user0_.password as password3_4_, user0_.role as role4_4_ from user user0_ where user0_.email=?
Hibernate: select distinct completion0_.quiz_id as col_0_0_, completion0_.completed_at as col_1_0_ from completion completion0_ cross join user user1_ where completion0_.user_id=user1_.user_id and user1_.email=? order by completion0_.completed_at desc limit ?
?[1;31m
Start test 56?[0m
Hibernate: select user0_.user_id as user_id1_4_, user0_.email as email2_4_, user0_.password as password3_4_, user0_.role as role4_4_ from user user0_ where user0_.email=?
Hibernate: select user0_.user_id as user_id1_4_, user0_.email as email2_4_, user0_.password as password3_4_, user0_.role as role4_4_ from user user0_ where user0_.email=?
Hibernate: select distinct completion0_.quiz_id as col_0_0_, completion0_.completed_at as col_1_0_ from completion completion0_ cross join user user1_ where completion0_.user_id=user1_.user_id and user1_.email=? order by completion0_.completed_at desc limit ?
?[1;31m
Start test 57?[0m
Hibernate: select user0_.user_id as user_id1_4_, user0_.email as email2_4_, user0_.password as password3_4_, user0_.role as role4_4_ from user user0_ where user0_.email=?
2021-10-17 11:30:44.571  WARN 20204 --- [nio-8080-exec-1] .w.s.m.s.DefaultHandlerExceptionResolver : Resolved [org.springframework.http.converter.HttpMessageNotReadableException: JSON parse error: Unexpected character ('"' (code 34)): was expecting comma to separate Object entries; nested exception is com.fasterxml.jackson.core.JsonParseException: Unexpected character ('"' (code 34)): was expecting comma to separate Object entries
 at [Source: (PushbackInputStream); line: 4, column: 4]]
?[1;31m
Start test 58?[0m
Hibernate: select user0_.user_id as user_id1_4_, user0_.email as email2_4_, user0_.password as password3_4_, user0_.role as role4_4_ from user user0_ where user0_.email=?
2021-10-17 11:30:44.641  WARN 20204 --- [nio-8080-exec-2] .w.s.m.s.DefaultHandlerExceptionResolver : Resolved [org.springframework.http.converter.HttpMessageNotReadableException: JSON parse error: Unexpected character ('"' (code 34)): was expecting comma to separate Object entries; nested exception is com.fasterxml.jackson.core.JsonParseException: Unexpected character ('"' (code 34)): was expecting comma to separate Object entries
 at [Source: (PushbackInputStream); line: 5, column: 4]]
?[1;31m
Start test 59?[0m
Hibernate: select user0_.user_id as user_id1_4_, user0_.email as email2_4_, user0_.password as password3_4_, user0_.role as role4_4_ from user user0_ where user0_.email=?
2021-10-17 11:30:44.694  WARN 20204 --- [nio-8080-exec-3] .w.s.m.s.DefaultHandlerExceptionResolver : Resolved [org.springframework.http.converter.HttpMessageNotReadableException: JSON parse error: Unexpected character ('"' (code 34)): was expecting comma to separate Object entries; nested exception is com.fasterxml.jackson.core.JsonParseException: Unexpected character ('"' (code 34)): was expecting comma to separate Object entries
 at [Source: (PushbackInputStream); line: 4, column: 4]]
?[1;31m
Start test 60?[0m
Hibernate: select user0_.user_id as user_id1_4_, user0_.email as email2_4_, user0_.password as password3_4_, user0_.role as role4_4_ from user user0_ where user0_.email=?
2021-10-17 11:30:44.772  WARN 20204 --- [nio-8080-exec-4] .w.s.m.s.DefaultHandlerExceptionResolver : Resolved [org.springframework.http.converter.HttpMessageNotReadableException: JSON parse error: Unexpected character ('"' (code 34)): was expecting comma to separate Object entries; nested exception is com.fasterxml.jackson.core.JsonParseException: Unexpected character ('"' (code 34)): was expecting comma to separate Object entries
 at [Source: (PushbackInputStream); line: 5, column: 4]]
?[1;31m
Start test 61?[0m
Hibernate: select user0_.user_id as user_id1_4_, user0_.email as email2_4_, user0_.password as password3_4_, user0_.role as role4_4_ from user user0_ where user0_.email=?
2021-10-17 11:30:44.841  WARN 20204 --- [nio-8080-exec-5] .w.s.m.s.DefaultHandlerExceptionResolver : Resolved [org.springframework.web.bind.MethodArgumentNotValidException: Validation failed for argument [0] in public java.lang.Object engine.controller.QuizController.addQuiz(engine.model.Quiz): [Field error in object 'quiz' on field 'options': rejected value [null]; codes [NotEmpty.quiz.options,NotEmpty.options,NotEmpty.java.util.List,NotEmpty]; arguments [org.springframework.context.support.DefaultMessageSourceResolvable: codes [quiz.options,options]; arguments []; default message [options]]; default message [must not be empty]] ]
?[1;31m
Start test 62?[0m
Hibernate: select user0_.user_id as user_id1_4_, user0_.email as email2_4_, user0_.password as password3_4_, user0_.role as role4_4_ from user user0_ where user0_.email=?
2021-10-17 11:30:44.910  WARN 20204 --- [nio-8080-exec-6] .w.s.m.s.DefaultHandlerExceptionResolver : Resolved [org.springframework.http.converter.HttpMessageNotReadableException: JSON parse error: Unexpected character ('"' (code 34)): was expecting comma to separate Object entries; nested exception is com.fasterxml.jackson.core.JsonParseException: Unexpected character ('"' (code 34)): was expecting comma to separate Object entries
 at [Source: (PushbackInputStream); line: 5, column: 4]]
?[1;31m
Start test 63?[0m
Hibernate: select user0_.user_id as user_id1_4_, user0_.email as email2_4_, user0_.password as password3_4_, user0_.role as role4_4_ from user user0_ where user0_.email=?
2021-10-17 11:30:44.978  WARN 20204 --- [nio-8080-exec-7] .w.s.m.s.DefaultHandlerExceptionResolver : Resolved [org.springframework.http.converter.HttpMessageNotReadableException: JSON parse error: Unexpected character ('"' (code 34)): was expecting comma to separate Object entries; nested exception is com.fasterxml.jackson.core.JsonParseException: Unexpected character ('"' (code 34)): was expecting comma to separate Object entries
 at [Source: (PushbackInputStream); line: 5, column: 4]]
?[1;31m
Start test 64?[0m
Hibernate: select user0_.user_id as user_id1_4_, user0_.email as email2_4_, user0_.password as password3_4_, user0_.role as role4_4_ from user user0_ where user0_.email=?
Hibernate: select user0_.user_id as user_id1_4_, user0_.email as email2_4_, user0_.password as password3_4_, user0_.role as role4_4_ from user user0_ where user0_.email=?
Hibernate: call next value for hibernate_sequence
Hibernate: insert into quiz (text, title, userid, quiz_id) values (?, ?, ?, ?)
Hibernate: insert into quiz_answer (quiz_quiz_id, answer) values (?, ?)
Hibernate: insert into quiz_answer (quiz_quiz_id, answer) values (?, ?)
Hibernate: insert into quiz_options (quiz_quiz_id, options) values (?, ?)
Hibernate: insert into quiz_options (quiz_quiz_id, options) values (?, ?)
Hibernate: insert into quiz_options (quiz_quiz_id, options) values (?, ?)
Hibernate: insert into quiz_options (quiz_quiz_id, options) values (?, ?)
?[1;31m
Start test 65?[0m
Hibernate: select user0_.user_id as user_id1_4_, user0_.email as email2_4_, user0_.password as password3_4_, user0_.role as role4_4_ from user user0_ where user0_.email=?
Hibernate: select quiz0_.quiz_id as quiz_id1_1_0_, quiz0_.text as text2_1_0_, quiz0_.title as title3_1_0_, quiz0_.userid as userid4_1_0_, user1_.user_id as user_id1_4_1_, user1_.email as email2_4_1_, user1_.password as password3_4_1_, user1_.role as role4_4_1_ from quiz quiz0_ left outer join user user1_ on quiz0_.userid=user1_.user_id where quiz0_.quiz_id=?
Hibernate: select options0_.quiz_quiz_id as quiz_qui1_3_0_, options0_.options as options2_3_0_ from quiz_options options0_ where options0_.quiz_quiz_id=?
?[1;31m
Start test 66?[0m
Hibernate: select user0_.user_id as user_id1_4_, user0_.email as email2_4_, user0_.password as password3_4_, user0_.role as role4_4_ from user user0_ where user0_.email=?
Hibernate: select quiz0_.quiz_id as quiz_id1_1_0_, quiz0_.text as text2_1_0_, quiz0_.title as title3_1_0_, quiz0_.userid as userid4_1_0_, user1_.user_id as user_id1_4_1_, user1_.email as email2_4_1_, user1_.password as password3_4_1_, user1_.role as role4_4_1_ from quiz quiz0_ left outer join user user1_ on quiz0_.userid=user1_.user_id where quiz0_.quiz_id=?
?[1;31m
Start test 67?[0m
Hibernate: select user0_.user_id as user_id1_4_, user0_.email as email2_4_, user0_.password as password3_4_, user0_.role as role4_4_ from user user0_ where user0_.email=?
Hibernate: select quiz0_.quiz_id as quiz_id1_1_0_, quiz0_.text as text2_1_0_, quiz0_.title as title3_1_0_, quiz0_.userid as userid4_1_0_, user1_.user_id as user_id1_4_1_, user1_.email as email2_4_1_, user1_.password as password3_4_1_, user1_.role as role4_4_1_ from quiz quiz0_ left outer join user user1_ on quiz0_.userid=user1_.user_id where quiz0_.quiz_id=?
Hibernate: select user0_.user_id as user_id1_4_, user0_.email as email2_4_, user0_.password as password3_4_, user0_.role as role4_4_ from user user0_ where user0_.email=?
Hibernate: select answer0_.quiz_quiz_id as quiz_qui1_2_0_, answer0_.answer as answer2_2_0_ from quiz_answer answer0_ where answer0_.quiz_quiz_id=?
?[1;31m
Start test 68?[0m
Hibernate: select user0_.user_id as user_id1_4_, user0_.email as email2_4_, user0_.password as password3_4_, user0_.role as role4_4_ from user user0_ where user0_.email=?
Hibernate: select quiz0_.quiz_id as quiz_id1_1_0_, quiz0_.text as text2_1_0_, quiz0_.title as title3_1_0_, quiz0_.userid as userid4_1_0_, user1_.user_id as user_id1_4_1_, user1_.email as email2_4_1_, user1_.password as password3_4_1_, user1_.role as role4_4_1_ from quiz quiz0_ left outer join user user1_ on quiz0_.userid=user1_.user_id where quiz0_.quiz_id=?
Hibernate: select user0_.user_id as user_id1_4_, user0_.email as email2_4_, user0_.password as password3_4_, user0_.role as role4_4_ from user user0_ where user0_.email=?
Hibernate: select answer0_.quiz_quiz_id as quiz_qui1_2_0_, answer0_.answer as answer2_2_0_ from quiz_answer answer0_ where answer0_.quiz_quiz_id=?
?[1;31m
Start test 69?[0m
Hibernate: select user0_.user_id as user_id1_4_, user0_.email as email2_4_, user0_.password as password3_4_, user0_.role as role4_4_ from user user0_ where user0_.email=?
Hibernate: select quiz0_.quiz_id as quiz_id1_1_0_, quiz0_.text as text2_1_0_, quiz0_.title as title3_1_0_, quiz0_.userid as userid4_1_0_, user1_.user_id as user_id1_4_1_, user1_.email as email2_4_1_, user1_.password as password3_4_1_, user1_.role as role4_4_1_ from quiz quiz0_ left outer join user user1_ on quiz0_.userid=user1_.user_id where quiz0_.quiz_id=?
Hibernate: select user0_.user_id as user_id1_4_, user0_.email as email2_4_, user0_.password as password3_4_, user0_.role as role4_4_ from user user0_ where user0_.email=?
Hibernate: select answer0_.quiz_quiz_id as quiz_qui1_2_0_, answer0_.answer as answer2_2_0_ from quiz_answer answer0_ where answer0_.quiz_quiz_id=?
?[1;31m
Start test 70?[0m
Hibernate: select user0_.user_id as user_id1_4_, user0_.email as email2_4_, user0_.password as password3_4_, user0_.role as role4_4_ from user user0_ where user0_.email=?
Hibernate: select quiz0_.quiz_id as quiz_id1_1_0_, quiz0_.text as text2_1_0_, quiz0_.title as title3_1_0_, quiz0_.userid as userid4_1_0_, user1_.user_id as user_id1_4_1_, user1_.email as email2_4_1_, user1_.password as password3_4_1_, user1_.role as role4_4_1_ from quiz quiz0_ left outer join user user1_ on quiz0_.userid=user1_.user_id where quiz0_.quiz_id=?
Hibernate: select user0_.user_id as user_id1_4_, user0_.email as email2_4_, user0_.password as password3_4_, user0_.role as role4_4_ from user user0_ where user0_.email=?
Hibernate: select answer0_.quiz_quiz_id as quiz_qui1_2_0_, answer0_.answer as answer2_2_0_ from quiz_answer answer0_ where answer0_.quiz_quiz_id=?
?[1;31m
Start test 71?[0m
Hibernate: select user0_.user_id as user_id1_4_, user0_.email as email2_4_, user0_.password as password3_4_, user0_.role as role4_4_ from user user0_ where user0_.email=?
Hibernate: select quiz0_.quiz_id as quiz_id1_1_0_, quiz0_.text as text2_1_0_, quiz0_.title as title3_1_0_, quiz0_.userid as userid4_1_0_, user1_.user_id as user_id1_4_1_, user1_.email as email2_4_1_, user1_.password as password3_4_1_, user1_.role as role4_4_1_ from quiz quiz0_ left outer join user user1_ on quiz0_.userid=user1_.user_id where quiz0_.quiz_id=?
Hibernate: select user0_.user_id as user_id1_4_, user0_.email as email2_4_, user0_.password as password3_4_, user0_.role as role4_4_ from user user0_ where user0_.email=?
Hibernate: select answer0_.quiz_quiz_id as quiz_qui1_2_0_, answer0_.answer as answer2_2_0_ from quiz_answer answer0_ where answer0_.quiz_quiz_id=?
?[1;31m
Start test 72?[0m
Hibernate: select user0_.user_id as user_id1_4_, user0_.email as email2_4_, user0_.password as password3_4_, user0_.role as role4_4_ from user user0_ where user0_.email=?
Hibernate: select quiz0_.quiz_id as quiz_id1_1_0_, quiz0_.text as text2_1_0_, quiz0_.title as title3_1_0_, quiz0_.userid as userid4_1_0_, user1_.user_id as user_id1_4_1_, user1_.email as email2_4_1_, user1_.password as password3_4_1_, user1_.role as role4_4_1_ from quiz quiz0_ left outer join user user1_ on quiz0_.userid=user1_.user_id where quiz0_.quiz_id=?
Hibernate: select user0_.user_id as user_id1_4_, user0_.email as email2_4_, user0_.password as password3_4_, user0_.role as role4_4_ from user user0_ where user0_.email=?
Hibernate: select answer0_.quiz_quiz_id as quiz_qui1_2_0_, answer0_.answer as answer2_2_0_ from quiz_answer answer0_ where answer0_.quiz_quiz_id=?
Hibernate: call next value for hibernate_sequence
Hibernate: insert into completion (completed_at, quiz_id, user_id, id) values (?, ?, ?, ?)
?[1;31m
Start test 73?[0m
Hibernate: select user0_.user_id as user_id1_4_, user0_.email as email2_4_, user0_.password as password3_4_, user0_.role as role4_4_ from user user0_ where user0_.email=?
Hibernate: select quiz0_.quiz_id as quiz_id1_1_0_, quiz0_.text as text2_1_0_, quiz0_.title as title3_1_0_, quiz0_.userid as userid4_1_0_, user1_.user_id as user_id1_4_1_, user1_.email as email2_4_1_, user1_.password as password3_4_1_, user1_.role as role4_4_1_ from quiz quiz0_ left outer join user user1_ on quiz0_.userid=user1_.user_id where quiz0_.quiz_id=?
Hibernate: select user0_.user_id as user_id1_4_, user0_.email as email2_4_, user0_.password as password3_4_, user0_.role as role4_4_ from user user0_ where user0_.email=?
Hibernate: select answer0_.quiz_quiz_id as quiz_qui1_2_0_, answer0_.answer as answer2_2_0_ from quiz_answer answer0_ where answer0_.quiz_quiz_id=?
?[1;31m
Start test 74?[0m
Hibernate: select user0_.user_id as user_id1_4_, user0_.email as email2_4_, user0_.password as password3_4_, user0_.role as role4_4_ from user user0_ where user0_.email=?
Hibernate: select quiz0_.quiz_id as quiz_id1_1_0_, quiz0_.text as text2_1_0_, quiz0_.title as title3_1_0_, quiz0_.userid as userid4_1_0_, user1_.user_id as user_id1_4_1_, user1_.email as email2_4_1_, user1_.password as password3_4_1_, user1_.role as role4_4_1_ from quiz quiz0_ left outer join user user1_ on quiz0_.userid=user1_.user_id where quiz0_.quiz_id=?
Hibernate: select user0_.user_id as user_id1_4_, user0_.email as email2_4_, user0_.password as password3_4_, user0_.role as role4_4_ from user user0_ where user0_.email=?
Hibernate: select answer0_.quiz_quiz_id as quiz_qui1_2_0_, answer0_.answer as answer2_2_0_ from quiz_answer answer0_ where answer0_.quiz_quiz_id=?
?[1;31m
Start test 75?[0m
Hibernate: select user0_.user_id as user_id1_4_, user0_.email as email2_4_, user0_.password as password3_4_, user0_.role as role4_4_ from user user0_ where user0_.email=?
Hibernate: select quiz0_.quiz_id as quiz_id1_1_0_, quiz0_.text as text2_1_0_, quiz0_.title as title3_1_0_, quiz0_.userid as userid4_1_0_, user1_.user_id as user_id1_4_1_, user1_.email as email2_4_1_, user1_.password as password3_4_1_, user1_.role as role4_4_1_ from quiz quiz0_ left outer join user user1_ on quiz0_.userid=user1_.user_id where quiz0_.quiz_id=?
Hibernate: select user0_.user_id as user_id1_4_, user0_.email as email2_4_, user0_.password as password3_4_, user0_.role as role4_4_ from user user0_ where user0_.email=?
Hibernate: select answer0_.quiz_quiz_id as quiz_qui1_2_0_, answer0_.answer as answer2_2_0_ from quiz_answer answer0_ where answer0_.quiz_quiz_id=?
?[1;31m
Start test 76?[0m
Hibernate: select user0_.user_id as user_id1_4_, user0_.email as email2_4_, user0_.password as password3_4_, user0_.role as role4_4_ from user user0_ where user0_.email=?
Hibernate: select quiz0_.quiz_id as quiz_id1_1_0_, quiz0_.text as text2_1_0_, quiz0_.title as title3_1_0_, quiz0_.userid as userid4_1_0_, user1_.user_id as user_id1_4_1_, user1_.email as email2_4_1_, user1_.password as password3_4_1_, user1_.role as role4_4_1_ from quiz quiz0_ left outer join user user1_ on quiz0_.userid=user1_.user_id where quiz0_.quiz_id=?
Hibernate: select user0_.user_id as user_id1_4_, user0_.email as email2_4_, user0_.password as password3_4_, user0_.role as role4_4_ from user user0_ where user0_.email=?
Hibernate: select answer0_.quiz_quiz_id as quiz_qui1_2_0_, answer0_.answer as answer2_2_0_ from quiz_answer answer0_ where answer0_.quiz_quiz_id=?
?[1;31m
Start test 77?[0m
Hibernate: select user0_.user_id as user_id1_4_, user0_.email as email2_4_, user0_.password as password3_4_, user0_.role as role4_4_ from user user0_ where user0_.email=?
Hibernate: select quiz0_.quiz_id as quiz_id1_1_0_, quiz0_.text as text2_1_0_, quiz0_.title as title3_1_0_, quiz0_.userid as userid4_1_0_, user1_.user_id as user_id1_4_1_, user1_.email as email2_4_1_, user1_.password as password3_4_1_, user1_.role as role4_4_1_ from quiz quiz0_ left outer join user user1_ on quiz0_.userid=user1_.user_id where quiz0_.quiz_id=?
Hibernate: select user0_.user_id as user_id1_4_, user0_.email as email2_4_, user0_.password as password3_4_, user0_.role as role4_4_ from user user0_ where user0_.email=?
Hibernate: select answer0_.quiz_quiz_id as quiz_qui1_2_0_, answer0_.answer as answer2_2_0_ from quiz_answer answer0_ where answer0_.quiz_quiz_id=?
?[1;31m
Start test 78?[0m
Hibernate: select user0_.user_id as user_id1_4_, user0_.email as email2_4_, user0_.password as password3_4_, user0_.role as role4_4_ from user user0_ where user0_.email=?
Hibernate: select quiz0_.quiz_id as quiz_id1_1_0_, quiz0_.text as text2_1_0_, quiz0_.title as title3_1_0_, quiz0_.userid as userid4_1_0_, user1_.user_id as user_id1_4_1_, user1_.email as email2_4_1_, user1_.password as password3_4_1_, user1_.role as role4_4_1_ from quiz quiz0_ left outer join user user1_ on quiz0_.userid=user1_.user_id where quiz0_.quiz_id=?
Hibernate: select user0_.user_id as user_id1_4_, user0_.email as email2_4_, user0_.password as password3_4_, user0_.role as role4_4_ from user user0_ where user0_.email=?
Hibernate: select answer0_.quiz_quiz_id as quiz_qui1_2_0_, answer0_.answer as answer2_2_0_ from quiz_answer answer0_ where answer0_.quiz_quiz_id=?
?[1;31m
Start test 79?[0m
Hibernate: select user0_.user_id as user_id1_4_, user0_.email as email2_4_, user0_.password as password3_4_, user0_.role as role4_4_ from user user0_ where user0_.email=?
Hibernate: select quiz0_.quiz_id as quiz_id1_1_0_, quiz0_.text as text2_1_0_, quiz0_.title as title3_1_0_, quiz0_.userid as userid4_1_0_, user1_.user_id as user_id1_4_1_, user1_.email as email2_4_1_, user1_.password as password3_4_1_, user1_.role as role4_4_1_ from quiz quiz0_ left outer join user user1_ on quiz0_.userid=user1_.user_id where quiz0_.quiz_id=?
Hibernate: select user0_.user_id as user_id1_4_, user0_.email as email2_4_, user0_.password as password3_4_, user0_.role as role4_4_ from user user0_ where user0_.email=?
Hibernate: select answer0_.quiz_quiz_id as quiz_qui1_2_0_, answer0_.answer as answer2_2_0_ from quiz_answer answer0_ where answer0_.quiz_quiz_id=?
?[1;31m
Start test 80?[0m
Hibernate: select user0_.user_id as user_id1_4_, user0_.email as email2_4_, user0_.password as password3_4_, user0_.role as role4_4_ from user user0_ where user0_.email=?
Hibernate: select quiz0_.quiz_id as quiz_id1_1_0_, quiz0_.text as text2_1_0_, quiz0_.title as title3_1_0_, quiz0_.userid as userid4_1_0_, user1_.user_id as user_id1_4_1_, user1_.email as email2_4_1_, user1_.password as password3_4_1_, user1_.role as role4_4_1_ from quiz quiz0_ left outer join user user1_ on quiz0_.userid=user1_.user_id where quiz0_.quiz_id=?
Hibernate: select user0_.user_id as user_id1_4_, user0_.email as email2_4_, user0_.password as password3_4_, user0_.role as role4_4_ from user user0_ where user0_.email=?
Hibernate: select answer0_.quiz_quiz_id as quiz_qui1_2_0_, answer0_.answer as answer2_2_0_ from quiz_answer answer0_ where answer0_.quiz_quiz_id=?
?[1;31m
Start test 81?[0m
Hibernate: select user0_.user_id as user_id1_4_, user0_.email as email2_4_, user0_.password as password3_4_, user0_.role as role4_4_ from user user0_ where user0_.email=?
Hibernate: select quiz0_.quiz_id as quiz_id1_1_0_, quiz0_.text as text2_1_0_, quiz0_.title as title3_1_0_, quiz0_.userid as userid4_1_0_, user1_.user_id as user_id1_4_1_, user1_.email as email2_4_1_, user1_.password as password3_4_1_, user1_.role as role4_4_1_ from quiz quiz0_ left outer join user user1_ on quiz0_.userid=user1_.user_id where quiz0_.quiz_id=?
Hibernate: select user0_.user_id as user_id1_4_, user0_.email as email2_4_, user0_.password as password3_4_, user0_.role as role4_4_ from user user0_ where user0_.email=?
Hibernate: select answer0_.quiz_quiz_id as quiz_qui1_2_0_, answer0_.answer as answer2_2_0_ from quiz_answer answer0_ where answer0_.quiz_quiz_id=?
?[1;31m
Start test 82?[0m
Hibernate: select user0_.user_id as user_id1_4_, user0_.email as email2_4_, user0_.password as password3_4_, user0_.role as role4_4_ from user user0_ where user0_.email=?
Hibernate: select user0_.user_id as user_id1_4_, user0_.email as email2_4_, user0_.password as password3_4_, user0_.role as role4_4_ from user user0_ where user0_.email=?
Hibernate: call next value for hibernate_sequence
Hibernate: insert into quiz (text, title, userid, quiz_id) values (?, ?, ?, ?)
Hibernate: insert into quiz_answer (quiz_quiz_id, answer) values (?, ?)
Hibernate: insert into quiz_answer (quiz_quiz_id, answer) values (?, ?)
Hibernate: insert into quiz_options (quiz_quiz_id, options) values (?, ?)
Hibernate: insert into quiz_options (quiz_quiz_id, options) values (?, ?)
Hibernate: insert into quiz_options (quiz_quiz_id, options) values (?, ?)
Hibernate: insert into quiz_options (quiz_quiz_id, options) values (?, ?)
?[1;31m
Start test 83?[0m
Hibernate: select user0_.user_id as user_id1_4_, user0_.email as email2_4_, user0_.password as password3_4_, user0_.role as role4_4_ from user user0_ where user0_.email=?
Hibernate: select quiz0_.quiz_id as quiz_id1_1_0_, quiz0_.text as text2_1_0_, quiz0_.title as title3_1_0_, quiz0_.userid as userid4_1_0_, user1_.user_id as user_id1_4_1_, user1_.email as email2_4_1_, user1_.password as password3_4_1_, user1_.role as role4_4_1_ from quiz quiz0_ left outer join user user1_ on quiz0_.userid=user1_.user_id where quiz0_.quiz_id=?
Hibernate: select options0_.quiz_quiz_id as quiz_qui1_3_0_, options0_.options as options2_3_0_ from quiz_options options0_ where options0_.quiz_quiz_id=?
?[1;31m
Start test 84?[0m
Hibernate: select user0_.user_id as user_id1_4_, user0_.email as email2_4_, user0_.password as password3_4_, user0_.role as role4_4_ from user user0_ where user0_.email=?
Hibernate: select quiz0_.quiz_id as quiz_id1_1_0_, quiz0_.text as text2_1_0_, quiz0_.title as title3_1_0_, quiz0_.userid as userid4_1_0_, user1_.user_id as user_id1_4_1_, user1_.email as email2_4_1_, user1_.password as password3_4_1_, user1_.role as role4_4_1_ from quiz quiz0_ left outer join user user1_ on quiz0_.userid=user1_.user_id where quiz0_.quiz_id=?
?[1;31m
Start test 85?[0m
Hibernate: select user0_.user_id as user_id1_4_, user0_.email as email2_4_, user0_.password as password3_4_, user0_.role as role4_4_ from user user0_ where user0_.email=?
Hibernate: select quiz0_.quiz_id as quiz_id1_1_0_, quiz0_.text as text2_1_0_, quiz0_.title as title3_1_0_, quiz0_.userid as userid4_1_0_, user1_.user_id as user_id1_4_1_, user1_.email as email2_4_1_, user1_.password as password3_4_1_, user1_.role as role4_4_1_ from quiz quiz0_ left outer join user user1_ on quiz0_.userid=user1_.user_id where quiz0_.quiz_id=?
Hibernate: select user0_.user_id as user_id1_4_, user0_.email as email2_4_, user0_.password as password3_4_, user0_.role as role4_4_ from user user0_ where user0_.email=?
Hibernate: select answer0_.quiz_quiz_id as quiz_qui1_2_0_, answer0_.answer as answer2_2_0_ from quiz_answer answer0_ where answer0_.quiz_quiz_id=?
?[1;31m
Start test 86?[0m
Hibernate: select user0_.user_id as user_id1_4_, user0_.email as email2_4_, user0_.password as password3_4_, user0_.role as role4_4_ from user user0_ where user0_.email=?
Hibernate: select quiz0_.quiz_id as quiz_id1_1_0_, quiz0_.text as text2_1_0_, quiz0_.title as title3_1_0_, quiz0_.userid as userid4_1_0_, user1_.user_id as user_id1_4_1_, user1_.email as email2_4_1_, user1_.password as password3_4_1_, user1_.role as role4_4_1_ from quiz quiz0_ left outer join user user1_ on quiz0_.userid=user1_.user_id where quiz0_.quiz_id=?
Hibernate: select user0_.user_id as user_id1_4_, user0_.email as email2_4_, user0_.password as password3_4_, user0_.role as role4_4_ from user user0_ where user0_.email=?
Hibernate: select answer0_.quiz_quiz_id as quiz_qui1_2_0_, answer0_.answer as answer2_2_0_ from quiz_answer answer0_ where answer0_.quiz_quiz_id=?
?[1;31m
Start test 87?[0m
Hibernate: select user0_.user_id as user_id1_4_, user0_.email as email2_4_, user0_.password as password3_4_, user0_.role as role4_4_ from user user0_ where user0_.email=?
Hibernate: select quiz0_.quiz_id as quiz_id1_1_0_, quiz0_.text as text2_1_0_, quiz0_.title as title3_1_0_, quiz0_.userid as userid4_1_0_, user1_.user_id as user_id1_4_1_, user1_.email as email2_4_1_, user1_.password as password3_4_1_, user1_.role as role4_4_1_ from quiz quiz0_ left outer join user user1_ on quiz0_.userid=user1_.user_id where quiz0_.quiz_id=?
Hibernate: select user0_.user_id as user_id1_4_, user0_.email as email2_4_, user0_.password as password3_4_, user0_.role as role4_4_ from user user0_ where user0_.email=?
Hibernate: select answer0_.quiz_quiz_id as quiz_qui1_2_0_, answer0_.answer as answer2_2_0_ from quiz_answer answer0_ where answer0_.quiz_quiz_id=?
?[1;31m
Start test 88?[0m
Hibernate: select user0_.user_id as user_id1_4_, user0_.email as email2_4_, user0_.password as password3_4_, user0_.role as role4_4_ from user user0_ where user0_.email=?
Hibernate: select quiz0_.quiz_id as quiz_id1_1_0_, quiz0_.text as text2_1_0_, quiz0_.title as title3_1_0_, quiz0_.userid as userid4_1_0_, user1_.user_id as user_id1_4_1_, user1_.email as email2_4_1_, user1_.password as password3_4_1_, user1_.role as role4_4_1_ from quiz quiz0_ left outer join user user1_ on quiz0_.userid=user1_.user_id where quiz0_.quiz_id=?
Hibernate: select user0_.user_id as user_id1_4_, user0_.email as email2_4_, user0_.password as password3_4_, user0_.role as role4_4_ from user user0_ where user0_.email=?
Hibernate: select answer0_.quiz_quiz_id as quiz_qui1_2_0_, answer0_.answer as answer2_2_0_ from quiz_answer answer0_ where answer0_.quiz_quiz_id=?
?[1;31m
Start test 89?[0m
Hibernate: select user0_.user_id as user_id1_4_, user0_.email as email2_4_, user0_.password as password3_4_, user0_.role as role4_4_ from user user0_ where user0_.email=?
Hibernate: select quiz0_.quiz_id as quiz_id1_1_0_, quiz0_.text as text2_1_0_, quiz0_.title as title3_1_0_, quiz0_.userid as userid4_1_0_, user1_.user_id as user_id1_4_1_, user1_.email as email2_4_1_, user1_.password as password3_4_1_, user1_.role as role4_4_1_ from quiz quiz0_ left outer join user user1_ on quiz0_.userid=user1_.user_id where quiz0_.quiz_id=?
Hibernate: select user0_.user_id as user_id1_4_, user0_.email as email2_4_, user0_.password as password3_4_, user0_.role as role4_4_ from user user0_ where user0_.email=?
Hibernate: select answer0_.quiz_quiz_id as quiz_qui1_2_0_, answer0_.answer as answer2_2_0_ from quiz_answer answer0_ where answer0_.quiz_quiz_id=?
?[1;31m
Start test 90?[0m
Hibernate: select user0_.user_id as user_id1_4_, user0_.email as email2_4_, user0_.password as password3_4_, user0_.role as role4_4_ from user user0_ where user0_.email=?
Hibernate: select quiz0_.quiz_id as quiz_id1_1_0_, quiz0_.text as text2_1_0_, quiz0_.title as title3_1_0_, quiz0_.userid as userid4_1_0_, user1_.user_id as user_id1_4_1_, user1_.email as email2_4_1_, user1_.password as password3_4_1_, user1_.role as role4_4_1_ from quiz quiz0_ left outer join user user1_ on quiz0_.userid=user1_.user_id where quiz0_.quiz_id=?
Hibernate: select user0_.user_id as user_id1_4_, user0_.email as email2_4_, user0_.password as password3_4_, user0_.role as role4_4_ from user user0_ where user0_.email=?
Hibernate: select answer0_.quiz_quiz_id as quiz_qui1_2_0_, answer0_.answer as answer2_2_0_ from quiz_answer answer0_ where answer0_.quiz_quiz_id=?
?[1;31m
Start test 91?[0m
Hibernate: select user0_.user_id as user_id1_4_, user0_.email as email2_4_, user0_.password as password3_4_, user0_.role as role4_4_ from user user0_ where user0_.email=?
Hibernate: select quiz0_.quiz_id as quiz_id1_1_0_, quiz0_.text as text2_1_0_, quiz0_.title as title3_1_0_, quiz0_.userid as userid4_1_0_, user1_.user_id as user_id1_4_1_, user1_.email as email2_4_1_, user1_.password as password3_4_1_, user1_.role as role4_4_1_ from quiz quiz0_ left outer join user user1_ on quiz0_.userid=user1_.user_id where quiz0_.quiz_id=?
Hibernate: select user0_.user_id as user_id1_4_, user0_.email as email2_4_, user0_.password as password3_4_, user0_.role as role4_4_ from user user0_ where user0_.email=?
Hibernate: select answer0_.quiz_quiz_id as quiz_qui1_2_0_, answer0_.answer as answer2_2_0_ from quiz_answer answer0_ where answer0_.quiz_quiz_id=?
?[1;31m
Start test 92?[0m
Hibernate: select user0_.user_id as user_id1_4_, user0_.email as email2_4_, user0_.password as password3_4_, user0_.role as role4_4_ from user user0_ where user0_.email=?
Hibernate: select quiz0_.quiz_id as quiz_id1_1_0_, quiz0_.text as text2_1_0_, quiz0_.title as title3_1_0_, quiz0_.userid as userid4_1_0_, user1_.user_id as user_id1_4_1_, user1_.email as email2_4_1_, user1_.password as password3_4_1_, user1_.role as role4_4_1_ from quiz quiz0_ left outer join user user1_ on quiz0_.userid=user1_.user_id where quiz0_.quiz_id=?
Hibernate: select user0_.user_id as user_id1_4_, user0_.email as email2_4_, user0_.password as password3_4_, user0_.role as role4_4_ from user user0_ where user0_.email=?
Hibernate: select answer0_.quiz_quiz_id as quiz_qui1_2_0_, answer0_.answer as answer2_2_0_ from quiz_answer answer0_ where answer0_.quiz_quiz_id=?
?[1;31m
Start test 93?[0m
Hibernate: select user0_.user_id as user_id1_4_, user0_.email as email2_4_, user0_.password as password3_4_, user0_.role as role4_4_ from user user0_ where user0_.email=?
Hibernate: select quiz0_.quiz_id as quiz_id1_1_0_, quiz0_.text as text2_1_0_, quiz0_.title as title3_1_0_, quiz0_.userid as userid4_1_0_, user1_.user_id as user_id1_4_1_, user1_.email as email2_4_1_, user1_.password as password3_4_1_, user1_.role as role4_4_1_ from quiz quiz0_ left outer join user user1_ on quiz0_.userid=user1_.user_id where quiz0_.quiz_id=?
Hibernate: select user0_.user_id as user_id1_4_, user0_.email as email2_4_, user0_.password as password3_4_, user0_.role as role4_4_ from user user0_ where user0_.email=?
Hibernate: select answer0_.quiz_quiz_id as quiz_qui1_2_0_, answer0_.answer as answer2_2_0_ from quiz_answer answer0_ where answer0_.quiz_quiz_id=?
?[1;31m
Start test 94?[0m
Hibernate: select user0_.user_id as user_id1_4_, user0_.email as email2_4_, user0_.password as password3_4_, user0_.role as role4_4_ from user user0_ where user0_.email=?
Hibernate: select quiz0_.quiz_id as quiz_id1_1_0_, quiz0_.text as text2_1_0_, quiz0_.title as title3_1_0_, quiz0_.userid as userid4_1_0_, user1_.user_id as user_id1_4_1_, user1_.email as email2_4_1_, user1_.password as password3_4_1_, user1_.role as role4_4_1_ from quiz quiz0_ left outer join user user1_ on quiz0_.userid=user1_.user_id where quiz0_.quiz_id=?
Hibernate: select user0_.user_id as user_id1_4_, user0_.email as email2_4_, user0_.password as password3_4_, user0_.role as role4_4_ from user user0_ where user0_.email=?
Hibernate: select answer0_.quiz_quiz_id as quiz_qui1_2_0_, answer0_.answer as answer2_2_0_ from quiz_answer answer0_ where answer0_.quiz_quiz_id=?
Hibernate: call next value for hibernate_sequence
Hibernate: insert into completion (completed_at, quiz_id, user_id, id) values (?, ?, ?, ?)
?[1;31m
Start test 95?[0m
Hibernate: select user0_.user_id as user_id1_4_, user0_.email as email2_4_, user0_.password as password3_4_, user0_.role as role4_4_ from user user0_ where user0_.email=?
Hibernate: select quiz0_.quiz_id as quiz_id1_1_0_, quiz0_.text as text2_1_0_, quiz0_.title as title3_1_0_, quiz0_.userid as userid4_1_0_, user1_.user_id as user_id1_4_1_, user1_.email as email2_4_1_, user1_.password as password3_4_1_, user1_.role as role4_4_1_ from quiz quiz0_ left outer join user user1_ on quiz0_.userid=user1_.user_id where quiz0_.quiz_id=?
Hibernate: select user0_.user_id as user_id1_4_, user0_.email as email2_4_, user0_.password as password3_4_, user0_.role as role4_4_ from user user0_ where user0_.email=?
Hibernate: select answer0_.quiz_quiz_id as quiz_qui1_2_0_, answer0_.answer as answer2_2_0_ from quiz_answer answer0_ where answer0_.quiz_quiz_id=?
?[1;31m
Start test 96?[0m
Hibernate: select user0_.user_id as user_id1_4_, user0_.email as email2_4_, user0_.password as password3_4_, user0_.role as role4_4_ from user user0_ where user0_.email=?
Hibernate: select quiz0_.quiz_id as quiz_id1_1_0_, quiz0_.text as text2_1_0_, quiz0_.title as title3_1_0_, quiz0_.userid as userid4_1_0_, user1_.user_id as user_id1_4_1_, user1_.email as email2_4_1_, user1_.password as password3_4_1_, user1_.role as role4_4_1_ from quiz quiz0_ left outer join user user1_ on quiz0_.userid=user1_.user_id where quiz0_.quiz_id=?
Hibernate: select user0_.user_id as user_id1_4_, user0_.email as email2_4_, user0_.password as password3_4_, user0_.role as role4_4_ from user user0_ where user0_.email=?
Hibernate: select answer0_.quiz_quiz_id as quiz_qui1_2_0_, answer0_.answer as answer2_2_0_ from quiz_answer answer0_ where answer0_.quiz_quiz_id=?
?[1;31m
Start test 97?[0m
Hibernate: select user0_.user_id as user_id1_4_, user0_.email as email2_4_, user0_.password as password3_4_, user0_.role as role4_4_ from user user0_ where user0_.email=?
Hibernate: select quiz0_.quiz_id as quiz_id1_1_0_, quiz0_.text as text2_1_0_, quiz0_.title as title3_1_0_, quiz0_.userid as userid4_1_0_, user1_.user_id as user_id1_4_1_, user1_.email as email2_4_1_, user1_.password as password3_4_1_, user1_.role as role4_4_1_ from quiz quiz0_ left outer join user user1_ on quiz0_.userid=user1_.user_id where quiz0_.quiz_id=?
Hibernate: select user0_.user_id as user_id1_4_, user0_.email as email2_4_, user0_.password as password3_4_, user0_.role as role4_4_ from user user0_ where user0_.email=?
Hibernate: select answer0_.quiz_quiz_id as quiz_qui1_2_0_, answer0_.answer as answer2_2_0_ from quiz_answer answer0_ where answer0_.quiz_quiz_id=?
?[1;31m
Start test 98?[0m
Hibernate: select user0_.user_id as user_id1_4_, user0_.email as email2_4_, user0_.password as password3_4_, user0_.role as role4_4_ from user user0_ where user0_.email=?
Hibernate: select quiz0_.quiz_id as quiz_id1_1_0_, quiz0_.text as text2_1_0_, quiz0_.title as title3_1_0_, quiz0_.userid as userid4_1_0_, user1_.user_id as user_id1_4_1_, user1_.email as email2_4_1_, user1_.password as password3_4_1_, user1_.role as role4_4_1_ from quiz quiz0_ left outer join user user1_ on quiz0_.userid=user1_.user_id where quiz0_.quiz_id=?
Hibernate: select user0_.user_id as user_id1_4_, user0_.email as email2_4_, user0_.password as password3_4_, user0_.role as role4_4_ from user user0_ where user0_.email=?
Hibernate: select answer0_.quiz_quiz_id as quiz_qui1_2_0_, answer0_.answer as answer2_2_0_ from quiz_answer answer0_ where answer0_.quiz_quiz_id=?
?[1;31m
Start test 99?[0m
Hibernate: select user0_.user_id as user_id1_4_, user0_.email as email2_4_, user0_.password as password3_4_, user0_.role as role4_4_ from user user0_ where user0_.email=?
Hibernate: select quiz0_.quiz_id as quiz_id1_1_0_, quiz0_.text as text2_1_0_, quiz0_.title as title3_1_0_, quiz0_.userid as userid4_1_0_, user1_.user_id as user_id1_4_1_, user1_.email as email2_4_1_, user1_.password as password3_4_1_, user1_.role as role4_4_1_ from quiz quiz0_ left outer join user user1_ on quiz0_.userid=user1_.user_id where quiz0_.quiz_id=?
Hibernate: select user0_.user_id as user_id1_4_, user0_.email as email2_4_, user0_.password as password3_4_, user0_.role as role4_4_ from user user0_ where user0_.email=?
Hibernate: select answer0_.quiz_quiz_id as quiz_qui1_2_0_, answer0_.answer as answer2_2_0_ from quiz_answer answer0_ where answer0_.quiz_quiz_id=?
?[1;31m
Start test 100?[0m
Hibernate: select user0_.user_id as user_id1_4_, user0_.email as email2_4_, user0_.password as password3_4_, user0_.role as role4_4_ from user user0_ where user0_.email=?
Hibernate: select user0_.user_id as user_id1_4_, user0_.email as email2_4_, user0_.password as password3_4_, user0_.role as role4_4_ from user user0_ where user0_.email=?
Hibernate: call next value for hibernate_sequence
Hibernate: insert into quiz (text, title, userid, quiz_id) values (?, ?, ?, ?)
Hibernate: insert into quiz_options (quiz_quiz_id, options) values (?, ?)
Hibernate: insert into quiz_options (quiz_quiz_id, options) values (?, ?)
Hibernate: insert into quiz_options (quiz_quiz_id, options) values (?, ?)
Hibernate: insert into quiz_options (quiz_quiz_id, options) values (?, ?)
?[1;31m
Start test 101?[0m
Hibernate: select user0_.user_id as user_id1_4_, user0_.email as email2_4_, user0_.password as password3_4_, user0_.role as role4_4_ from user user0_ where user0_.email=?
Hibernate: select quiz0_.quiz_id as quiz_id1_1_0_, quiz0_.text as text2_1_0_, quiz0_.title as title3_1_0_, quiz0_.userid as userid4_1_0_, user1_.user_id as user_id1_4_1_, user1_.email as email2_4_1_, user1_.password as password3_4_1_, user1_.role as role4_4_1_ from quiz quiz0_ left outer join user user1_ on quiz0_.userid=user1_.user_id where quiz0_.quiz_id=?
Hibernate: select options0_.quiz_quiz_id as quiz_qui1_3_0_, options0_.options as options2_3_0_ from quiz_options options0_ where options0_.quiz_quiz_id=?
?[1;31m
Start test 102?[0m
Hibernate: select user0_.user_id as user_id1_4_, user0_.email as email2_4_, user0_.password as password3_4_, user0_.role as role4_4_ from user user0_ where user0_.email=?
Hibernate: select quiz0_.quiz_id as quiz_id1_1_0_, quiz0_.text as text2_1_0_, quiz0_.title as title3_1_0_, quiz0_.userid as userid4_1_0_, user1_.user_id as user_id1_4_1_, user1_.email as email2_4_1_, user1_.password as password3_4_1_, user1_.role as role4_4_1_ from quiz quiz0_ left outer join user user1_ on quiz0_.userid=user1_.user_id where quiz0_.quiz_id=?
?[1;31m
Start test 103?[0m
Hibernate: select user0_.user_id as user_id1_4_, user0_.email as email2_4_, user0_.password as password3_4_, user0_.role as role4_4_ from user user0_ where user0_.email=?
Hibernate: select quiz0_.quiz_id as quiz_id1_1_0_, quiz0_.text as text2_1_0_, quiz0_.title as title3_1_0_, quiz0_.userid as userid4_1_0_, user1_.user_id as user_id1_4_1_, user1_.email as email2_4_1_, user1_.password as password3_4_1_, user1_.role as role4_4_1_ from quiz quiz0_ left outer join user user1_ on quiz0_.userid=user1_.user_id where quiz0_.quiz_id=?
Hibernate: select user0_.user_id as user_id1_4_, user0_.email as email2_4_, user0_.password as password3_4_, user0_.role as role4_4_ from user user0_ where user0_.email=?
Hibernate: select answer0_.quiz_quiz_id as quiz_qui1_2_0_, answer0_.answer as answer2_2_0_ from quiz_answer answer0_ where answer0_.quiz_quiz_id=?
Hibernate: call next value for hibernate_sequence
Hibernate: insert into completion (completed_at, quiz_id, user_id, id) values (?, ?, ?, ?)
?[1;31m
Start test 104?[0m
Hibernate: select user0_.user_id as user_id1_4_, user0_.email as email2_4_, user0_.password as password3_4_, user0_.role as role4_4_ from user user0_ where user0_.email=?
Hibernate: select quiz0_.quiz_id as quiz_id1_1_0_, quiz0_.text as text2_1_0_, quiz0_.title as title3_1_0_, quiz0_.userid as userid4_1_0_, user1_.user_id as user_id1_4_1_, user1_.email as email2_4_1_, user1_.password as password3_4_1_, user1_.role as role4_4_1_ from quiz quiz0_ left outer join user user1_ on quiz0_.userid=user1_.user_id where quiz0_.quiz_id=?
Hibernate: select user0_.user_id as user_id1_4_, user0_.email as email2_4_, user0_.password as password3_4_, user0_.role as role4_4_ from user user0_ where user0_.email=?
Hibernate: select answer0_.quiz_quiz_id as quiz_qui1_2_0_, answer0_.answer as answer2_2_0_ from quiz_answer answer0_ where answer0_.quiz_quiz_id=?
?[1;31m
Start test 105?[0m
Hibernate: select user0_.user_id as user_id1_4_, user0_.email as email2_4_, user0_.password as password3_4_, user0_.role as role4_4_ from user user0_ where user0_.email=?
Hibernate: select quiz0_.quiz_id as quiz_id1_1_0_, quiz0_.text as text2_1_0_, quiz0_.title as title3_1_0_, quiz0_.userid as userid4_1_0_, user1_.user_id as user_id1_4_1_, user1_.email as email2_4_1_, user1_.password as password3_4_1_, user1_.role as role4_4_1_ from quiz quiz0_ left outer join user user1_ on quiz0_.userid=user1_.user_id where quiz0_.quiz_id=?
Hibernate: select user0_.user_id as user_id1_4_, user0_.email as email2_4_, user0_.password as password3_4_, user0_.role as role4_4_ from user user0_ where user0_.email=?
Hibernate: select answer0_.quiz_quiz_id as quiz_qui1_2_0_, answer0_.answer as answer2_2_0_ from quiz_answer answer0_ where answer0_.quiz_quiz_id=?
?[1;31m
Start test 106?[0m
Hibernate: select user0_.user_id as user_id1_4_, user0_.email as email2_4_, user0_.password as password3_4_, user0_.role as role4_4_ from user user0_ where user0_.email=?
Hibernate: select quiz0_.quiz_id as quiz_id1_1_0_, quiz0_.text as text2_1_0_, quiz0_.title as title3_1_0_, quiz0_.userid as userid4_1_0_, user1_.user_id as user_id1_4_1_, user1_.email as email2_4_1_, user1_.password as password3_4_1_, user1_.role as role4_4_1_ from quiz quiz0_ left outer join user user1_ on quiz0_.userid=user1_.user_id where quiz0_.quiz_id=?
Hibernate: select user0_.user_id as user_id1_4_, user0_.email as email2_4_, user0_.password as password3_4_, user0_.role as role4_4_ from user user0_ where user0_.email=?
Hibernate: select answer0_.quiz_quiz_id as quiz_qui1_2_0_, answer0_.answer as answer2_2_0_ from quiz_answer answer0_ where answer0_.quiz_quiz_id=?
?[1;31m
Start test 107?[0m
Hibernate: select user0_.user_id as user_id1_4_, user0_.email as email2_4_, user0_.password as password3_4_, user0_.role as role4_4_ from user user0_ where user0_.email=?
Hibernate: select quiz0_.quiz_id as quiz_id1_1_0_, quiz0_.text as text2_1_0_, quiz0_.title as title3_1_0_, quiz0_.userid as userid4_1_0_, user1_.user_id as user_id1_4_1_, user1_.email as email2_4_1_, user1_.password as password3_4_1_, user1_.role as role4_4_1_ from quiz quiz0_ left outer join user user1_ on quiz0_.userid=user1_.user_id where quiz0_.quiz_id=?
Hibernate: select user0_.user_id as user_id1_4_, user0_.email as email2_4_, user0_.password as password3_4_, user0_.role as role4_4_ from user user0_ where user0_.email=?
Hibernate: select answer0_.quiz_quiz_id as quiz_qui1_2_0_, answer0_.answer as answer2_2_0_ from quiz_answer answer0_ where answer0_.quiz_quiz_id=?
?[1;31m
Start test 108?[0m
Hibernate: select user0_.user_id as user_id1_4_, user0_.email as email2_4_, user0_.password as password3_4_, user0_.role as role4_4_ from user user0_ where user0_.email=?
Hibernate: select quiz0_.quiz_id as quiz_id1_1_0_, quiz0_.text as text2_1_0_, quiz0_.title as title3_1_0_, quiz0_.userid as userid4_1_0_, user1_.user_id as user_id1_4_1_, user1_.email as email2_4_1_, user1_.password as password3_4_1_, user1_.role as role4_4_1_ from quiz quiz0_ left outer join user user1_ on quiz0_.userid=user1_.user_id where quiz0_.quiz_id=?
Hibernate: select user0_.user_id as user_id1_4_, user0_.email as email2_4_, user0_.password as password3_4_, user0_.role as role4_4_ from user user0_ where user0_.email=?
Hibernate: select answer0_.quiz_quiz_id as quiz_qui1_2_0_, answer0_.answer as answer2_2_0_ from quiz_answer answer0_ where answer0_.quiz_quiz_id=?
?[1;31m
Start test 109?[0m
Hibernate: select user0_.user_id as user_id1_4_, user0_.email as email2_4_, user0_.password as password3_4_, user0_.role as role4_4_ from user user0_ where user0_.email=?
Hibernate: select quiz0_.quiz_id as quiz_id1_1_0_, quiz0_.text as text2_1_0_, quiz0_.title as title3_1_0_, quiz0_.userid as userid4_1_0_, user1_.user_id as user_id1_4_1_, user1_.email as email2_4_1_, user1_.password as password3_4_1_, user1_.role as role4_4_1_ from quiz quiz0_ left outer join user user1_ on quiz0_.userid=user1_.user_id where quiz0_.quiz_id=?
Hibernate: select user0_.user_id as user_id1_4_, user0_.email as email2_4_, user0_.password as password3_4_, user0_.role as role4_4_ from user user0_ where user0_.email=?
Hibernate: select answer0_.quiz_quiz_id as quiz_qui1_2_0_, answer0_.answer as answer2_2_0_ from quiz_answer answer0_ where answer0_.quiz_quiz_id=?
?[1;31m
Start test 110?[0m
Hibernate: select user0_.user_id as user_id1_4_, user0_.email as email2_4_, user0_.password as password3_4_, user0_.role as role4_4_ from user user0_ where user0_.email=?
Hibernate: select quiz0_.quiz_id as quiz_id1_1_0_, quiz0_.text as text2_1_0_, quiz0_.title as title3_1_0_, quiz0_.userid as userid4_1_0_, user1_.user_id as user_id1_4_1_, user1_.email as email2_4_1_, user1_.password as password3_4_1_, user1_.role as role4_4_1_ from quiz quiz0_ left outer join user user1_ on quiz0_.userid=user1_.user_id where quiz0_.quiz_id=?
Hibernate: select user0_.user_id as user_id1_4_, user0_.email as email2_4_, user0_.password as password3_4_, user0_.role as role4_4_ from user user0_ where user0_.email=?
Hibernate: select answer0_.quiz_quiz_id as quiz_qui1_2_0_, answer0_.answer as answer2_2_0_ from quiz_answer answer0_ where answer0_.quiz_quiz_id=?
?[1;31m
Start test 111?[0m
Hibernate: select user0_.user_id as user_id1_4_, user0_.email as email2_4_, user0_.password as password3_4_, user0_.role as role4_4_ from user user0_ where user0_.email=?
Hibernate: select quiz0_.quiz_id as quiz_id1_1_0_, quiz0_.text as text2_1_0_, quiz0_.title as title3_1_0_, quiz0_.userid as userid4_1_0_, user1_.user_id as user_id1_4_1_, user1_.email as email2_4_1_, user1_.password as password3_4_1_, user1_.role as role4_4_1_ from quiz quiz0_ left outer join user user1_ on quiz0_.userid=user1_.user_id where quiz0_.quiz_id=?
Hibernate: select user0_.user_id as user_id1_4_, user0_.email as email2_4_, user0_.password as password3_4_, user0_.role as role4_4_ from user user0_ where user0_.email=?
Hibernate: select answer0_.quiz_quiz_id as quiz_qui1_2_0_, answer0_.answer as answer2_2_0_ from quiz_answer answer0_ where answer0_.quiz_quiz_id=?
?[1;31m
Start test 112?[0m
Hibernate: select user0_.user_id as user_id1_4_, user0_.email as email2_4_, user0_.password as password3_4_, user0_.role as role4_4_ from user user0_ where user0_.email=?
Hibernate: select quiz0_.quiz_id as quiz_id1_1_0_, quiz0_.text as text2_1_0_, quiz0_.title as title3_1_0_, quiz0_.userid as userid4_1_0_, user1_.user_id as user_id1_4_1_, user1_.email as email2_4_1_, user1_.password as password3_4_1_, user1_.role as role4_4_1_ from quiz quiz0_ left outer join user user1_ on quiz0_.userid=user1_.user_id where quiz0_.quiz_id=?
Hibernate: select user0_.user_id as user_id1_4_, user0_.email as email2_4_, user0_.password as password3_4_, user0_.role as role4_4_ from user user0_ where user0_.email=?
Hibernate: select answer0_.quiz_quiz_id as quiz_qui1_2_0_, answer0_.answer as answer2_2_0_ from quiz_answer answer0_ where answer0_.quiz_quiz_id=?
?[1;31m
Start test 113?[0m
Hibernate: select user0_.user_id as user_id1_4_, user0_.email as email2_4_, user0_.password as password3_4_, user0_.role as role4_4_ from user user0_ where user0_.email=?
Hibernate: select quiz0_.quiz_id as quiz_id1_1_0_, quiz0_.text as text2_1_0_, quiz0_.title as title3_1_0_, quiz0_.userid as userid4_1_0_, user1_.user_id as user_id1_4_1_, user1_.email as email2_4_1_, user1_.password as password3_4_1_, user1_.role as role4_4_1_ from quiz quiz0_ left outer join user user1_ on quiz0_.userid=user1_.user_id where quiz0_.quiz_id=?
Hibernate: select user0_.user_id as user_id1_4_, user0_.email as email2_4_, user0_.password as password3_4_, user0_.role as role4_4_ from user user0_ where user0_.email=?
Hibernate: select answer0_.quiz_quiz_id as quiz_qui1_2_0_, answer0_.answer as answer2_2_0_ from quiz_answer answer0_ where answer0_.quiz_quiz_id=?
?[1;31m
Start test 114?[0m
Hibernate: select user0_.user_id as user_id1_4_, user0_.email as email2_4_, user0_.password as password3_4_, user0_.role as role4_4_ from user user0_ where user0_.email=?
Hibernate: select quiz0_.quiz_id as quiz_id1_1_0_, quiz0_.text as text2_1_0_, quiz0_.title as title3_1_0_, quiz0_.userid as userid4_1_0_, user1_.user_id as user_id1_4_1_, user1_.email as email2_4_1_, user1_.password as password3_4_1_, user1_.role as role4_4_1_ from quiz quiz0_ left outer join user user1_ on quiz0_.userid=user1_.user_id where quiz0_.quiz_id=?
Hibernate: select user0_.user_id as user_id1_4_, user0_.email as email2_4_, user0_.password as password3_4_, user0_.role as role4_4_ from user user0_ where user0_.email=?
Hibernate: select answer0_.quiz_quiz_id as quiz_qui1_2_0_, answer0_.answer as answer2_2_0_ from quiz_answer answer0_ where answer0_.quiz_quiz_id=?
?[1;31m
Start test 115?[0m
Hibernate: select user0_.user_id as user_id1_4_, user0_.email as email2_4_, user0_.password as password3_4_, user0_.role as role4_4_ from user user0_ where user0_.email=?
Hibernate: select quiz0_.quiz_id as quiz_id1_1_0_, quiz0_.text as text2_1_0_, quiz0_.title as title3_1_0_, quiz0_.userid as userid4_1_0_, user1_.user_id as user_id1_4_1_, user1_.email as email2_4_1_, user1_.password as password3_4_1_, user1_.role as role4_4_1_ from quiz quiz0_ left outer join user user1_ on quiz0_.userid=user1_.user_id where quiz0_.quiz_id=?
Hibernate: select user0_.user_id as user_id1_4_, user0_.email as email2_4_, user0_.password as password3_4_, user0_.role as role4_4_ from user user0_ where user0_.email=?
Hibernate: select answer0_.quiz_quiz_id as quiz_qui1_2_0_, answer0_.answer as answer2_2_0_ from quiz_answer answer0_ where answer0_.quiz_quiz_id=?
?[1;31m
Start test 116?[0m
Hibernate: select user0_.user_id as user_id1_4_, user0_.email as email2_4_, user0_.password as password3_4_, user0_.role as role4_4_ from user user0_ where user0_.email=?
Hibernate: select quiz0_.quiz_id as quiz_id1_1_0_, quiz0_.text as text2_1_0_, quiz0_.title as title3_1_0_, quiz0_.userid as userid4_1_0_, user1_.user_id as user_id1_4_1_, user1_.email as email2_4_1_, user1_.password as password3_4_1_, user1_.role as role4_4_1_ from quiz quiz0_ left outer join user user1_ on quiz0_.userid=user1_.user_id where quiz0_.quiz_id=?
Hibernate: select user0_.user_id as user_id1_4_, user0_.email as email2_4_, user0_.password as password3_4_, user0_.role as role4_4_ from user user0_ where user0_.email=?
Hibernate: select answer0_.quiz_quiz_id as quiz_qui1_2_0_, answer0_.answer as answer2_2_0_ from quiz_answer answer0_ where answer0_.quiz_quiz_id=?
?[1;31m
Start test 117?[0m
Hibernate: select user0_.user_id as user_id1_4_, user0_.email as email2_4_, user0_.password as password3_4_, user0_.role as role4_4_ from user user0_ where user0_.email=?
Hibernate: select quiz0_.quiz_id as quiz_id1_1_0_, quiz0_.text as text2_1_0_, quiz0_.title as title3_1_0_, quiz0_.userid as userid4_1_0_, user1_.user_id as user_id1_4_1_, user1_.email as email2_4_1_, user1_.password as password3_4_1_, user1_.role as role4_4_1_ from quiz quiz0_ left outer join user user1_ on quiz0_.userid=user1_.user_id where quiz0_.quiz_id=?
Hibernate: select user0_.user_id as user_id1_4_, user0_.email as email2_4_, user0_.password as password3_4_, user0_.role as role4_4_ from user user0_ where user0_.email=?
Hibernate: select answer0_.quiz_quiz_id as quiz_qui1_2_0_, answer0_.answer as answer2_2_0_ from quiz_answer answer0_ where answer0_.quiz_quiz_id=?
?[1;31m
Start test 118?[0m
Hibernate: select user0_.user_id as user_id1_4_, user0_.email as email2_4_, user0_.password as password3_4_, user0_.role as role4_4_ from user user0_ where user0_.email=?
Hibernate: select user0_.user_id as user_id1_4_, user0_.email as email2_4_, user0_.password as password3_4_, user0_.role as role4_4_ from user user0_ where user0_.email=?
Hibernate: call next value for hibernate_sequence
Hibernate: insert into quiz (text, title, userid, quiz_id) values (?, ?, ?, ?)
Hibernate: insert into quiz_options (quiz_quiz_id, options) values (?, ?)
Hibernate: insert into quiz_options (quiz_quiz_id, options) values (?, ?)
Hibernate: insert into quiz_options (quiz_quiz_id, options) values (?, ?)
Hibernate: insert into quiz_options (quiz_quiz_id, options) values (?, ?)
?[1;31m
Start test 119?[0m
Hibernate: select user0_.user_id as user_id1_4_, user0_.email as email2_4_, user0_.password as password3_4_, user0_.role as role4_4_ from user user0_ where user0_.email=?
Hibernate: select quiz0_.quiz_id as quiz_id1_1_0_, quiz0_.text as text2_1_0_, quiz0_.title as title3_1_0_, quiz0_.userid as userid4_1_0_, user1_.user_id as user_id1_4_1_, user1_.email as email2_4_1_, user1_.password as password3_4_1_, user1_.role as role4_4_1_ from quiz quiz0_ left outer join user user1_ on quiz0_.userid=user1_.user_id where quiz0_.quiz_id=?
Hibernate: select options0_.quiz_quiz_id as quiz_qui1_3_0_, options0_.options as options2_3_0_ from quiz_options options0_ where options0_.quiz_quiz_id=?
?[1;31m
Start test 120?[0m
Hibernate: select user0_.user_id as user_id1_4_, user0_.email as email2_4_, user0_.password as password3_4_, user0_.role as role4_4_ from user user0_ where user0_.email=?
Hibernate: select quiz0_.quiz_id as quiz_id1_1_0_, quiz0_.text as text2_1_0_, quiz0_.title as title3_1_0_, quiz0_.userid as userid4_1_0_, user1_.user_id as user_id1_4_1_, user1_.email as email2_4_1_, user1_.password as password3_4_1_, user1_.role as role4_4_1_ from quiz quiz0_ left outer join user user1_ on quiz0_.userid=user1_.user_id where quiz0_.quiz_id=?
?[1;31m
Start test 121?[0m
Hibernate: select user0_.user_id as user_id1_4_, user0_.email as email2_4_, user0_.password as password3_4_, user0_.role as role4_4_ from user user0_ where user0_.email=?
Hibernate: select quiz0_.quiz_id as quiz_id1_1_0_, quiz0_.text as text2_1_0_, quiz0_.title as title3_1_0_, quiz0_.userid as userid4_1_0_, user1_.user_id as user_id1_4_1_, user1_.email as email2_4_1_, user1_.password as password3_4_1_, user1_.role as role4_4_1_ from quiz quiz0_ left outer join user user1_ on quiz0_.userid=user1_.user_id where quiz0_.quiz_id=?
Hibernate: select user0_.user_id as user_id1_4_, user0_.email as email2_4_, user0_.password as password3_4_, user0_.role as role4_4_ from user user0_ where user0_.email=?
Hibernate: select answer0_.quiz_quiz_id as quiz_qui1_2_0_, answer0_.answer as answer2_2_0_ from quiz_answer answer0_ where answer0_.quiz_quiz_id=?
Hibernate: call next value for hibernate_sequence
Hibernate: insert into completion (completed_at, quiz_id, user_id, id) values (?, ?, ?, ?)
?[1;31m
Start test 122?[0m
Hibernate: select user0_.user_id as user_id1_4_, user0_.email as email2_4_, user0_.password as password3_4_, user0_.role as role4_4_ from user user0_ where user0_.email=?
Hibernate: select quiz0_.quiz_id as quiz_id1_1_0_, quiz0_.text as text2_1_0_, quiz0_.title as title3_1_0_, quiz0_.userid as userid4_1_0_, user1_.user_id as user_id1_4_1_, user1_.email as email2_4_1_, user1_.password as password3_4_1_, user1_.role as role4_4_1_ from quiz quiz0_ left outer join user user1_ on quiz0_.userid=user1_.user_id where quiz0_.quiz_id=?
Hibernate: select user0_.user_id as user_id1_4_, user0_.email as email2_4_, user0_.password as password3_4_, user0_.role as role4_4_ from user user0_ where user0_.email=?
Hibernate: select answer0_.quiz_quiz_id as quiz_qui1_2_0_, answer0_.answer as answer2_2_0_ from quiz_answer answer0_ where answer0_.quiz_quiz_id=?
?[1;31m
Start test 123?[0m
Hibernate: select user0_.user_id as user_id1_4_, user0_.email as email2_4_, user0_.password as password3_4_, user0_.role as role4_4_ from user user0_ where user0_.email=?
Hibernate: select quiz0_.quiz_id as quiz_id1_1_0_, quiz0_.text as text2_1_0_, quiz0_.title as title3_1_0_, quiz0_.userid as userid4_1_0_, user1_.user_id as user_id1_4_1_, user1_.email as email2_4_1_, user1_.password as password3_4_1_, user1_.role as role4_4_1_ from quiz quiz0_ left outer join user user1_ on quiz0_.userid=user1_.user_id where quiz0_.quiz_id=?
Hibernate: select user0_.user_id as user_id1_4_, user0_.email as email2_4_, user0_.password as password3_4_, user0_.role as role4_4_ from user user0_ where user0_.email=?
Hibernate: select answer0_.quiz_quiz_id as quiz_qui1_2_0_, answer0_.answer as answer2_2_0_ from quiz_answer answer0_ where answer0_.quiz_quiz_id=?
?[1;31m
Start test 124?[0m
Hibernate: select user0_.user_id as user_id1_4_, user0_.email as email2_4_, user0_.password as password3_4_, user0_.role as role4_4_ from user user0_ where user0_.email=?
Hibernate: select quiz0_.quiz_id as quiz_id1_1_0_, quiz0_.text as text2_1_0_, quiz0_.title as title3_1_0_, quiz0_.userid as userid4_1_0_, user1_.user_id as user_id1_4_1_, user1_.email as email2_4_1_, user1_.password as password3_4_1_, user1_.role as role4_4_1_ from quiz quiz0_ left outer join user user1_ on quiz0_.userid=user1_.user_id where quiz0_.quiz_id=?
Hibernate: select user0_.user_id as user_id1_4_, user0_.email as email2_4_, user0_.password as password3_4_, user0_.role as role4_4_ from user user0_ where user0_.email=?
Hibernate: select answer0_.quiz_quiz_id as quiz_qui1_2_0_, answer0_.answer as answer2_2_0_ from quiz_answer answer0_ where answer0_.quiz_quiz_id=?
?[1;31m
Start test 125?[0m
Hibernate: select user0_.user_id as user_id1_4_, user0_.email as email2_4_, user0_.password as password3_4_, user0_.role as role4_4_ from user user0_ where user0_.email=?
Hibernate: select quiz0_.quiz_id as quiz_id1_1_0_, quiz0_.text as text2_1_0_, quiz0_.title as title3_1_0_, quiz0_.userid as userid4_1_0_, user1_.user_id as user_id1_4_1_, user1_.email as email2_4_1_, user1_.password as password3_4_1_, user1_.role as role4_4_1_ from quiz quiz0_ left outer join user user1_ on quiz0_.userid=user1_.user_id where quiz0_.quiz_id=?
Hibernate: select user0_.user_id as user_id1_4_, user0_.email as email2_4_, user0_.password as password3_4_, user0_.role as role4_4_ from user user0_ where user0_.email=?
Hibernate: select answer0_.quiz_quiz_id as quiz_qui1_2_0_, answer0_.answer as answer2_2_0_ from quiz_answer answer0_ where answer0_.quiz_quiz_id=?
?[1;31m
Start test 126?[0m
Hibernate: select user0_.user_id as user_id1_4_, user0_.email as email2_4_, user0_.password as password3_4_, user0_.role as role4_4_ from user user0_ where user0_.email=?
Hibernate: select quiz0_.quiz_id as quiz_id1_1_0_, quiz0_.text as text2_1_0_, quiz0_.title as title3_1_0_, quiz0_.userid as userid4_1_0_, user1_.user_id as user_id1_4_1_, user1_.email as email2_4_1_, user1_.password as password3_4_1_, user1_.role as role4_4_1_ from quiz quiz0_ left outer join user user1_ on quiz0_.userid=user1_.user_id where quiz0_.quiz_id=?
Hibernate: select user0_.user_id as user_id1_4_, user0_.email as email2_4_, user0_.password as password3_4_, user0_.role as role4_4_ from user user0_ where user0_.email=?
Hibernate: select answer0_.quiz_quiz_id as quiz_qui1_2_0_, answer0_.answer as answer2_2_0_ from quiz_answer answer0_ where answer0_.quiz_quiz_id=?
?[1;31m
Start test 127?[0m
Hibernate: select user0_.user_id as user_id1_4_, user0_.email as email2_4_, user0_.password as password3_4_, user0_.role as role4_4_ from user user0_ where user0_.email=?
Hibernate: select quiz0_.quiz_id as quiz_id1_1_0_, quiz0_.text as text2_1_0_, quiz0_.title as title3_1_0_, quiz0_.userid as userid4_1_0_, user1_.user_id as user_id1_4_1_, user1_.email as email2_4_1_, user1_.password as password3_4_1_, user1_.role as role4_4_1_ from quiz quiz0_ left outer join user user1_ on quiz0_.userid=user1_.user_id where quiz0_.quiz_id=?
Hibernate: select user0_.user_id as user_id1_4_, user0_.email as email2_4_, user0_.password as password3_4_, user0_.role as role4_4_ from user user0_ where user0_.email=?
Hibernate: select answer0_.quiz_quiz_id as quiz_qui1_2_0_, answer0_.answer as answer2_2_0_ from quiz_answer answer0_ where answer0_.quiz_quiz_id=?
?[1;31m
Start test 128?[0m
Hibernate: select user0_.user_id as user_id1_4_, user0_.email as email2_4_, user0_.password as password3_4_, user0_.role as role4_4_ from user user0_ where user0_.email=?
Hibernate: select quiz0_.quiz_id as quiz_id1_1_0_, quiz0_.text as text2_1_0_, quiz0_.title as title3_1_0_, quiz0_.userid as userid4_1_0_, user1_.user_id as user_id1_4_1_, user1_.email as email2_4_1_, user1_.password as password3_4_1_, user1_.role as role4_4_1_ from quiz quiz0_ left outer join user user1_ on quiz0_.userid=user1_.user_id where quiz0_.quiz_id=?
Hibernate: select user0_.user_id as user_id1_4_, user0_.email as email2_4_, user0_.password as password3_4_, user0_.role as role4_4_ from user user0_ where user0_.email=?
Hibernate: select answer0_.quiz_quiz_id as quiz_qui1_2_0_, answer0_.answer as answer2_2_0_ from quiz_answer answer0_ where answer0_.quiz_quiz_id=?
?[1;31m
Start test 129?[0m
Hibernate: select user0_.user_id as user_id1_4_, user0_.email as email2_4_, user0_.password as password3_4_, user0_.role as role4_4_ from user user0_ where user0_.email=?
Hibernate: select quiz0_.quiz_id as quiz_id1_1_0_, quiz0_.text as text2_1_0_, quiz0_.title as title3_1_0_, quiz0_.userid as userid4_1_0_, user1_.user_id as user_id1_4_1_, user1_.email as email2_4_1_, user1_.password as password3_4_1_, user1_.role as role4_4_1_ from quiz quiz0_ left outer join user user1_ on quiz0_.userid=user1_.user_id where quiz0_.quiz_id=?
Hibernate: select user0_.user_id as user_id1_4_, user0_.email as email2_4_, user0_.password as password3_4_, user0_.role as role4_4_ from user user0_ where user0_.email=?
Hibernate: select answer0_.quiz_quiz_id as quiz_qui1_2_0_, answer0_.answer as answer2_2_0_ from quiz_answer answer0_ where answer0_.quiz_quiz_id=?
?[1;31m
Start test 130?[0m
Hibernate: select user0_.user_id as user_id1_4_, user0_.email as email2_4_, user0_.password as password3_4_, user0_.role as role4_4_ from user user0_ where user0_.email=?
Hibernate: select quiz0_.quiz_id as quiz_id1_1_0_, quiz0_.text as text2_1_0_, quiz0_.title as title3_1_0_, quiz0_.userid as userid4_1_0_, user1_.user_id as user_id1_4_1_, user1_.email as email2_4_1_, user1_.password as password3_4_1_, user1_.role as role4_4_1_ from quiz quiz0_ left outer join user user1_ on quiz0_.userid=user1_.user_id where quiz0_.quiz_id=?
Hibernate: select user0_.user_id as user_id1_4_, user0_.email as email2_4_, user0_.password as password3_4_, user0_.role as role4_4_ from user user0_ where user0_.email=?
Hibernate: select answer0_.quiz_quiz_id as quiz_qui1_2_0_, answer0_.answer as answer2_2_0_ from quiz_answer answer0_ where answer0_.quiz_quiz_id=?
?[1;31m
Start test 131?[0m
Hibernate: select user0_.user_id as user_id1_4_, user0_.email as email2_4_, user0_.password as password3_4_, user0_.role as role4_4_ from user user0_ where user0_.email=?
Hibernate: select quiz0_.quiz_id as quiz_id1_1_0_, quiz0_.text as text2_1_0_, quiz0_.title as title3_1_0_, quiz0_.userid as userid4_1_0_, user1_.user_id as user_id1_4_1_, user1_.email as email2_4_1_, user1_.password as password3_4_1_, user1_.role as role4_4_1_ from quiz quiz0_ left outer join user user1_ on quiz0_.userid=user1_.user_id where quiz0_.quiz_id=?
Hibernate: select user0_.user_id as user_id1_4_, user0_.email as email2_4_, user0_.password as password3_4_, user0_.role as role4_4_ from user user0_ where user0_.email=?
Hibernate: select answer0_.quiz_quiz_id as quiz_qui1_2_0_, answer0_.answer as answer2_2_0_ from quiz_answer answer0_ where answer0_.quiz_quiz_id=?
?[1;31m
Start test 132?[0m
Hibernate: select user0_.user_id as user_id1_4_, user0_.email as email2_4_, user0_.password as password3_4_, user0_.role as role4_4_ from user user0_ where user0_.email=?
Hibernate: select quiz0_.quiz_id as quiz_id1_1_0_, quiz0_.text as text2_1_0_, quiz0_.title as title3_1_0_, quiz0_.userid as userid4_1_0_, user1_.user_id as user_id1_4_1_, user1_.email as email2_4_1_, user1_.password as password3_4_1_, user1_.role as role4_4_1_ from quiz quiz0_ left outer join user user1_ on quiz0_.userid=user1_.user_id where quiz0_.quiz_id=?
Hibernate: select user0_.user_id as user_id1_4_, user0_.email as email2_4_, user0_.password as password3_4_, user0_.role as role4_4_ from user user0_ where user0_.email=?
Hibernate: select answer0_.quiz_quiz_id as quiz_qui1_2_0_, answer0_.answer as answer2_2_0_ from quiz_answer answer0_ where answer0_.quiz_quiz_id=?
?[1;31m
Start test 133?[0m
Hibernate: select user0_.user_id as user_id1_4_, user0_.email as email2_4_, user0_.password as password3_4_, user0_.role as role4_4_ from user user0_ where user0_.email=?
Hibernate: select quiz0_.quiz_id as quiz_id1_1_0_, quiz0_.text as text2_1_0_, quiz0_.title as title3_1_0_, quiz0_.userid as userid4_1_0_, user1_.user_id as user_id1_4_1_, user1_.email as email2_4_1_, user1_.password as password3_4_1_, user1_.role as role4_4_1_ from quiz quiz0_ left outer join user user1_ on quiz0_.userid=user1_.user_id where quiz0_.quiz_id=?
Hibernate: select user0_.user_id as user_id1_4_, user0_.email as email2_4_, user0_.password as password3_4_, user0_.role as role4_4_ from user user0_ where user0_.email=?
Hibernate: select answer0_.quiz_quiz_id as quiz_qui1_2_0_, answer0_.answer as answer2_2_0_ from quiz_answer answer0_ where answer0_.quiz_quiz_id=?
?[1;31m
Start test 134?[0m
Hibernate: select user0_.user_id as user_id1_4_, user0_.email as email2_4_, user0_.password as password3_4_, user0_.role as role4_4_ from user user0_ where user0_.email=?
Hibernate: select quiz0_.quiz_id as quiz_id1_1_0_, quiz0_.text as text2_1_0_, quiz0_.title as title3_1_0_, quiz0_.userid as userid4_1_0_, user1_.user_id as user_id1_4_1_, user1_.email as email2_4_1_, user1_.password as password3_4_1_, user1_.role as role4_4_1_ from quiz quiz0_ left outer join user user1_ on quiz0_.userid=user1_.user_id where quiz0_.quiz_id=?
Hibernate: select user0_.user_id as user_id1_4_, user0_.email as email2_4_, user0_.password as password3_4_, user0_.role as role4_4_ from user user0_ where user0_.email=?
Hibernate: select answer0_.quiz_quiz_id as quiz_qui1_2_0_, answer0_.answer as answer2_2_0_ from quiz_answer answer0_ where answer0_.quiz_quiz_id=?
?[1;31m
Start test 135?[0m
Hibernate: select user0_.user_id as user_id1_4_, user0_.email as email2_4_, user0_.password as password3_4_, user0_.role as role4_4_ from user user0_ where user0_.email=?
Hibernate: select quiz0_.quiz_id as quiz_id1_1_0_, quiz0_.text as text2_1_0_, quiz0_.title as title3_1_0_, quiz0_.userid as userid4_1_0_, user1_.user_id as user_id1_4_1_, user1_.email as email2_4_1_, user1_.password as password3_4_1_, user1_.role as role4_4_1_ from quiz quiz0_ left outer join user user1_ on quiz0_.userid=user1_.user_id where quiz0_.quiz_id=?
Hibernate: select user0_.user_id as user_id1_4_, user0_.email as email2_4_, user0_.password as password3_4_, user0_.role as role4_4_ from user user0_ where user0_.email=?
Hibernate: select answer0_.quiz_quiz_id as quiz_qui1_2_0_, answer0_.answer as answer2_2_0_ from quiz_answer answer0_ where answer0_.quiz_quiz_id=?
?[1;31m
Start test 136?[0m
Hibernate: select user0_.user_id as user_id1_4_, user0_.email as email2_4_, user0_.password as password3_4_, user0_.role as role4_4_ from user user0_ where user0_.email=?
Hibernate: select user0_.user_id as user_id1_4_, user0_.email as email2_4_, user0_.password as password3_4_, user0_.role as role4_4_ from user user0_ where user0_.email=?
Hibernate: call next value for hibernate_sequence
Hibernate: insert into quiz (text, title, userid, quiz_id) values (?, ?, ?, ?)
Hibernate: insert into quiz_answer (quiz_quiz_id, answer) values (?, ?)
Hibernate: insert into quiz_answer (quiz_quiz_id, answer) values (?, ?)
Hibernate: insert into quiz_answer (quiz_quiz_id, answer) values (?, ?)
Hibernate: insert into quiz_options (quiz_quiz_id, options) values (?, ?)
Hibernate: insert into quiz_options (quiz_quiz_id, options) values (?, ?)
Hibernate: insert into quiz_options (quiz_quiz_id, options) values (?, ?)
Hibernate: insert into quiz_options (quiz_quiz_id, options) values (?, ?)
?[1;31m
Start test 137?[0m
Hibernate: select user0_.user_id as user_id1_4_, user0_.email as email2_4_, user0_.password as password3_4_, user0_.role as role4_4_ from user user0_ where user0_.email=?
Hibernate: select quiz0_.quiz_id as quiz_id1_1_0_, quiz0_.text as text2_1_0_, quiz0_.title as title3_1_0_, quiz0_.userid as userid4_1_0_, user1_.user_id as user_id1_4_1_, user1_.email as email2_4_1_, user1_.password as password3_4_1_, user1_.role as role4_4_1_ from quiz quiz0_ left outer join user user1_ on quiz0_.userid=user1_.user_id where quiz0_.quiz_id=?
Hibernate: select options0_.quiz_quiz_id as quiz_qui1_3_0_, options0_.options as options2_3_0_ from quiz_options options0_ where options0_.quiz_quiz_id=?
?[1;31m
Start test 138?[0m
Hibernate: select user0_.user_id as user_id1_4_, user0_.email as email2_4_, user0_.password as password3_4_, user0_.role as role4_4_ from user user0_ where user0_.email=?
Hibernate: select quiz0_.quiz_id as quiz_id1_1_0_, quiz0_.text as text2_1_0_, quiz0_.title as title3_1_0_, quiz0_.userid as userid4_1_0_, user1_.user_id as user_id1_4_1_, user1_.email as email2_4_1_, user1_.password as password3_4_1_, user1_.role as role4_4_1_ from quiz quiz0_ left outer join user user1_ on quiz0_.userid=user1_.user_id where quiz0_.quiz_id=?
?[1;31m
Start test 139?[0m
Hibernate: select user0_.user_id as user_id1_4_, user0_.email as email2_4_, user0_.password as password3_4_, user0_.role as role4_4_ from user user0_ where user0_.email=?
Hibernate: select quiz0_.quiz_id as quiz_id1_1_0_, quiz0_.text as text2_1_0_, quiz0_.title as title3_1_0_, quiz0_.userid as userid4_1_0_, user1_.user_id as user_id1_4_1_, user1_.email as email2_4_1_, user1_.password as password3_4_1_, user1_.role as role4_4_1_ from quiz quiz0_ left outer join user user1_ on quiz0_.userid=user1_.user_id where quiz0_.quiz_id=?
Hibernate: select user0_.user_id as user_id1_4_, user0_.email as email2_4_, user0_.password as password3_4_, user0_.role as role4_4_ from user user0_ where user0_.email=?
Hibernate: select answer0_.quiz_quiz_id as quiz_qui1_2_0_, answer0_.answer as answer2_2_0_ from quiz_answer answer0_ where answer0_.quiz_quiz_id=?
?[1;31m
Start test 140?[0m
Hibernate: select user0_.user_id as user_id1_4_, user0_.email as email2_4_, user0_.password as password3_4_, user0_.role as role4_4_ from user user0_ where user0_.email=?
Hibernate: select quiz0_.quiz_id as quiz_id1_1_0_, quiz0_.text as text2_1_0_, quiz0_.title as title3_1_0_, quiz0_.userid as userid4_1_0_, user1_.user_id as user_id1_4_1_, user1_.email as email2_4_1_, user1_.password as password3_4_1_, user1_.role as role4_4_1_ from quiz quiz0_ left outer join user user1_ on quiz0_.userid=user1_.user_id where quiz0_.quiz_id=?
Hibernate: select user0_.user_id as user_id1_4_, user0_.email as email2_4_, user0_.password as password3_4_, user0_.role as role4_4_ from user user0_ where user0_.email=?
Hibernate: select answer0_.quiz_quiz_id as quiz_qui1_2_0_, answer0_.answer as answer2_2_0_ from quiz_answer answer0_ where answer0_.quiz_quiz_id=?
?[1;31m
Start test 141?[0m
Hibernate: select user0_.user_id as user_id1_4_, user0_.email as email2_4_, user0_.password as password3_4_, user0_.role as role4_4_ from user user0_ where user0_.email=?
Hibernate: select quiz0_.quiz_id as quiz_id1_1_0_, quiz0_.text as text2_1_0_, quiz0_.title as title3_1_0_, quiz0_.userid as userid4_1_0_, user1_.user_id as user_id1_4_1_, user1_.email as email2_4_1_, user1_.password as password3_4_1_, user1_.role as role4_4_1_ from quiz quiz0_ left outer join user user1_ on quiz0_.userid=user1_.user_id where quiz0_.quiz_id=?
Hibernate: select user0_.user_id as user_id1_4_, user0_.email as email2_4_, user0_.password as password3_4_, user0_.role as role4_4_ from user user0_ where user0_.email=?
Hibernate: select answer0_.quiz_quiz_id as quiz_qui1_2_0_, answer0_.answer as answer2_2_0_ from quiz_answer answer0_ where answer0_.quiz_quiz_id=?
?[1;31m
Start test 142?[0m
Hibernate: select user0_.user_id as user_id1_4_, user0_.email as email2_4_, user0_.password as password3_4_, user0_.role as role4_4_ from user user0_ where user0_.email=?
Hibernate: select quiz0_.quiz_id as quiz_id1_1_0_, quiz0_.text as text2_1_0_, quiz0_.title as title3_1_0_, quiz0_.userid as userid4_1_0_, user1_.user_id as user_id1_4_1_, user1_.email as email2_4_1_, user1_.password as password3_4_1_, user1_.role as role4_4_1_ from quiz quiz0_ left outer join user user1_ on quiz0_.userid=user1_.user_id where quiz0_.quiz_id=?
Hibernate: select user0_.user_id as user_id1_4_, user0_.email as email2_4_, user0_.password as password3_4_, user0_.role as role4_4_ from user user0_ where user0_.email=?
Hibernate: select answer0_.quiz_quiz_id as quiz_qui1_2_0_, answer0_.answer as answer2_2_0_ from quiz_answer answer0_ where answer0_.quiz_quiz_id=?
?[1;31m
Start test 143?[0m
Hibernate: select user0_.user_id as user_id1_4_, user0_.email as email2_4_, user0_.password as password3_4_, user0_.role as role4_4_ from user user0_ where user0_.email=?
Hibernate: select quiz0_.quiz_id as quiz_id1_1_0_, quiz0_.text as text2_1_0_, quiz0_.title as title3_1_0_, quiz0_.userid as userid4_1_0_, user1_.user_id as user_id1_4_1_, user1_.email as email2_4_1_, user1_.password as password3_4_1_, user1_.role as role4_4_1_ from quiz quiz0_ left outer join user user1_ on quiz0_.userid=user1_.user_id where quiz0_.quiz_id=?
Hibernate: select user0_.user_id as user_id1_4_, user0_.email as email2_4_, user0_.password as password3_4_, user0_.role as role4_4_ from user user0_ where user0_.email=?
Hibernate: select answer0_.quiz_quiz_id as quiz_qui1_2_0_, answer0_.answer as answer2_2_0_ from quiz_answer answer0_ where answer0_.quiz_quiz_id=?
?[1;31m
Start test 144?[0m
Hibernate: select user0_.user_id as user_id1_4_, user0_.email as email2_4_, user0_.password as password3_4_, user0_.role as role4_4_ from user user0_ where user0_.email=?
Hibernate: select quiz0_.quiz_id as quiz_id1_1_0_, quiz0_.text as text2_1_0_, quiz0_.title as title3_1_0_, quiz0_.userid as userid4_1_0_, user1_.user_id as user_id1_4_1_, user1_.email as email2_4_1_, user1_.password as password3_4_1_, user1_.role as role4_4_1_ from quiz quiz0_ left outer join user user1_ on quiz0_.userid=user1_.user_id where quiz0_.quiz_id=?
Hibernate: select user0_.user_id as user_id1_4_, user0_.email as email2_4_, user0_.password as password3_4_, user0_.role as role4_4_ from user user0_ where user0_.email=?
Hibernate: select answer0_.quiz_quiz_id as quiz_qui1_2_0_, answer0_.answer as answer2_2_0_ from quiz_answer answer0_ where answer0_.quiz_quiz_id=?
?[1;31m
Start test 145?[0m
Hibernate: select user0_.user_id as user_id1_4_, user0_.email as email2_4_, user0_.password as password3_4_, user0_.role as role4_4_ from user user0_ where user0_.email=?
Hibernate: select quiz0_.quiz_id as quiz_id1_1_0_, quiz0_.text as text2_1_0_, quiz0_.title as title3_1_0_, quiz0_.userid as userid4_1_0_, user1_.user_id as user_id1_4_1_, user1_.email as email2_4_1_, user1_.password as password3_4_1_, user1_.role as role4_4_1_ from quiz quiz0_ left outer join user user1_ on quiz0_.userid=user1_.user_id where quiz0_.quiz_id=?
Hibernate: select user0_.user_id as user_id1_4_, user0_.email as email2_4_, user0_.password as password3_4_, user0_.role as role4_4_ from user user0_ where user0_.email=?
Hibernate: select answer0_.quiz_quiz_id as quiz_qui1_2_0_, answer0_.answer as answer2_2_0_ from quiz_answer answer0_ where answer0_.quiz_quiz_id=?
?[1;31m
Start test 146?[0m
Hibernate: select user0_.user_id as user_id1_4_, user0_.email as email2_4_, user0_.password as password3_4_, user0_.role as role4_4_ from user user0_ where user0_.email=?
Hibernate: select quiz0_.quiz_id as quiz_id1_1_0_, quiz0_.text as text2_1_0_, quiz0_.title as title3_1_0_, quiz0_.userid as userid4_1_0_, user1_.user_id as user_id1_4_1_, user1_.email as email2_4_1_, user1_.password as password3_4_1_, user1_.role as role4_4_1_ from quiz quiz0_ left outer join user user1_ on quiz0_.userid=user1_.user_id where quiz0_.quiz_id=?
Hibernate: select user0_.user_id as user_id1_4_, user0_.email as email2_4_, user0_.password as password3_4_, user0_.role as role4_4_ from user user0_ where user0_.email=?
Hibernate: select answer0_.quiz_quiz_id as quiz_qui1_2_0_, answer0_.answer as answer2_2_0_ from quiz_answer answer0_ where answer0_.quiz_quiz_id=?
?[1;31m
Start test 147?[0m
Hibernate: select user0_.user_id as user_id1_4_, user0_.email as email2_4_, user0_.password as password3_4_, user0_.role as role4_4_ from user user0_ where user0_.email=?
Hibernate: select quiz0_.quiz_id as quiz_id1_1_0_, quiz0_.text as text2_1_0_, quiz0_.title as title3_1_0_, quiz0_.userid as userid4_1_0_, user1_.user_id as user_id1_4_1_, user1_.email as email2_4_1_, user1_.password as password3_4_1_, user1_.role as role4_4_1_ from quiz quiz0_ left outer join user user1_ on quiz0_.userid=user1_.user_id where quiz0_.quiz_id=?
Hibernate: select user0_.user_id as user_id1_4_, user0_.email as email2_4_, user0_.password as password3_4_, user0_.role as role4_4_ from user user0_ where user0_.email=?
Hibernate: select answer0_.quiz_quiz_id as quiz_qui1_2_0_, answer0_.answer as answer2_2_0_ from quiz_answer answer0_ where answer0_.quiz_quiz_id=?
?[1;31m
Start test 148?[0m
Hibernate: select user0_.user_id as user_id1_4_, user0_.email as email2_4_, user0_.password as password3_4_, user0_.role as role4_4_ from user user0_ where user0_.email=?
Hibernate: select quiz0_.quiz_id as quiz_id1_1_0_, quiz0_.text as text2_1_0_, quiz0_.title as title3_1_0_, quiz0_.userid as userid4_1_0_, user1_.user_id as user_id1_4_1_, user1_.email as email2_4_1_, user1_.password as password3_4_1_, user1_.role as role4_4_1_ from quiz quiz0_ left outer join user user1_ on quiz0_.userid=user1_.user_id where quiz0_.quiz_id=?
Hibernate: select user0_.user_id as user_id1_4_, user0_.email as email2_4_, user0_.password as password3_4_, user0_.role as role4_4_ from user user0_ where user0_.email=?
Hibernate: select answer0_.quiz_quiz_id as quiz_qui1_2_0_, answer0_.answer as answer2_2_0_ from quiz_answer answer0_ where answer0_.quiz_quiz_id=?
?[1;31m
Start test 149?[0m
Hibernate: select user0_.user_id as user_id1_4_, user0_.email as email2_4_, user0_.password as password3_4_, user0_.role as role4_4_ from user user0_ where user0_.email=?
Hibernate: select quiz0_.quiz_id as quiz_id1_1_0_, quiz0_.text as text2_1_0_, quiz0_.title as title3_1_0_, quiz0_.userid as userid4_1_0_, user1_.user_id as user_id1_4_1_, user1_.email as email2_4_1_, user1_.password as password3_4_1_, user1_.role as role4_4_1_ from quiz quiz0_ left outer join user user1_ on quiz0_.userid=user1_.user_id where quiz0_.quiz_id=?
Hibernate: select user0_.user_id as user_id1_4_, user0_.email as email2_4_, user0_.password as password3_4_, user0_.role as role4_4_ from user user0_ where user0_.email=?
Hibernate: select answer0_.quiz_quiz_id as quiz_qui1_2_0_, answer0_.answer as answer2_2_0_ from quiz_answer answer0_ where answer0_.quiz_quiz_id=?
?[1;31m
Start test 150?[0m
Hibernate: select user0_.user_id as user_id1_4_, user0_.email as email2_4_, user0_.password as password3_4_, user0_.role as role4_4_ from user user0_ where user0_.email=?
Hibernate: select quiz0_.quiz_id as quiz_id1_1_0_, quiz0_.text as text2_1_0_, quiz0_.title as title3_1_0_, quiz0_.userid as userid4_1_0_, user1_.user_id as user_id1_4_1_, user1_.email as email2_4_1_, user1_.password as password3_4_1_, user1_.role as role4_4_1_ from quiz quiz0_ left outer join user user1_ on quiz0_.userid=user1_.user_id where quiz0_.quiz_id=?
Hibernate: select user0_.user_id as user_id1_4_, user0_.email as email2_4_, user0_.password as password3_4_, user0_.role as role4_4_ from user user0_ where user0_.email=?
Hibernate: select answer0_.quiz_quiz_id as quiz_qui1_2_0_, answer0_.answer as answer2_2_0_ from quiz_answer answer0_ where answer0_.quiz_quiz_id=?
?[1;31m
Start test 151?[0m
Hibernate: select user0_.user_id as user_id1_4_, user0_.email as email2_4_, user0_.password as password3_4_, user0_.role as role4_4_ from user user0_ where user0_.email=?
Hibernate: select quiz0_.quiz_id as quiz_id1_1_0_, quiz0_.text as text2_1_0_, quiz0_.title as title3_1_0_, quiz0_.userid as userid4_1_0_, user1_.user_id as user_id1_4_1_, user1_.email as email2_4_1_, user1_.password as password3_4_1_, user1_.role as role4_4_1_ from quiz quiz0_ left outer join user user1_ on quiz0_.userid=user1_.user_id where quiz0_.quiz_id=?
Hibernate: select user0_.user_id as user_id1_4_, user0_.email as email2_4_, user0_.password as password3_4_, user0_.role as role4_4_ from user user0_ where user0_.email=?
Hibernate: select answer0_.quiz_quiz_id as quiz_qui1_2_0_, answer0_.answer as answer2_2_0_ from quiz_answer answer0_ where answer0_.quiz_quiz_id=?
Hibernate: call next value for hibernate_sequence
Hibernate: insert into completion (completed_at, quiz_id, user_id, id) values (?, ?, ?, ?)
?[1;31m
Start test 152?[0m
Hibernate: select user0_.user_id as user_id1_4_, user0_.email as email2_4_, user0_.password as password3_4_, user0_.role as role4_4_ from user user0_ where user0_.email=?
Hibernate: select quiz0_.quiz_id as quiz_id1_1_0_, quiz0_.text as text2_1_0_, quiz0_.title as title3_1_0_, quiz0_.userid as userid4_1_0_, user1_.user_id as user_id1_4_1_, user1_.email as email2_4_1_, user1_.password as password3_4_1_, user1_.role as role4_4_1_ from quiz quiz0_ left outer join user user1_ on quiz0_.userid=user1_.user_id where quiz0_.quiz_id=?
Hibernate: select user0_.user_id as user_id1_4_, user0_.email as email2_4_, user0_.password as password3_4_, user0_.role as role4_4_ from user user0_ where user0_.email=?
Hibernate: select answer0_.quiz_quiz_id as quiz_qui1_2_0_, answer0_.answer as answer2_2_0_ from quiz_answer answer0_ where answer0_.quiz_quiz_id=?
?[1;31m
Start test 153?[0m
Hibernate: select user0_.user_id as user_id1_4_, user0_.email as email2_4_, user0_.password as password3_4_, user0_.role as role4_4_ from user user0_ where user0_.email=?
Hibernate: select quiz0_.quiz_id as quiz_id1_1_0_, quiz0_.text as text2_1_0_, quiz0_.title as title3_1_0_, quiz0_.userid as userid4_1_0_, user1_.user_id as user_id1_4_1_, user1_.email as email2_4_1_, user1_.password as password3_4_1_, user1_.role as role4_4_1_ from quiz quiz0_ left outer join user user1_ on quiz0_.userid=user1_.user_id where quiz0_.quiz_id=?
Hibernate: select user0_.user_id as user_id1_4_, user0_.email as email2_4_, user0_.password as password3_4_, user0_.role as role4_4_ from user user0_ where user0_.email=?
Hibernate: select answer0_.quiz_quiz_id as quiz_qui1_2_0_, answer0_.answer as answer2_2_0_ from quiz_answer answer0_ where answer0_.quiz_quiz_id=?
?[1;31m
Start test 154?[0m
Hibernate: select user0_.user_id as user_id1_4_, user0_.email as email2_4_, user0_.password as password3_4_, user0_.role as role4_4_ from user user0_ where user0_.email=?
Hibernate: select quiz0_.quiz_id as quiz_id1_1_, quiz0_.text as text2_1_, quiz0_.title as title3_1_, quiz0_.userid as userid4_1_ from quiz quiz0_ order by QUIZ_ID limit ?
Hibernate: select user0_.user_id as user_id1_4_0_, user0_.email as email2_4_0_, user0_.password as password3_4_0_, user0_.role as role4_4_0_ from user user0_ where user0_.user_id=?
Hibernate: select user0_.user_id as user_id1_4_0_, user0_.email as email2_4_0_, user0_.password as password3_4_0_, user0_.role as role4_4_0_ from user user0_ where user0_.user_id=?
Hibernate: select options0_.quiz_quiz_id as quiz_qui1_3_0_, options0_.options as options2_3_0_ from quiz_options options0_ where options0_.quiz_quiz_id=?
Hibernate: select options0_.quiz_quiz_id as quiz_qui1_3_0_, options0_.options as options2_3_0_ from quiz_options options0_ where options0_.quiz_quiz_id=?
Hibernate: select options0_.quiz_quiz_id as quiz_qui1_3_0_, options0_.options as options2_3_0_ from quiz_options options0_ where options0_.quiz_quiz_id=?
Hibernate: select options0_.quiz_quiz_id as quiz_qui1_3_0_, options0_.options as options2_3_0_ from quiz_options options0_ where options0_.quiz_quiz_id=?
Hibernate: select options0_.quiz_quiz_id as quiz_qui1_3_0_, options0_.options as options2_3_0_ from quiz_options options0_ where options0_.quiz_quiz_id=?
Hibernate: select options0_.quiz_quiz_id as quiz_qui1_3_0_, options0_.options as options2_3_0_ from quiz_options options0_ where options0_.quiz_quiz_id=?
Hibernate: select options0_.quiz_quiz_id as quiz_qui1_3_0_, options0_.options as options2_3_0_ from quiz_options options0_ where options0_.quiz_quiz_id=?
?[1;31m
Start test 155?[0m
2021-10-17 11:30:51.523  INFO 20204 --- [       Thread-9] o.s.s.concurrent.ThreadPoolTaskExecutor  : Shutting down ExecutorService 'applicationTaskExecutor'
2021-10-17 11:30:51.523  INFO 20204 --- [       Thread-9] j.LocalContainerEntityManagerFactoryBean : Closing JPA EntityManagerFactory for persistence unit 'default'
2021-10-17 11:30:51.523  INFO 20204 --- [       Thread-9] com.zaxxer.hikari.HikariDataSource       : HikariPool-2 - Shutdown initiated...
2021-10-17 11:30:51.554  INFO 20204 --- [       Thread-9] com.zaxxer.hikari.HikariDataSource       : HikariPool-2 - Shutdown completed.
  _____     ____    ___    _____     ____    ___    
 |  __ \   / __ \  |__ \  |  __ \   / __ \  |__ \   
 | |__) | | |  | |    ) | | |__) | | |  | |    ) |  
 |  _  /  | |  | |   / /  |  _  /  | |  | |   / /   
 | | \ \  | |__| |  / /_  | | \ \  | |__| |  / /_   
 |_|  \_\  \____/  |____| |_|  \_\  \____/  |____|  
                                                    
                                                    
2021-10-17 11:30:51.690  INFO 20204 --- [    Test worker] engine.WebQuizEngine                     : Starting WebQuizEngine on NB0588 with PID 20204 (started by BAlaktaa in C:\Users\BAlaktaa\IdeaProjects\Web Quiz Engine\Web Quiz Engine\task)
2021-10-17 11:30:51.690  INFO 20204 --- [    Test worker] engine.WebQuizEngine                     : No active profile set, falling back to default profiles: default
2021-10-17 11:30:51.968  INFO 20204 --- [    Test worker] .s.d.r.c.RepositoryConfigurationDelegate : Bootstrapping Spring Data JPA repositories in DEFAULT mode.
2021-10-17 11:30:51.984  INFO 20204 --- [    Test worker] .s.d.r.c.RepositoryConfigurationDelegate : Finished Spring Data repository scanning in 12ms. Found 3 JPA repository interfaces.
2021-10-17 11:30:52.022  INFO 20204 --- [    Test worker] trationDelegate$BeanPostProcessorChecker : Bean 'org.springframework.transaction.annotation.ProxyTransactionManagementConfiguration' of type [org.springframework.transaction.annotation.ProxyTransactionManagementConfiguration] is not eligible for getting processed by all BeanPostProcessors (for example: not eligible for auto-proxying)
2021-10-17 11:30:52.053  WARN 20204 --- [    Test worker] org.apache.tomcat.util.modeler.Registry  : The MBean registry cannot be disabled because it has already been initialised
2021-10-17 11:30:52.053  INFO 20204 --- [    Test worker] o.s.b.w.embedded.tomcat.TomcatWebServer  : Tomcat initialized with port(s): 8080 (http)
2021-10-17 11:30:52.053  INFO 20204 --- [    Test worker] o.apache.catalina.core.StandardService   : Starting service [Tomcat]
2021-10-17 11:30:52.053  INFO 20204 --- [    Test worker] org.apache.catalina.core.StandardEngine  : Starting Servlet engine: [Apache Tomcat/9.0.29]
2021-10-17 11:30:52.106  INFO 20204 --- [    Test worker] org.apache.jasper.servlet.TldScanner     : At least one JAR was scanned for TLDs yet contained no TLDs. Enable debug logging for this logger for a complete list of JARs that were scanned but no TLDs were found in them. Skipping unneeded JARs during scanning can improve startup time and JSP compilation time.
2021-10-17 11:30:52.106  INFO 20204 --- [    Test worker] o.a.c.c.C.[Tomcat].[localhost].[/]       : Initializing Spring embedded WebApplicationContext
2021-10-17 11:30:52.106  INFO 20204 --- [    Test worker] o.s.web.context.ContextLoader            : Root WebApplicationContext: initialization completed in 416 ms
2021-10-17 11:30:52.138  INFO 20204 --- [    Test worker] com.zaxxer.hikari.HikariDataSource       : HikariPool-3 - Starting...
2021-10-17 11:30:52.138  INFO 20204 --- [    Test worker] com.zaxxer.hikari.HikariDataSource       : HikariPool-3 - Start completed.
2021-10-17 11:30:52.138  INFO 20204 --- [    Test worker] o.s.b.a.h2.H2ConsoleAutoConfiguration    : H2 console available at '/h2-console'. Database available at 'jdbc:h2:file:../quizdb'
2021-10-17 11:30:52.191  INFO 20204 --- [    Test worker] o.hibernate.jpa.internal.util.LogHelper  : HHH000204: Processing PersistenceUnitInfo [name: default]
2021-10-17 11:30:52.207  INFO 20204 --- [    Test worker] org.hibernate.dialect.Dialect            : HHH000400: Using dialect: org.hibernate.dialect.H2Dialect
2021-10-17 11:30:52.269  INFO 20204 --- [    Test worker] o.h.e.t.j.p.i.JtaPlatformInitiator       : HHH000490: Using JtaPlatform implementation: [org.hibernate.engine.transaction.jta.platform.internal.NoJtaPlatform]
2021-10-17 11:30:52.269  INFO 20204 --- [    Test worker] j.LocalContainerEntityManagerFactoryBean : Initialized JPA EntityManagerFactory for persistence unit 'default'
2021-10-17 11:30:52.323  WARN 20204 --- [    Test worker] JpaBaseConfiguration$JpaWebConfiguration : spring.jpa.open-in-view is enabled by default. Therefore, database queries may be performed during view rendering. Explicitly configure spring.jpa.open-in-view to disable this warning
2021-10-17 11:30:52.392  INFO 20204 --- [    Test worker] o.s.b.a.e.web.EndpointLinksResolver      : Exposing 14 endpoint(s) beneath base path '/actuator'
2021-10-17 11:30:52.492  INFO 20204 --- [    Test worker] o.s.b.a.w.s.WelcomePageHandlerMapping    : Adding welcome page: class path resource [static/index.html]
2021-10-17 11:30:52.524  INFO 20204 --- [    Test worker] o.s.s.web.DefaultSecurityFilterChain     : Creating filter chain: any request, [org.springframework.security.web.context.request.async.WebAsyncManagerIntegrationFilter@363bbaba, org.springframework.security.web.context.SecurityContextPersistenceFilter@4a6794b3, org.springframework.security.web.header.HeaderWriterFilter@60853b53, org.springframework.security.web.authentication.logout.LogoutFilter@753be642, org.springframework.security.web.authentication.www.BasicAuthenticationFilter@217c780d, org.springframework.security.web.savedrequest.RequestCacheAwareFilter@7cb24208, org.springframework.security.web.servletapi.SecurityContextHolderAwareRequestFilter@35a4b16e, org.springframework.security.web.authentication.AnonymousAuthenticationFilter@52b7aabd, org.springframework.security.web.session.SessionManagementFilter@4f8f2244, org.springframework.security.web.access.ExceptionTranslationFilter@3dc1745b, org.springframework.security.web.access.intercept.FilterSecurityInterceptor@17ef733]
2021-10-17 11:30:52.532  INFO 20204 --- [    Test worker] o.s.s.concurrent.ThreadPoolTaskExecutor  : Initializing ExecutorService 'applicationTaskExecutor'
2021-10-17 11:30:52.650  INFO 20204 --- [    Test worker] o.s.b.w.embedded.tomcat.TomcatWebServer  : Tomcat started on port(s): 8080 (http) with context path ''
2021-10-17 11:30:52.650  INFO 20204 --- [    Test worker] engine.WebQuizEngine                     : Started WebQuizEngine in 0.975 seconds (JVM running for 20.907)
?[1;31m
Start test 156?[0m
2021-10-17 11:30:52.650  INFO 20204 --- [nio-8080-exec-1] o.a.c.c.C.[Tomcat].[localhost].[/]       : Initializing Spring DispatcherServlet 'dispatcherServlet'
2021-10-17 11:30:52.650  INFO 20204 --- [nio-8080-exec-1] o.s.web.servlet.DispatcherServlet        : Initializing Servlet 'dispatcherServlet'
2021-10-17 11:30:52.666  INFO 20204 --- [nio-8080-exec-1] o.s.web.servlet.DispatcherServlet        : Completed initialization in 16 ms
Hibernate: select user0_.user_id as user_id1_4_, user0_.email as email2_4_, user0_.password as password3_4_, user0_.role as role4_4_ from user user0_ where user0_.email=?
Hibernate: select quiz0_.quiz_id as quiz_id1_1_, quiz0_.text as text2_1_, quiz0_.title as title3_1_, quiz0_.userid as userid4_1_ from quiz quiz0_ order by QUIZ_ID limit ?
Hibernate: select user0_.user_id as user_id1_4_0_, user0_.email as email2_4_0_, user0_.password as password3_4_0_, user0_.role as role4_4_0_ from user user0_ where user0_.user_id=?
Hibernate: select user0_.user_id as user_id1_4_0_, user0_.email as email2_4_0_, user0_.password as password3_4_0_, user0_.role as role4_4_0_ from user user0_ where user0_.user_id=?
Hibernate: select options0_.quiz_quiz_id as quiz_qui1_3_0_, options0_.options as options2_3_0_ from quiz_options options0_ where options0_.quiz_quiz_id=?
Hibernate: select options0_.quiz_quiz_id as quiz_qui1_3_0_, options0_.options as options2_3_0_ from quiz_options options0_ where options0_.quiz_quiz_id=?
Hibernate: select options0_.quiz_quiz_id as quiz_qui1_3_0_, options0_.options as options2_3_0_ from quiz_options options0_ where options0_.quiz_quiz_id=?
Hibernate: select options0_.quiz_quiz_id as quiz_qui1_3_0_, options0_.options as options2_3_0_ from quiz_options options0_ where options0_.quiz_quiz_id=?
Hibernate: select options0_.quiz_quiz_id as quiz_qui1_3_0_, options0_.options as options2_3_0_ from quiz_options options0_ where options0_.quiz_quiz_id=?
Hibernate: select options0_.quiz_quiz_id as quiz_qui1_3_0_, options0_.options as options2_3_0_ from quiz_options options0_ where options0_.quiz_quiz_id=?
Hibernate: select options0_.quiz_quiz_id as quiz_qui1_3_0_, options0_.options as options2_3_0_ from quiz_options options0_ where options0_.quiz_quiz_id=?
?[1;31m
Start test 157?[0m
Hibernate: select user0_.user_id as user_id1_4_, user0_.email as email2_4_, user0_.password as password3_4_, user0_.role as role4_4_ from user user0_ where user0_.email=?
Hibernate: select quiz0_.quiz_id as quiz_id1_1_0_, quiz0_.text as text2_1_0_, quiz0_.title as title3_1_0_, quiz0_.userid as userid4_1_0_, user1_.user_id as user_id1_4_1_, user1_.email as email2_4_1_, user1_.password as password3_4_1_, user1_.role as role4_4_1_ from quiz quiz0_ left outer join user user1_ on quiz0_.userid=user1_.user_id where quiz0_.quiz_id=?
Hibernate: select user0_.user_id as user_id1_4_, user0_.email as email2_4_, user0_.password as password3_4_, user0_.role as role4_4_ from user user0_ where user0_.email=?
Hibernate: select answer0_.quiz_quiz_id as quiz_qui1_2_0_, answer0_.answer as answer2_2_0_ from quiz_answer answer0_ where answer0_.quiz_quiz_id=?
Hibernate: call next value for hibernate_sequence
Hibernate: insert into completion (completed_at, quiz_id, user_id, id) values (?, ?, ?, ?)
?[1;31m
Start test 158?[0m
Hibernate: select user0_.user_id as user_id1_4_, user0_.email as email2_4_, user0_.password as password3_4_, user0_.role as role4_4_ from user user0_ where user0_.email=?
Hibernate: select quiz0_.quiz_id as quiz_id1_1_0_, quiz0_.text as text2_1_0_, quiz0_.title as title3_1_0_, quiz0_.userid as userid4_1_0_, user1_.user_id as user_id1_4_1_, user1_.email as email2_4_1_, user1_.password as password3_4_1_, user1_.role as role4_4_1_ from quiz quiz0_ left outer join user user1_ on quiz0_.userid=user1_.user_id where quiz0_.quiz_id=?
Hibernate: select user0_.user_id as user_id1_4_, user0_.email as email2_4_, user0_.password as password3_4_, user0_.role as role4_4_ from user user0_ where user0_.email=?
Hibernate: select answer0_.quiz_quiz_id as quiz_qui1_2_0_, answer0_.answer as answer2_2_0_ from quiz_answer answer0_ where answer0_.quiz_quiz_id=?
?[1;31m
Start test 159?[0m
Hibernate: select user0_.user_id as user_id1_4_, user0_.email as email2_4_, user0_.password as password3_4_, user0_.role as role4_4_ from user user0_ where user0_.email=?
Hibernate: select quiz0_.quiz_id as quiz_id1_1_0_, quiz0_.text as text2_1_0_, quiz0_.title as title3_1_0_, quiz0_.userid as userid4_1_0_, user1_.user_id as user_id1_4_1_, user1_.email as email2_4_1_, user1_.password as password3_4_1_, user1_.role as role4_4_1_ from quiz quiz0_ left outer join user user1_ on quiz0_.userid=user1_.user_id where quiz0_.quiz_id=?
Hibernate: select user0_.user_id as user_id1_4_, user0_.email as email2_4_, user0_.password as password3_4_, user0_.role as role4_4_ from user user0_ where user0_.email=?
Hibernate: select answer0_.quiz_quiz_id as quiz_qui1_2_0_, answer0_.answer as answer2_2_0_ from quiz_answer answer0_ where answer0_.quiz_quiz_id=?
?[1;31m
Start test 160?[0m
Hibernate: select user0_.user_id as user_id1_4_, user0_.email as email2_4_, user0_.password as password3_4_, user0_.role as role4_4_ from user user0_ where user0_.email=?
Hibernate: select quiz0_.quiz_id as quiz_id1_1_0_, quiz0_.text as text2_1_0_, quiz0_.title as title3_1_0_, quiz0_.userid as userid4_1_0_, user1_.user_id as user_id1_4_1_, user1_.email as email2_4_1_, user1_.password as password3_4_1_, user1_.role as role4_4_1_ from quiz quiz0_ left outer join user user1_ on quiz0_.userid=user1_.user_id where quiz0_.quiz_id=?
Hibernate: select user0_.user_id as user_id1_4_, user0_.email as email2_4_, user0_.password as password3_4_, user0_.role as role4_4_ from user user0_ where user0_.email=?
Hibernate: select answer0_.quiz_quiz_id as quiz_qui1_2_0_, answer0_.answer as answer2_2_0_ from quiz_answer answer0_ where answer0_.quiz_quiz_id=?
Hibernate: call next value for hibernate_sequence
Hibernate: insert into completion (completed_at, quiz_id, user_id, id) values (?, ?, ?, ?)
?[1;31m
Start test 161?[0m
Hibernate: select user0_.user_id as user_id1_4_, user0_.email as email2_4_, user0_.password as password3_4_, user0_.role as role4_4_ from user user0_ where user0_.email=?
Hibernate: select user0_.user_id as user_id1_4_, user0_.email as email2_4_, user0_.password as password3_4_, user0_.role as role4_4_ from user user0_ where user0_.email=?
Hibernate: select distinct completion0_.quiz_id as col_0_0_, completion0_.completed_at as col_1_0_ from completion completion0_ cross join user user1_ where completion0_.user_id=user1_.user_id and user1_.email=? order by completion0_.completed_at desc limit ?
?[1;31m
Start test 162?[0m
Hibernate: select user0_.user_id as user_id1_4_, user0_.email as email2_4_, user0_.password as password3_4_, user0_.role as role4_4_ from user user0_ where user0_.email=?
Hibernate: select user0_.user_id as user_id1_4_, user0_.email as email2_4_, user0_.password as password3_4_, user0_.role as role4_4_ from user user0_ where user0_.email=?
Hibernate: select distinct completion0_.quiz_id as col_0_0_, completion0_.completed_at as col_1_0_ from completion completion0_ cross join user user1_ where completion0_.user_id=user1_.user_id and user1_.email=? order by completion0_.completed_at desc limit ?
?[1;31m
Start test 163?[0m
Hibernate: select user0_.user_id as user_id1_4_, user0_.email as email2_4_, user0_.password as password3_4_, user0_.role as role4_4_ from user user0_ where user0_.email=?
Hibernate: select user0_.user_id as user_id1_4_, user0_.email as email2_4_, user0_.password as password3_4_, user0_.role as role4_4_ from user user0_ where user0_.email=?
Hibernate: select distinct completion0_.quiz_id as col_0_0_, completion0_.completed_at as col_1_0_ from completion completion0_ cross join user user1_ where completion0_.user_id=user1_.user_id and user1_.email=? order by completion0_.completed_at desc limit ?
?[1;31m
Start test 164?[0m
Hibernate: select user0_.user_id as user_id1_4_, user0_.email as email2_4_, user0_.password as password3_4_, user0_.role as role4_4_ from user user0_ where user0_.email=?
Hibernate: select user0_.user_id as user_id1_4_, user0_.email as email2_4_, user0_.password as password3_4_, user0_.role as role4_4_ from user user0_ where user0_.email=?
Hibernate: select distinct completion0_.quiz_id as col_0_0_, completion0_.completed_at as col_1_0_ from completion completion0_ cross join user user1_ where completion0_.user_id=user1_.user_id and user1_.email=? order by completion0_.completed_at desc limit ?
?[1;31m
Start test 165?[0m
Hibernate: select user0_.user_id as user_id1_4_, user0_.email as email2_4_, user0_.password as password3_4_, user0_.role as role4_4_ from user user0_ where user0_.email=?
Hibernate: select user0_.user_id as user_id1_4_, user0_.email as email2_4_, user0_.password as password3_4_, user0_.role as role4_4_ from user user0_ where user0_.email=?
Hibernate: select distinct completion0_.quiz_id as col_0_0_, completion0_.completed_at as col_1_0_ from completion completion0_ cross join user user1_ where completion0_.user_id=user1_.user_id and user1_.email=? order by completion0_.completed_at desc limit ?
?[1;31m
Start test 166?[0m
Hibernate: select user0_.user_id as user_id1_4_, user0_.email as email2_4_, user0_.password as password3_4_, user0_.role as role4_4_ from user user0_ where user0_.email=?
Hibernate: select user0_.user_id as user_id1_4_, user0_.email as email2_4_, user0_.password as password3_4_, user0_.role as role4_4_ from user user0_ where user0_.email=?
Hibernate: select distinct completion0_.quiz_id as col_0_0_, completion0_.completed_at as col_1_0_ from completion completion0_ cross join user user1_ where completion0_.user_id=user1_.user_id and user1_.email=? order by completion0_.completed_at desc limit ?
?[1;31m
Start test 167?[0m
Hibernate: select user0_.user_id as user_id1_4_, user0_.email as email2_4_, user0_.password as password3_4_, user0_.role as role4_4_ from user user0_ where user0_.email=?
Hibernate: select user0_.user_id as user_id1_4_, user0_.email as email2_4_, user0_.password as password3_4_, user0_.role as role4_4_ from user user0_ where user0_.email=?
Hibernate: select distinct completion0_.quiz_id as col_0_0_, completion0_.completed_at as col_1_0_ from completion completion0_ cross join user user1_ where completion0_.user_id=user1_.user_id and user1_.email=? order by completion0_.completed_at desc limit ?
?[1;31m
Start test 168?[0m
Hibernate: select user0_.user_id as user_id1_4_, user0_.email as email2_4_, user0_.password as password3_4_, user0_.role as role4_4_ from user user0_ where user0_.email=?
Hibernate: select user0_.user_id as user_id1_4_, user0_.email as email2_4_, user0_.password as password3_4_, user0_.role as role4_4_ from user user0_ where user0_.email=?
Hibernate: select distinct completion0_.quiz_id as col_0_0_, completion0_.completed_at as col_1_0_ from completion completion0_ cross join user user1_ where completion0_.user_id=user1_.user_id and user1_.email=? order by completion0_.completed_at desc limit ?
?[1;31m
Start test 169?[0m
Hibernate: select user0_.user_id as user_id1_4_, user0_.email as email2_4_, user0_.password as password3_4_, user0_.role as role4_4_ from user user0_ where user0_.email=?
Hibernate: select user0_.user_id as user_id1_4_, user0_.email as email2_4_, user0_.password as password3_4_, user0_.role as role4_4_ from user user0_ where user0_.email=?
Hibernate: select distinct completion0_.quiz_id as col_0_0_, completion0_.completed_at as col_1_0_ from completion completion0_ cross join user user1_ where completion0_.user_id=user1_.user_id and user1_.email=? order by completion0_.completed_at desc limit ?
?[1;31m
Start test 170?[0m
Hibernate: select user0_.user_id as user_id1_4_, user0_.email as email2_4_, user0_.password as password3_4_, user0_.role as role4_4_ from user user0_ where user0_.email=?
Hibernate: select user0_.user_id as user_id1_4_, user0_.email as email2_4_, user0_.password as password3_4_, user0_.role as role4_4_ from user user0_ where user0_.email=?
Hibernate: select distinct completion0_.quiz_id as col_0_0_, completion0_.completed_at as col_1_0_ from completion completion0_ cross join user user1_ where completion0_.user_id=user1_.user_id and user1_.email=? order by completion0_.completed_at desc limit ?
?[1;31m
Start test 171?[0m
Hibernate: select user0_.user_id as user_id1_4_, user0_.email as email2_4_, user0_.password as password3_4_, user0_.role as role4_4_ from user user0_ where user0_.email=?
Hibernate: select user0_.user_id as user_id1_4_, user0_.email as email2_4_, user0_.password as password3_4_, user0_.role as role4_4_ from user user0_ where user0_.email=?
Hibernate: select distinct completion0_.quiz_id as col_0_0_, completion0_.completed_at as col_1_0_ from completion completion0_ cross join user user1_ where completion0_.user_id=user1_.user_id and user1_.email=? order by completion0_.completed_at desc limit ?
?[1;31m
Start test 172?[0m
Hibernate: select user0_.user_id as user_id1_4_, user0_.email as email2_4_, user0_.password as password3_4_, user0_.role as role4_4_ from user user0_ where user0_.email=?
Hibernate: select quiz0_.quiz_id as quiz_id1_1_0_, quiz0_.text as text2_1_0_, quiz0_.title as title3_1_0_, quiz0_.userid as userid4_1_0_, user1_.user_id as user_id1_4_1_, user1_.email as email2_4_1_, user1_.password as password3_4_1_, user1_.role as role4_4_1_ from quiz quiz0_ left outer join user user1_ on quiz0_.userid=user1_.user_id where quiz0_.quiz_id=?
Hibernate: select user0_.user_id as user_id1_4_, user0_.email as email2_4_, user0_.password as password3_4_, user0_.role as role4_4_ from user user0_ where user0_.email=?
Hibernate: select answer0_.quiz_quiz_id as quiz_qui1_2_0_, answer0_.answer as answer2_2_0_ from quiz_answer answer0_ where answer0_.quiz_quiz_id=?
Hibernate: call next value for hibernate_sequence
Hibernate: insert into completion (completed_at, quiz_id, user_id, id) values (?, ?, ?, ?)
?[1;31m
Start test 173?[0m
Hibernate: select user0_.user_id as user_id1_4_, user0_.email as email2_4_, user0_.password as password3_4_, user0_.role as role4_4_ from user user0_ where user0_.email=?
Hibernate: select quiz0_.quiz_id as quiz_id1_1_0_, quiz0_.text as text2_1_0_, quiz0_.title as title3_1_0_, quiz0_.userid as userid4_1_0_, user1_.user_id as user_id1_4_1_, user1_.email as email2_4_1_, user1_.password as password3_4_1_, user1_.role as role4_4_1_ from quiz quiz0_ left outer join user user1_ on quiz0_.userid=user1_.user_id where quiz0_.quiz_id=?
Hibernate: select user0_.user_id as user_id1_4_, user0_.email as email2_4_, user0_.password as password3_4_, user0_.role as role4_4_ from user user0_ where user0_.email=?
Hibernate: select answer0_.quiz_quiz_id as quiz_qui1_2_0_, answer0_.answer as answer2_2_0_ from quiz_answer answer0_ where answer0_.quiz_quiz_id=?
Hibernate: call next value for hibernate_sequence
Hibernate: insert into completion (completed_at, quiz_id, user_id, id) values (?, ?, ?, ?)
?[1;31m
Start test 174?[0m
Hibernate: select user0_.user_id as user_id1_4_, user0_.email as email2_4_, user0_.password as password3_4_, user0_.role as role4_4_ from user user0_ where user0_.email=?
Hibernate: select quiz0_.quiz_id as quiz_id1_1_0_, quiz0_.text as text2_1_0_, quiz0_.title as title3_1_0_, quiz0_.userid as userid4_1_0_, user1_.user_id as user_id1_4_1_, user1_.email as email2_4_1_, user1_.password as password3_4_1_, user1_.role as role4_4_1_ from quiz quiz0_ left outer join user user1_ on quiz0_.userid=user1_.user_id where quiz0_.quiz_id=?
Hibernate: select user0_.user_id as user_id1_4_, user0_.email as email2_4_, user0_.password as password3_4_, user0_.role as role4_4_ from user user0_ where user0_.email=?
Hibernate: select answer0_.quiz_quiz_id as quiz_qui1_2_0_, answer0_.answer as answer2_2_0_ from quiz_answer answer0_ where answer0_.quiz_quiz_id=?
Hibernate: call next value for hibernate_sequence
Hibernate: insert into completion (completed_at, quiz_id, user_id, id) values (?, ?, ?, ?)
?[1;31m
Start test 175?[0m
Hibernate: select user0_.user_id as user_id1_4_, user0_.email as email2_4_, user0_.password as password3_4_, user0_.role as role4_4_ from user user0_ where user0_.email=?
Hibernate: select quiz0_.quiz_id as quiz_id1_1_0_, quiz0_.text as text2_1_0_, quiz0_.title as title3_1_0_, quiz0_.userid as userid4_1_0_, user1_.user_id as user_id1_4_1_, user1_.email as email2_4_1_, user1_.password as password3_4_1_, user1_.role as role4_4_1_ from quiz quiz0_ left outer join user user1_ on quiz0_.userid=user1_.user_id where quiz0_.quiz_id=?
Hibernate: select user0_.user_id as user_id1_4_, user0_.email as email2_4_, user0_.password as password3_4_, user0_.role as role4_4_ from user user0_ where user0_.email=?
Hibernate: select answer0_.quiz_quiz_id as quiz_qui1_2_0_, answer0_.answer as answer2_2_0_ from quiz_answer answer0_ where answer0_.quiz_quiz_id=?
Hibernate: call next value for hibernate_sequence
Hibernate: insert into completion (completed_at, quiz_id, user_id, id) values (?, ?, ?, ?)
?[1;31m
Start test 176?[0m
Hibernate: select user0_.user_id as user_id1_4_, user0_.email as email2_4_, user0_.password as password3_4_, user0_.role as role4_4_ from user user0_ where user0_.email=?
Hibernate: select quiz0_.quiz_id as quiz_id1_1_0_, quiz0_.text as text2_1_0_, quiz0_.title as title3_1_0_, quiz0_.userid as userid4_1_0_, user1_.user_id as user_id1_4_1_, user1_.email as email2_4_1_, user1_.password as password3_4_1_, user1_.role as role4_4_1_ from quiz quiz0_ left outer join user user1_ on quiz0_.userid=user1_.user_id where quiz0_.quiz_id=?
Hibernate: select user0_.user_id as user_id1_4_, user0_.email as email2_4_, user0_.password as password3_4_, user0_.role as role4_4_ from user user0_ where user0_.email=?
Hibernate: select answer0_.quiz_quiz_id as quiz_qui1_2_0_, answer0_.answer as answer2_2_0_ from quiz_answer answer0_ where answer0_.quiz_quiz_id=?
Hibernate: call next value for hibernate_sequence
Hibernate: insert into completion (completed_at, quiz_id, user_id, id) values (?, ?, ?, ?)
?[1;31m
Start test 177?[0m
Hibernate: select user0_.user_id as user_id1_4_, user0_.email as email2_4_, user0_.password as password3_4_, user0_.role as role4_4_ from user user0_ where user0_.email=?
Hibernate: select quiz0_.quiz_id as quiz_id1_1_0_, quiz0_.text as text2_1_0_, quiz0_.title as title3_1_0_, quiz0_.userid as userid4_1_0_, user1_.user_id as user_id1_4_1_, user1_.email as email2_4_1_, user1_.password as password3_4_1_, user1_.role as role4_4_1_ from quiz quiz0_ left outer join user user1_ on quiz0_.userid=user1_.user_id where quiz0_.quiz_id=?
Hibernate: select user0_.user_id as user_id1_4_, user0_.email as email2_4_, user0_.password as password3_4_, user0_.role as role4_4_ from user user0_ where user0_.email=?
Hibernate: select answer0_.quiz_quiz_id as quiz_qui1_2_0_, answer0_.answer as answer2_2_0_ from quiz_answer answer0_ where answer0_.quiz_quiz_id=?
Hibernate: call next value for hibernate_sequence
Hibernate: insert into completion (completed_at, quiz_id, user_id, id) values (?, ?, ?, ?)
?[1;31m
Start test 178?[0m
Hibernate: select user0_.user_id as user_id1_4_, user0_.email as email2_4_, user0_.password as password3_4_, user0_.role as role4_4_ from user user0_ where user0_.email=?
Hibernate: select quiz0_.quiz_id as quiz_id1_1_0_, quiz0_.text as text2_1_0_, quiz0_.title as title3_1_0_, quiz0_.userid as userid4_1_0_, user1_.user_id as user_id1_4_1_, user1_.email as email2_4_1_, user1_.password as password3_4_1_, user1_.role as role4_4_1_ from quiz quiz0_ left outer join user user1_ on quiz0_.userid=user1_.user_id where quiz0_.quiz_id=?
Hibernate: select user0_.user_id as user_id1_4_, user0_.email as email2_4_, user0_.password as password3_4_, user0_.role as role4_4_ from user user0_ where user0_.email=?
Hibernate: select answer0_.quiz_quiz_id as quiz_qui1_2_0_, answer0_.answer as answer2_2_0_ from quiz_answer answer0_ where answer0_.quiz_quiz_id=?
Hibernate: call next value for hibernate_sequence
Hibernate: insert into completion (completed_at, quiz_id, user_id, id) values (?, ?, ?, ?)
?[1;31m
Start test 179?[0m
Hibernate: select user0_.user_id as user_id1_4_, user0_.email as email2_4_, user0_.password as password3_4_, user0_.role as role4_4_ from user user0_ where user0_.email=?
Hibernate: select quiz0_.quiz_id as quiz_id1_1_0_, quiz0_.text as text2_1_0_, quiz0_.title as title3_1_0_, quiz0_.userid as userid4_1_0_, user1_.user_id as user_id1_4_1_, user1_.email as email2_4_1_, user1_.password as password3_4_1_, user1_.role as role4_4_1_ from quiz quiz0_ left outer join user user1_ on quiz0_.userid=user1_.user_id where quiz0_.quiz_id=?
Hibernate: select user0_.user_id as user_id1_4_, user0_.email as email2_4_, user0_.password as password3_4_, user0_.role as role4_4_ from user user0_ where user0_.email=?
Hibernate: select answer0_.quiz_quiz_id as quiz_qui1_2_0_, answer0_.answer as answer2_2_0_ from quiz_answer answer0_ where answer0_.quiz_quiz_id=?
Hibernate: call next value for hibernate_sequence
Hibernate: insert into completion (completed_at, quiz_id, user_id, id) values (?, ?, ?, ?)
?[1;31m
Start test 180?[0m
Hibernate: select user0_.user_id as user_id1_4_, user0_.email as email2_4_, user0_.password as password3_4_, user0_.role as role4_4_ from user user0_ where user0_.email=?
Hibernate: select quiz0_.quiz_id as quiz_id1_1_0_, quiz0_.text as text2_1_0_, quiz0_.title as title3_1_0_, quiz0_.userid as userid4_1_0_, user1_.user_id as user_id1_4_1_, user1_.email as email2_4_1_, user1_.password as password3_4_1_, user1_.role as role4_4_1_ from quiz quiz0_ left outer join user user1_ on quiz0_.userid=user1_.user_id where quiz0_.quiz_id=?
Hibernate: select user0_.user_id as user_id1_4_, user0_.email as email2_4_, user0_.password as password3_4_, user0_.role as role4_4_ from user user0_ where user0_.email=?
Hibernate: select answer0_.quiz_quiz_id as quiz_qui1_2_0_, answer0_.answer as answer2_2_0_ from quiz_answer answer0_ where answer0_.quiz_quiz_id=?
Hibernate: call next value for hibernate_sequence
Hibernate: insert into completion (completed_at, quiz_id, user_id, id) values (?, ?, ?, ?)
?[1;31m
Start test 181?[0m
Hibernate: select user0_.user_id as user_id1_4_, user0_.email as email2_4_, user0_.password as password3_4_, user0_.role as role4_4_ from user user0_ where user0_.email=?
Hibernate: select quiz0_.quiz_id as quiz_id1_1_0_, quiz0_.text as text2_1_0_, quiz0_.title as title3_1_0_, quiz0_.userid as userid4_1_0_, user1_.user_id as user_id1_4_1_, user1_.email as email2_4_1_, user1_.password as password3_4_1_, user1_.role as role4_4_1_ from quiz quiz0_ left outer join user user1_ on quiz0_.userid=user1_.user_id where quiz0_.quiz_id=?
Hibernate: select user0_.user_id as user_id1_4_, user0_.email as email2_4_, user0_.password as password3_4_, user0_.role as role4_4_ from user user0_ where user0_.email=?
Hibernate: select answer0_.quiz_quiz_id as quiz_qui1_2_0_, answer0_.answer as answer2_2_0_ from quiz_answer answer0_ where answer0_.quiz_quiz_id=?
Hibernate: call next value for hibernate_sequence
Hibernate: insert into completion (completed_at, quiz_id, user_id, id) values (?, ?, ?, ?)
?[1;31m
Start test 182?[0m
Hibernate: select user0_.user_id as user_id1_4_, user0_.email as email2_4_, user0_.password as password3_4_, user0_.role as role4_4_ from user user0_ where user0_.email=?
Hibernate: select quiz0_.quiz_id as quiz_id1_1_0_, quiz0_.text as text2_1_0_, quiz0_.title as title3_1_0_, quiz0_.userid as userid4_1_0_, user1_.user_id as user_id1_4_1_, user1_.email as email2_4_1_, user1_.password as password3_4_1_, user1_.role as role4_4_1_ from quiz quiz0_ left outer join user user1_ on quiz0_.userid=user1_.user_id where quiz0_.quiz_id=?
Hibernate: select user0_.user_id as user_id1_4_, user0_.email as email2_4_, user0_.password as password3_4_, user0_.role as role4_4_ from user user0_ where user0_.email=?
Hibernate: select answer0_.quiz_quiz_id as quiz_qui1_2_0_, answer0_.answer as answer2_2_0_ from quiz_answer answer0_ where answer0_.quiz_quiz_id=?
Hibernate: call next value for hibernate_sequence
Hibernate: insert into completion (completed_at, quiz_id, user_id, id) values (?, ?, ?, ?)
?[1;31m
Start test 183?[0m
Hibernate: select user0_.user_id as user_id1_4_, user0_.email as email2_4_, user0_.password as password3_4_, user0_.role as role4_4_ from user user0_ where user0_.email=?
Hibernate: select quiz0_.quiz_id as quiz_id1_1_0_, quiz0_.text as text2_1_0_, quiz0_.title as title3_1_0_, quiz0_.userid as userid4_1_0_, user1_.user_id as user_id1_4_1_, user1_.email as email2_4_1_, user1_.password as password3_4_1_, user1_.role as role4_4_1_ from quiz quiz0_ left outer join user user1_ on quiz0_.userid=user1_.user_id where quiz0_.quiz_id=?
Hibernate: select user0_.user_id as user_id1_4_, user0_.email as email2_4_, user0_.password as password3_4_, user0_.role as role4_4_ from user user0_ where user0_.email=?
Hibernate: select answer0_.quiz_quiz_id as quiz_qui1_2_0_, answer0_.answer as answer2_2_0_ from quiz_answer answer0_ where answer0_.quiz_quiz_id=?
Hibernate: call next value for hibernate_sequence
Hibernate: insert into completion (completed_at, quiz_id, user_id, id) values (?, ?, ?, ?)
?[1;31m
Start test 184?[0m
Hibernate: select user0_.user_id as user_id1_4_, user0_.email as email2_4_, user0_.password as password3_4_, user0_.role as role4_4_ from user user0_ where user0_.email=?
Hibernate: select user0_.user_id as user_id1_4_, user0_.email as email2_4_, user0_.password as password3_4_, user0_.role as role4_4_ from user user0_ where user0_.email=?
Hibernate: select distinct completion0_.quiz_id as col_0_0_, completion0_.completed_at as col_1_0_ from completion completion0_ cross join user user1_ where completion0_.user_id=user1_.user_id and user1_.email=? order by completion0_.completed_at desc limit ?
Hibernate: select count(distinct completion0_.id) as col_0_0_ from completion completion0_ cross join user user1_ where completion0_.user_id=user1_.user_id and user1_.email=?
?[1;31m
Start test 185?[0m
Hibernate: select user0_.user_id as user_id1_4_, user0_.email as email2_4_, user0_.password as password3_4_, user0_.role as role4_4_ from user user0_ where user0_.email=?
Hibernate: select user0_.user_id as user_id1_4_, user0_.email as email2_4_, user0_.password as password3_4_, user0_.role as role4_4_ from user user0_ where user0_.email=?
Hibernate: select distinct completion0_.quiz_id as col_0_0_, completion0_.completed_at as col_1_0_ from completion completion0_ cross join user user1_ where completion0_.user_id=user1_.user_id and user1_.email=? order by completion0_.completed_at desc limit ?
Hibernate: select count(distinct completion0_.id) as col_0_0_ from completion completion0_ cross join user user1_ where completion0_.user_id=user1_.user_id and user1_.email=?
?[1;31m
Start test 186?[0m
Hibernate: select user0_.user_id as user_id1_4_, user0_.email as email2_4_, user0_.password as password3_4_, user0_.role as role4_4_ from user user0_ where user0_.email=?
Hibernate: select user0_.user_id as user_id1_4_, user0_.email as email2_4_, user0_.password as password3_4_, user0_.role as role4_4_ from user user0_ where user0_.email=?
Hibernate: select distinct completion0_.quiz_id as col_0_0_, completion0_.completed_at as col_1_0_ from completion completion0_ cross join user user1_ where completion0_.user_id=user1_.user_id and user1_.email=? order by completion0_.completed_at desc limit ?
Hibernate: select count(distinct completion0_.id) as col_0_0_ from completion completion0_ cross join user user1_ where completion0_.user_id=user1_.user_id and user1_.email=?
?[1;31m
Start test 187?[0m
Hibernate: select user0_.user_id as user_id1_4_, user0_.email as email2_4_, user0_.password as password3_4_, user0_.role as role4_4_ from user user0_ where user0_.email=?
Hibernate: select user0_.user_id as user_id1_4_, user0_.email as email2_4_, user0_.password as password3_4_, user0_.role as role4_4_ from user user0_ where user0_.email=?
Hibernate: select distinct completion0_.quiz_id as col_0_0_, completion0_.completed_at as col_1_0_ from completion completion0_ cross join user user1_ where completion0_.user_id=user1_.user_id and user1_.email=? order by completion0_.completed_at desc limit ?
Hibernate: select count(distinct completion0_.id) as col_0_0_ from completion completion0_ cross join user user1_ where completion0_.user_id=user1_.user_id and user1_.email=?
?[1;31m
Start test 188?[0m
Hibernate: select user0_.user_id as user_id1_4_, user0_.email as email2_4_, user0_.password as password3_4_, user0_.role as role4_4_ from user user0_ where user0_.email=?
Hibernate: select user0_.user_id as user_id1_4_, user0_.email as email2_4_, user0_.password as password3_4_, user0_.role as role4_4_ from user user0_ where user0_.email=?
Hibernate: select distinct completion0_.quiz_id as col_0_0_, completion0_.completed_at as col_1_0_ from completion completion0_ cross join user user1_ where completion0_.user_id=user1_.user_id and user1_.email=? order by completion0_.completed_at desc limit ?
Hibernate: select count(distinct completion0_.id) as col_0_0_ from completion completion0_ cross join user user1_ where completion0_.user_id=user1_.user_id and user1_.email=?
?[1;31m
Start test 189?[0m
Hibernate: select user0_.user_id as user_id1_4_, user0_.email as email2_4_, user0_.password as password3_4_, user0_.role as role4_4_ from user user0_ where user0_.email=?
Hibernate: select user0_.user_id as user_id1_4_, user0_.email as email2_4_, user0_.password as password3_4_, user0_.role as role4_4_ from user user0_ where user0_.email=?
Hibernate: select distinct completion0_.quiz_id as col_0_0_, completion0_.completed_at as col_1_0_ from completion completion0_ cross join user user1_ where completion0_.user_id=user1_.user_id and user1_.email=? order by completion0_.completed_at desc limit ?
Hibernate: select count(distinct completion0_.id) as col_0_0_ from completion completion0_ cross join user user1_ where completion0_.user_id=user1_.user_id and user1_.email=?
?[1;31m
Start test 190?[0m
Hibernate: select user0_.user_id as user_id1_4_, user0_.email as email2_4_, user0_.password as password3_4_, user0_.role as role4_4_ from user user0_ where user0_.email=?
Hibernate: select user0_.user_id as user_id1_4_, user0_.email as email2_4_, user0_.password as password3_4_, user0_.role as role4_4_ from user user0_ where user0_.email=?
Hibernate: select distinct completion0_.quiz_id as col_0_0_, completion0_.completed_at as col_1_0_ from completion completion0_ cross join user user1_ where completion0_.user_id=user1_.user_id and user1_.email=? order by completion0_.completed_at desc limit ? offset ?
?[1;31m
Start test 191?[0m
Hibernate: select user0_.user_id as user_id1_4_, user0_.email as email2_4_, user0_.password as password3_4_, user0_.role as role4_4_ from user user0_ where user0_.email=?
Hibernate: select user0_.user_id as user_id1_4_, user0_.email as email2_4_, user0_.password as password3_4_, user0_.role as role4_4_ from user user0_ where user0_.email=?
Hibernate: select distinct completion0_.quiz_id as col_0_0_, completion0_.completed_at as col_1_0_ from completion completion0_ cross join user user1_ where completion0_.user_id=user1_.user_id and user1_.email=? order by completion0_.completed_at desc limit ?
Hibernate: select count(distinct completion0_.id) as col_0_0_ from completion completion0_ cross join user user1_ where completion0_.user_id=user1_.user_id and user1_.email=?
?[1;31m
Start test 192?[0m
Hibernate: select user0_.user_id as user_id1_4_, user0_.email as email2_4_, user0_.password as password3_4_, user0_.role as role4_4_ from user user0_ where user0_.email=?
Hibernate: select user0_.user_id as user_id1_4_, user0_.email as email2_4_, user0_.password as password3_4_, user0_.role as role4_4_ from user user0_ where user0_.email=?
Hibernate: select distinct completion0_.quiz_id as col_0_0_, completion0_.completed_at as col_1_0_ from completion completion0_ cross join user user1_ where completion0_.user_id=user1_.user_id and user1_.email=? order by completion0_.completed_at desc limit ?
Hibernate: select count(distinct completion0_.id) as col_0_0_ from completion completion0_ cross join user user1_ where completion0_.user_id=user1_.user_id and user1_.email=?
?[1;31m
Start test 193?[0m
Hibernate: select user0_.user_id as user_id1_4_, user0_.email as email2_4_, user0_.password as password3_4_, user0_.role as role4_4_ from user user0_ where user0_.email=?
Hibernate: select user0_.user_id as user_id1_4_, user0_.email as email2_4_, user0_.password as password3_4_, user0_.role as role4_4_ from user user0_ where user0_.email=?
Hibernate: select distinct completion0_.quiz_id as col_0_0_, completion0_.completed_at as col_1_0_ from completion completion0_ cross join user user1_ where completion0_.user_id=user1_.user_id and user1_.email=? order by completion0_.completed_at desc limit ?
Hibernate: select count(distinct completion0_.id) as col_0_0_ from completion completion0_ cross join user user1_ where completion0_.user_id=user1_.user_id and user1_.email=?
?[1;31m
Start test 194?[0m
Hibernate: select user0_.user_id as user_id1_4_, user0_.email as email2_4_, user0_.password as password3_4_, user0_.role as role4_4_ from user user0_ where user0_.email=?
Hibernate: select user0_.user_id as user_id1_4_, user0_.email as email2_4_, user0_.password as password3_4_, user0_.role as role4_4_ from user user0_ where user0_.email=?
Hibernate: select distinct completion0_.quiz_id as col_0_0_, completion0_.completed_at as col_1_0_ from completion completion0_ cross join user user1_ where completion0_.user_id=user1_.user_id and user1_.email=? order by completion0_.completed_at desc limit ?
Hibernate: select count(distinct completion0_.id) as col_0_0_ from completion completion0_ cross join user user1_ where completion0_.user_id=user1_.user_id and user1_.email=?
?[1;31m
Start test 195?[0m
Hibernate: select user0_.user_id as user_id1_4_, user0_.email as email2_4_, user0_.password as password3_4_, user0_.role as role4_4_ from user user0_ where user0_.email=?
Hibernate: select user0_.user_id as user_id1_4_, user0_.email as email2_4_, user0_.password as password3_4_, user0_.role as role4_4_ from user user0_ where user0_.email=?
Hibernate: select distinct completion0_.quiz_id as col_0_0_, completion0_.completed_at as col_1_0_ from completion completion0_ cross join user user1_ where completion0_.user_id=user1_.user_id and user1_.email=? order by completion0_.completed_at desc limit ?
Hibernate: select count(distinct completion0_.id) as col_0_0_ from completion completion0_ cross join user user1_ where completion0_.user_id=user1_.user_id and user1_.email=?
?[1;31m
Start test 196?[0m
Hibernate: select user0_.user_id as user_id1_4_, user0_.email as email2_4_, user0_.password as password3_4_, user0_.role as role4_4_ from user user0_ where user0_.email=?
Hibernate: select user0_.user_id as user_id1_4_, user0_.email as email2_4_, user0_.password as password3_4_, user0_.role as role4_4_ from user user0_ where user0_.email=?
Hibernate: select distinct completion0_.quiz_id as col_0_0_, completion0_.completed_at as col_1_0_ from completion completion0_ cross join user user1_ where completion0_.user_id=user1_.user_id and user1_.email=? order by completion0_.completed_at desc limit ?
Hibernate: select count(distinct completion0_.id) as col_0_0_ from completion completion0_ cross join user user1_ where completion0_.user_id=user1_.user_id and user1_.email=?
?[1;31m
Start test 197?[0m
Hibernate: select user0_.user_id as user_id1_4_, user0_.email as email2_4_, user0_.password as password3_4_, user0_.role as role4_4_ from user user0_ where user0_.email=?
Hibernate: select user0_.user_id as user_id1_4_, user0_.email as email2_4_, user0_.password as password3_4_, user0_.role as role4_4_ from user user0_ where user0_.email=?
Hibernate: select distinct completion0_.quiz_id as col_0_0_, completion0_.completed_at as col_1_0_ from completion completion0_ cross join user user1_ where completion0_.user_id=user1_.user_id and user1_.email=? order by completion0_.completed_at desc limit ? offset ?
?[1;31m
Start test 198?[0m
Hibernate: select user0_.user_id as user_id1_4_, user0_.email as email2_4_, user0_.password as password3_4_, user0_.role as role4_4_ from user user0_ where user0_.email=?
Hibernate: select user0_.user_id as user_id1_4_, user0_.email as email2_4_, user0_.password as password3_4_, user0_.role as role4_4_ from user user0_ where user0_.email=?
Hibernate: select distinct completion0_.quiz_id as col_0_0_, completion0_.completed_at as col_1_0_ from completion completion0_ cross join user user1_ where completion0_.user_id=user1_.user_id and user1_.email=? order by completion0_.completed_at desc limit ? offset ?
?[1;31m
Start test 199?[0m
Hibernate: select user0_.user_id as user_id1_4_, user0_.email as email2_4_, user0_.password as password3_4_, user0_.role as role4_4_ from user user0_ where user0_.email=?
Hibernate: select user0_.user_id as user_id1_4_, user0_.email as email2_4_, user0_.password as password3_4_, user0_.role as role4_4_ from user user0_ where user0_.email=?
Hibernate: select quiz0_.quiz_id as quiz_id1_1_0_, quiz0_.text as text2_1_0_, quiz0_.title as title3_1_0_, quiz0_.userid as userid4_1_0_, user1_.user_id as user_id1_4_1_, user1_.email as email2_4_1_, user1_.password as password3_4_1_, user1_.role as role4_4_1_ from quiz quiz0_ left outer join user user1_ on quiz0_.userid=user1_.user_id where quiz0_.quiz_id=?
Hibernate: delete from quiz_answer where quiz_quiz_id=?
Hibernate: delete from quiz_options where quiz_quiz_id=?
Hibernate: delete from quiz where quiz_id=?
?[1;31m
Start test 200?[0m
Hibernate: select user0_.user_id as user_id1_4_, user0_.email as email2_4_, user0_.password as password3_4_, user0_.role as role4_4_ from user user0_ where user0_.email=?
Hibernate: select user0_.user_id as user_id1_4_, user0_.email as email2_4_, user0_.password as password3_4_, user0_.role as role4_4_ from user user0_ where user0_.email=?
Hibernate: select quiz0_.quiz_id as quiz_id1_1_0_, quiz0_.text as text2_1_0_, quiz0_.title as title3_1_0_, quiz0_.userid as userid4_1_0_, user1_.user_id as user_id1_4_1_, user1_.email as email2_4_1_, user1_.password as password3_4_1_, user1_.role as role4_4_1_ from quiz quiz0_ left outer join user user1_ on quiz0_.userid=user1_.user_id where quiz0_.quiz_id=?
?[1;31m
Start test 201?[0m
Hibernate: select user0_.user_id as user_id1_4_, user0_.email as email2_4_, user0_.password as password3_4_, user0_.role as role4_4_ from user user0_ where user0_.email=?
Hibernate: select quiz0_.quiz_id as quiz_id1_1_0_, quiz0_.text as text2_1_0_, quiz0_.title as title3_1_0_, quiz0_.userid as userid4_1_0_, user1_.user_id as user_id1_4_1_, user1_.email as email2_4_1_, user1_.password as password3_4_1_, user1_.role as role4_4_1_ from quiz quiz0_ left outer join user user1_ on quiz0_.userid=user1_.user_id where quiz0_.quiz_id=?
?[1;31m
Start test 202?[0m
Hibernate: select user0_.user_id as user_id1_4_, user0_.email as email2_4_, user0_.password as password3_4_, user0_.role as role4_4_ from user user0_ where user0_.email=?
Hibernate: select quiz0_.quiz_id as quiz_id1_1_0_, quiz0_.text as text2_1_0_, quiz0_.title as title3_1_0_, quiz0_.userid as userid4_1_0_, user1_.user_id as user_id1_4_1_, user1_.email as email2_4_1_, user1_.password as password3_4_1_, user1_.role as role4_4_1_ from quiz quiz0_ left outer join user user1_ on quiz0_.userid=user1_.user_id where quiz0_.quiz_id=?
?[1;31m
Start test 203?[0m
Hibernate: select user0_.user_id as user_id1_4_, user0_.email as email2_4_, user0_.password as password3_4_, user0_.role as role4_4_ from user user0_ where user0_.email=?
Hibernate: select quiz0_.quiz_id as quiz_id1_1_0_, quiz0_.text as text2_1_0_, quiz0_.title as title3_1_0_, quiz0_.userid as userid4_1_0_, user1_.user_id as user_id1_4_1_, user1_.email as email2_4_1_, user1_.password as password3_4_1_, user1_.role as role4_4_1_ from quiz quiz0_ left outer join user user1_ on quiz0_.userid=user1_.user_id where quiz0_.quiz_id=?
Hibernate: select options0_.quiz_quiz_id as quiz_qui1_3_0_, options0_.options as options2_3_0_ from quiz_options options0_ where options0_.quiz_quiz_id=?
?[1;31m
Start test 204?[0m
Hibernate: select user0_.user_id as user_id1_4_, user0_.email as email2_4_, user0_.password as password3_4_, user0_.role as role4_4_ from user user0_ where user0_.email=?
Hibernate: select quiz0_.quiz_id as quiz_id1_1_0_, quiz0_.text as text2_1_0_, quiz0_.title as title3_1_0_, quiz0_.userid as userid4_1_0_, user1_.user_id as user_id1_4_1_, user1_.email as email2_4_1_, user1_.password as password3_4_1_, user1_.role as role4_4_1_ from quiz quiz0_ left outer join user user1_ on quiz0_.userid=user1_.user_id where quiz0_.quiz_id=?
Hibernate: select options0_.quiz_quiz_id as quiz_qui1_3_0_, options0_.options as options2_3_0_ from quiz_options options0_ where options0_.quiz_quiz_id=?
?[1;31m
Start test 205?[0m
Hibernate: select user0_.user_id as user_id1_4_, user0_.email as email2_4_, user0_.password as password3_4_, user0_.role as role4_4_ from user user0_ where user0_.email=?
Hibernate: select user0_.user_id as user_id1_4_, user0_.email as email2_4_, user0_.password as password3_4_, user0_.role as role4_4_ from user user0_ where user0_.email=?
Hibernate: select quiz0_.quiz_id as quiz_id1_1_0_, quiz0_.text as text2_1_0_, quiz0_.title as title3_1_0_, quiz0_.userid as userid4_1_0_, user1_.user_id as user_id1_4_1_, user1_.email as email2_4_1_, user1_.password as password3_4_1_, user1_.role as role4_4_1_ from quiz quiz0_ left outer join user user1_ on quiz0_.userid=user1_.user_id where quiz0_.quiz_id=?
?[1;31m
Start test 206?[0m
Hibernate: select user0_.user_id as user_id1_4_, user0_.email as email2_4_, user0_.password as password3_4_, user0_.role as role4_4_ from user user0_ where user0_.email=?
Hibernate: select user0_.user_id as user_id1_4_, user0_.email as email2_4_, user0_.password as password3_4_, user0_.role as role4_4_ from user user0_ where user0_.email=?
Hibernate: select quiz0_.quiz_id as quiz_id1_1_0_, quiz0_.text as text2_1_0_, quiz0_.title as title3_1_0_, quiz0_.userid as userid4_1_0_, user1_.user_id as user_id1_4_1_, user1_.email as email2_4_1_, user1_.password as password3_4_1_, user1_.role as role4_4_1_ from quiz quiz0_ left outer join user user1_ on quiz0_.userid=user1_.user_id where quiz0_.quiz_id=?
?[1;31m
Start test 207?[0m
Hibernate: select user0_.user_id as user_id1_4_, user0_.email as email2_4_, user0_.password as password3_4_, user0_.role as role4_4_ from user user0_ where user0_.email=?
Hibernate: select user0_.user_id as user_id1_4_, user0_.email as email2_4_, user0_.password as password3_4_, user0_.role as role4_4_ from user user0_ where user0_.email=?
Hibernate: select quiz0_.quiz_id as quiz_id1_1_0_, quiz0_.text as text2_1_0_, quiz0_.title as title3_1_0_, quiz0_.userid as userid4_1_0_, user1_.user_id as user_id1_4_1_, user1_.email as email2_4_1_, user1_.password as password3_4_1_, user1_.role as role4_4_1_ from quiz quiz0_ left outer join user user1_ on quiz0_.userid=user1_.user_id where quiz0_.quiz_id=?
Hibernate: delete from quiz_answer where quiz_quiz_id=?
Hibernate: delete from quiz_options where quiz_quiz_id=?
Hibernate: delete from quiz where quiz_id=?
?[1;31m
Start test 208?[0m
Hibernate: select user0_.user_id as user_id1_4_, user0_.email as email2_4_, user0_.password as password3_4_, user0_.role as role4_4_ from user user0_ where user0_.email=?
Hibernate: select user0_.user_id as user_id1_4_, user0_.email as email2_4_, user0_.password as password3_4_, user0_.role as role4_4_ from user user0_ where user0_.email=?
Hibernate: select quiz0_.quiz_id as quiz_id1_1_0_, quiz0_.text as text2_1_0_, quiz0_.title as title3_1_0_, quiz0_.userid as userid4_1_0_, user1_.user_id as user_id1_4_1_, user1_.email as email2_4_1_, user1_.password as password3_4_1_, user1_.role as role4_4_1_ from quiz quiz0_ left outer join user user1_ on quiz0_.userid=user1_.user_id where quiz0_.quiz_id=?
?[1;31m
Start test 209?[0m
Hibernate: select user0_.user_id as user_id1_4_, user0_.email as email2_4_, user0_.password as password3_4_, user0_.role as role4_4_ from user user0_ where user0_.email=?
Hibernate: select user0_.user_id as user_id1_4_, user0_.email as email2_4_, user0_.password as password3_4_, user0_.role as role4_4_ from user user0_ where user0_.email=?
Hibernate: select quiz0_.quiz_id as quiz_id1_1_0_, quiz0_.text as text2_1_0_, quiz0_.title as title3_1_0_, quiz0_.userid as userid4_1_0_, user1_.user_id as user_id1_4_1_, user1_.email as email2_4_1_, user1_.password as password3_4_1_, user1_.role as role4_4_1_ from quiz quiz0_ left outer join user user1_ on quiz0_.userid=user1_.user_id where quiz0_.quiz_id=?
?[1;31m
Start test 210?[0m
Hibernate: select user0_.user_id as user_id1_4_, user0_.email as email2_4_, user0_.password as password3_4_, user0_.role as role4_4_ from user user0_ where user0_.email=?
Hibernate: select quiz0_.quiz_id as quiz_id1_1_0_, quiz0_.text as text2_1_0_, quiz0_.title as title3_1_0_, quiz0_.userid as userid4_1_0_, user1_.user_id as user_id1_4_1_, user1_.email as email2_4_1_, user1_.password as password3_4_1_, user1_.role as role4_4_1_ from quiz quiz0_ left outer join user user1_ on quiz0_.userid=user1_.user_id where quiz0_.quiz_id=?
?[1;31m
Start test 211?[0m
Hibernate: select user0_.user_id as user_id1_4_, user0_.email as email2_4_, user0_.password as password3_4_, user0_.role as role4_4_ from user user0_ where user0_.email=?
Hibernate: select quiz0_.quiz_id as quiz_id1_1_0_, quiz0_.text as text2_1_0_, quiz0_.title as title3_1_0_, quiz0_.userid as userid4_1_0_, user1_.user_id as user_id1_4_1_, user1_.email as email2_4_1_, user1_.password as password3_4_1_, user1_.role as role4_4_1_ from quiz quiz0_ left outer join user user1_ on quiz0_.userid=user1_.user_id where quiz0_.quiz_id=?
?[1;31m
Start test 212?[0m
Hibernate: select user0_.user_id as user_id1_4_, user0_.email as email2_4_, user0_.password as password3_4_, user0_.role as role4_4_ from user user0_ where user0_.email=?
Hibernate: select quiz0_.quiz_id as quiz_id1_1_0_, quiz0_.text as text2_1_0_, quiz0_.title as title3_1_0_, quiz0_.userid as userid4_1_0_, user1_.user_id as user_id1_4_1_, user1_.email as email2_4_1_, user1_.password as password3_4_1_, user1_.role as role4_4_1_ from quiz quiz0_ left outer join user user1_ on quiz0_.userid=user1_.user_id where quiz0_.quiz_id=?
?[1;31m
Start test 213?[0m
Hibernate: select user0_.user_id as user_id1_4_, user0_.email as email2_4_, user0_.password as password3_4_, user0_.role as role4_4_ from user user0_ where user0_.email=?
Hibernate: select quiz0_.quiz_id as quiz_id1_1_0_, quiz0_.text as text2_1_0_, quiz0_.title as title3_1_0_, quiz0_.userid as userid4_1_0_, user1_.user_id as user_id1_4_1_, user1_.email as email2_4_1_, user1_.password as password3_4_1_, user1_.role as role4_4_1_ from quiz quiz0_ left outer join user user1_ on quiz0_.userid=user1_.user_id where quiz0_.quiz_id=?
?[1;31m
Start test 214?[0m
Hibernate: select user0_.user_id as user_id1_4_, user0_.email as email2_4_, user0_.password as password3_4_, user0_.role as role4_4_ from user user0_ where user0_.email=?
Hibernate: select quiz0_.quiz_id as quiz_id1_1_, quiz0_.text as text2_1_, quiz0_.title as title3_1_, quiz0_.userid as userid4_1_ from quiz quiz0_ order by QUIZ_ID limit ?
Hibernate: select user0_.user_id as user_id1_4_0_, user0_.email as email2_4_0_, user0_.password as password3_4_0_, user0_.role as role4_4_0_ from user user0_ where user0_.user_id=?
Hibernate: select options0_.quiz_quiz_id as quiz_qui1_3_0_, options0_.options as options2_3_0_ from quiz_options options0_ where options0_.quiz_quiz_id=?
Hibernate: select options0_.quiz_quiz_id as quiz_qui1_3_0_, options0_.options as options2_3_0_ from quiz_options options0_ where options0_.quiz_quiz_id=?
Hibernate: select options0_.quiz_quiz_id as quiz_qui1_3_0_, options0_.options as options2_3_0_ from quiz_options options0_ where options0_.quiz_quiz_id=?
Hibernate: select options0_.quiz_quiz_id as quiz_qui1_3_0_, options0_.options as options2_3_0_ from quiz_options options0_ where options0_.quiz_quiz_id=?
Hibernate: select options0_.quiz_quiz_id as quiz_qui1_3_0_, options0_.options as options2_3_0_ from quiz_options options0_ where options0_.quiz_quiz_id=?
?[1;31m
Start test 215?[0m
2021-10-17 11:30:57.149  INFO 20204 --- [      Thread-12] o.s.s.concurrent.ThreadPoolTaskExecutor  : Shutting down ExecutorService 'applicationTaskExecutor'
2021-10-17 11:30:57.149  INFO 20204 --- [      Thread-12] j.LocalContainerEntityManagerFactoryBean : Closing JPA EntityManagerFactory for persistence unit 'default'
2021-10-17 11:30:57.149  INFO 20204 --- [      Thread-12] com.zaxxer.hikari.HikariDataSource       : HikariPool-3 - Shutdown initiated...
2021-10-17 11:30:57.181  INFO 20204 --- [      Thread-12] com.zaxxer.hikari.HikariDataSource       : HikariPool-3 - Shutdown completed.
  _____     ____    ___    _____     ____    ___    
 |  __ \   / __ \  |__ \  |  __ \   / __ \  |__ \   
 | |__) | | |  | |    ) | | |__) | | |  | |    ) |  
 |  _  /  | |  | |   / /  |  _  /  | |  | |   / /   
 | | \ \  | |__| |  / /_  | | \ \  | |__| |  / /_   
 |_|  \_\  \____/  |____| |_|  \_\  \____/  |____|  
                                                    
                                                    
2021-10-17 11:30:57.314  INFO 20204 --- [    Test worker] engine.WebQuizEngine                     : Starting WebQuizEngine on NB0588 with PID 20204 (started by BAlaktaa in C:\Users\BAlaktaa\IdeaProjects\Web Quiz Engine\Web Quiz Engine\task)
2021-10-17 11:30:57.314  INFO 20204 --- [    Test worker] engine.WebQuizEngine                     : No active profile set, falling back to default profiles: default
2021-10-17 11:30:57.577  INFO 20204 --- [    Test worker] .s.d.r.c.RepositoryConfigurationDelegate : Bootstrapping Spring Data JPA repositories in DEFAULT mode.
2021-10-17 11:30:57.593  INFO 20204 --- [    Test worker] .s.d.r.c.RepositoryConfigurationDelegate : Finished Spring Data repository scanning in 10ms. Found 3 JPA repository interfaces.
2021-10-17 11:30:57.631  INFO 20204 --- [    Test worker] trationDelegate$BeanPostProcessorChecker : Bean 'org.springframework.transaction.annotation.ProxyTransactionManagementConfiguration' of type [org.springframework.transaction.annotation.ProxyTransactionManagementConfiguration] is not eligible for getting processed by all BeanPostProcessors (for example: not eligible for auto-proxying)
2021-10-17 11:30:57.662  WARN 20204 --- [    Test worker] org.apache.tomcat.util.modeler.Registry  : The MBean registry cannot be disabled because it has already been initialised
2021-10-17 11:30:57.662  INFO 20204 --- [    Test worker] o.s.b.w.embedded.tomcat.TomcatWebServer  : Tomcat initialized with port(s): 8080 (http)
2021-10-17 11:30:57.662  INFO 20204 --- [    Test worker] o.apache.catalina.core.StandardService   : Starting service [Tomcat]
2021-10-17 11:30:57.662  INFO 20204 --- [    Test worker] org.apache.catalina.core.StandardEngine  : Starting Servlet engine: [Apache Tomcat/9.0.29]
2021-10-17 11:30:57.715  INFO 20204 --- [    Test worker] org.apache.jasper.servlet.TldScanner     : At least one JAR was scanned for TLDs yet contained no TLDs. Enable debug logging for this logger for a complete list of JARs that were scanned but no TLDs were found in them. Skipping unneeded JARs during scanning can improve startup time and JSP compilation time.
2021-10-17 11:30:57.715  INFO 20204 --- [    Test worker] o.a.c.c.C.[Tomcat].[localhost].[/]       : Initializing Spring embedded WebApplicationContext
2021-10-17 11:30:57.715  INFO 20204 --- [    Test worker] o.s.web.context.ContextLoader            : Root WebApplicationContext: initialization completed in 401 ms
2021-10-17 11:30:57.731  INFO 20204 --- [    Test worker] com.zaxxer.hikari.HikariDataSource       : HikariPool-4 - Starting...
2021-10-17 11:30:57.747  INFO 20204 --- [    Test worker] com.zaxxer.hikari.HikariDataSource       : HikariPool-4 - Start completed.
2021-10-17 11:30:57.747  INFO 20204 --- [    Test worker] o.s.b.a.h2.H2ConsoleAutoConfiguration    : H2 console available at '/h2-console'. Database available at 'jdbc:h2:file:../quizdb'
2021-10-17 11:30:57.800  INFO 20204 --- [    Test worker] o.hibernate.jpa.internal.util.LogHelper  : HHH000204: Processing PersistenceUnitInfo [name: default]
2021-10-17 11:30:57.800  INFO 20204 --- [    Test worker] org.hibernate.dialect.Dialect            : HHH000400: Using dialect: org.hibernate.dialect.H2Dialect
2021-10-17 11:30:57.878  INFO 20204 --- [    Test worker] o.h.e.t.j.p.i.JtaPlatformInitiator       : HHH000490: Using JtaPlatform implementation: [org.hibernate.engine.transaction.jta.platform.internal.NoJtaPlatform]
2021-10-17 11:30:57.878  INFO 20204 --- [    Test worker] j.LocalContainerEntityManagerFactoryBean : Initialized JPA EntityManagerFactory for persistence unit 'default'
2021-10-17 11:30:57.932  WARN 20204 --- [    Test worker] JpaBaseConfiguration$JpaWebConfiguration : spring.jpa.open-in-view is enabled by default. Therefore, database queries may be performed during view rendering. Explicitly configure spring.jpa.open-in-view to disable this warning
2021-10-17 11:30:58.001  INFO 20204 --- [    Test worker] o.s.b.a.e.web.EndpointLinksResolver      : Exposing 14 endpoint(s) beneath base path '/actuator'
2021-10-17 11:30:58.101  INFO 20204 --- [    Test worker] o.s.b.a.w.s.WelcomePageHandlerMapping    : Adding welcome page: class path resource [static/index.html]
2021-10-17 11:30:58.117  INFO 20204 --- [    Test worker] o.s.s.web.DefaultSecurityFilterChain     : Creating filter chain: any request, [org.springframework.security.web.context.request.async.WebAsyncManagerIntegrationFilter@144d50f, org.springframework.security.web.context.SecurityContextPersistenceFilter@19cb63f9, org.springframework.security.web.header.HeaderWriterFilter@457dbe12, org.springframework.security.web.authentication.logout.LogoutFilter@3bfe0ec5, org.springframework.security.web.authentication.www.BasicAuthenticationFilter@54977eb7, org.springframework.security.web.savedrequest.RequestCacheAwareFilter@6db0db68, org.springframework.security.web.servletapi.SecurityContextHolderAwareRequestFilter@451565e2, org.springframework.security.web.authentication.AnonymousAuthenticationFilter@365b2383, org.springframework.security.web.session.SessionManagementFilter@1c5402a8, org.springframework.security.web.access.ExceptionTranslationFilter@a2fc40c, org.springframework.security.web.access.intercept.FilterSecurityInterceptor@551cccc5]
2021-10-17 11:30:58.132  INFO 20204 --- [    Test worker] o.s.s.concurrent.ThreadPoolTaskExecutor  : Initializing ExecutorService 'applicationTaskExecutor'
2021-10-17 11:30:58.264  INFO 20204 --- [    Test worker] o.s.b.w.embedded.tomcat.TomcatWebServer  : Tomcat started on port(s): 8080 (http) with context path ''
2021-10-17 11:30:58.264  INFO 20204 --- [    Test worker] engine.WebQuizEngine                     : Started WebQuizEngine in 0.959 seconds (JVM running for 26.522)
?[1;31m
Start test 216?[0m
2021-10-17 11:30:58.264  INFO 20204 --- [nio-8080-exec-1] o.a.c.c.C.[Tomcat].[localhost].[/]       : Initializing Spring DispatcherServlet 'dispatcherServlet'
2021-10-17 11:30:58.264  INFO 20204 --- [nio-8080-exec-1] o.s.web.servlet.DispatcherServlet        : Initializing Servlet 'dispatcherServlet'
2021-10-17 11:30:58.279  INFO 20204 --- [nio-8080-exec-1] o.s.web.servlet.DispatcherServlet        : Completed initialization in 15 ms
Hibernate: select user0_.user_id as user_id1_4_, user0_.email as email2_4_, user0_.password as password3_4_, user0_.role as role4_4_ from user user0_ where user0_.email=?
Hibernate: select quiz0_.quiz_id as quiz_id1_1_, quiz0_.text as text2_1_, quiz0_.title as title3_1_, quiz0_.userid as userid4_1_ from quiz quiz0_ order by QUIZ_ID limit ?
Hibernate: select user0_.user_id as user_id1_4_0_, user0_.email as email2_4_0_, user0_.password as password3_4_0_, user0_.role as role4_4_0_ from user user0_ where user0_.user_id=?
Hibernate: select options0_.quiz_quiz_id as quiz_qui1_3_0_, options0_.options as options2_3_0_ from quiz_options options0_ where options0_.quiz_quiz_id=?
Hibernate: select options0_.quiz_quiz_id as quiz_qui1_3_0_, options0_.options as options2_3_0_ from quiz_options options0_ where options0_.quiz_quiz_id=?
Hibernate: select options0_.quiz_quiz_id as quiz_qui1_3_0_, options0_.options as options2_3_0_ from quiz_options options0_ where options0_.quiz_quiz_id=?
Hibernate: select options0_.quiz_quiz_id as quiz_qui1_3_0_, options0_.options as options2_3_0_ from quiz_options options0_ where options0_.quiz_quiz_id=?
Hibernate: select options0_.quiz_quiz_id as quiz_qui1_3_0_, options0_.options as options2_3_0_ from quiz_options options0_ where options0_.quiz_quiz_id=?
?[1;31m
Start test 217?[0m
Hibernate: select user0_.user_id as user_id1_4_, user0_.email as email2_4_, user0_.password as password3_4_, user0_.role as role4_4_ from user user0_ where user0_.email=?
Hibernate: select quiz0_.quiz_id as quiz_id1_1_0_, quiz0_.text as text2_1_0_, quiz0_.title as title3_1_0_, quiz0_.userid as userid4_1_0_, user1_.user_id as user_id1_4_1_, user1_.email as email2_4_1_, user1_.password as password3_4_1_, user1_.role as role4_4_1_ from quiz quiz0_ left outer join user user1_ on quiz0_.userid=user1_.user_id where quiz0_.quiz_id=?
?[1;31m
Start test 218?[0m
Hibernate: select user0_.user_id as user_id1_4_, user0_.email as email2_4_, user0_.password as password3_4_, user0_.role as role4_4_ from user user0_ where user0_.email=?
Hibernate: select quiz0_.quiz_id as quiz_id1_1_0_, quiz0_.text as text2_1_0_, quiz0_.title as title3_1_0_, quiz0_.userid as userid4_1_0_, user1_.user_id as user_id1_4_1_, user1_.email as email2_4_1_, user1_.password as password3_4_1_, user1_.role as role4_4_1_ from quiz quiz0_ left outer join user user1_ on quiz0_.userid=user1_.user_id where quiz0_.quiz_id=?
?[1;31m
Start test 219?[0m
Hibernate: select user0_.user_id as user_id1_4_, user0_.email as email2_4_, user0_.password as password3_4_, user0_.role as role4_4_ from user user0_ where user0_.email=?
Hibernate: select quiz0_.quiz_id as quiz_id1_1_0_, quiz0_.text as text2_1_0_, quiz0_.title as title3_1_0_, quiz0_.userid as userid4_1_0_, user1_.user_id as user_id1_4_1_, user1_.email as email2_4_1_, user1_.password as password3_4_1_, user1_.role as role4_4_1_ from quiz quiz0_ left outer join user user1_ on quiz0_.userid=user1_.user_id where quiz0_.quiz_id=?
?[1;31m
Start test 220?[0m
Hibernate: select user0_.user_id as user_id1_4_, user0_.email as email2_4_, user0_.password as password3_4_, user0_.role as role4_4_ from user user0_ where user0_.email=?
Hibernate: select quiz0_.quiz_id as quiz_id1_1_0_, quiz0_.text as text2_1_0_, quiz0_.title as title3_1_0_, quiz0_.userid as userid4_1_0_, user1_.user_id as user_id1_4_1_, user1_.email as email2_4_1_, user1_.password as password3_4_1_, user1_.role as role4_4_1_ from quiz quiz0_ left outer join user user1_ on quiz0_.userid=user1_.user_id where quiz0_.quiz_id=?
?[1;31m
Start test 221?[0m
Hibernate: select user0_.user_id as user_id1_4_, user0_.email as email2_4_, user0_.password as password3_4_, user0_.role as role4_4_ from user user0_ where user0_.email=?
Hibernate: select user0_.user_id as user_id1_4_, user0_.email as email2_4_, user0_.password as password3_4_, user0_.role as role4_4_ from user user0_ where user0_.email=?
Hibernate: call next value for hibernate_sequence
Hibernate: insert into quiz (text, title, userid, quiz_id) values (?, ?, ?, ?)
Hibernate: insert into quiz_answer (quiz_quiz_id, answer) values (?, ?)
Hibernate: insert into quiz_answer (quiz_quiz_id, answer) values (?, ?)
Hibernate: insert into quiz_answer (quiz_quiz_id, answer) values (?, ?)
Hibernate: insert into quiz_options (quiz_quiz_id, options) values (?, ?)
Hibernate: insert into quiz_options (quiz_quiz_id, options) values (?, ?)
Hibernate: insert into quiz_options (quiz_quiz_id, options) values (?, ?)
Hibernate: insert into quiz_options (quiz_quiz_id, options) values (?, ?)
?[1;31m
Start test 222?[0m
Hibernate: select user0_.user_id as user_id1_4_, user0_.email as email2_4_, user0_.password as password3_4_, user0_.role as role4_4_ from user user0_ where user0_.email=?
Hibernate: select user0_.user_id as user_id1_4_, user0_.email as email2_4_, user0_.password as password3_4_, user0_.role as role4_4_ from user user0_ where user0_.email=?
Hibernate: call next value for hibernate_sequence
Hibernate: insert into quiz (text, title, userid, quiz_id) values (?, ?, ?, ?)
Hibernate: insert into quiz_answer (quiz_quiz_id, answer) values (?, ?)
Hibernate: insert into quiz_answer (quiz_quiz_id, answer) values (?, ?)
Hibernate: insert into quiz_answer (quiz_quiz_id, answer) values (?, ?)
Hibernate: insert into quiz_options (quiz_quiz_id, options) values (?, ?)
Hibernate: insert into quiz_options (quiz_quiz_id, options) values (?, ?)
Hibernate: insert into quiz_options (quiz_quiz_id, options) values (?, ?)
Hibernate: insert into quiz_options (quiz_quiz_id, options) values (?, ?)
?[1;31m
Start test 223?[0m
Hibernate: select user0_.user_id as user_id1_4_, user0_.email as email2_4_, user0_.password as password3_4_, user0_.role as role4_4_ from user user0_ where user0_.email=?
Hibernate: select user0_.user_id as user_id1_4_, user0_.email as email2_4_, user0_.password as password3_4_, user0_.role as role4_4_ from user user0_ where user0_.email=?
Hibernate: call next value for hibernate_sequence
Hibernate: insert into quiz (text, title, userid, quiz_id) values (?, ?, ?, ?)
Hibernate: insert into quiz_answer (quiz_quiz_id, answer) values (?, ?)
Hibernate: insert into quiz_answer (quiz_quiz_id, answer) values (?, ?)
Hibernate: insert into quiz_answer (quiz_quiz_id, answer) values (?, ?)
Hibernate: insert into quiz_options (quiz_quiz_id, options) values (?, ?)
Hibernate: insert into quiz_options (quiz_quiz_id, options) values (?, ?)
Hibernate: insert into quiz_options (quiz_quiz_id, options) values (?, ?)
Hibernate: insert into quiz_options (quiz_quiz_id, options) values (?, ?)
?[1;31m
Start test 224?[0m
Hibernate: select user0_.user_id as user_id1_4_, user0_.email as email2_4_, user0_.password as password3_4_, user0_.role as role4_4_ from user user0_ where user0_.email=?
Hibernate: select user0_.user_id as user_id1_4_, user0_.email as email2_4_, user0_.password as password3_4_, user0_.role as role4_4_ from user user0_ where user0_.email=?
Hibernate: call next value for hibernate_sequence
Hibernate: insert into quiz (text, title, userid, quiz_id) values (?, ?, ?, ?)
Hibernate: insert into quiz_answer (quiz_quiz_id, answer) values (?, ?)
Hibernate: insert into quiz_answer (quiz_quiz_id, answer) values (?, ?)
Hibernate: insert into quiz_answer (quiz_quiz_id, answer) values (?, ?)
Hibernate: insert into quiz_options (quiz_quiz_id, options) values (?, ?)
Hibernate: insert into quiz_options (quiz_quiz_id, options) values (?, ?)
Hibernate: insert into quiz_options (quiz_quiz_id, options) values (?, ?)
Hibernate: insert into quiz_options (quiz_quiz_id, options) values (?, ?)
?[1;31m
Start test 225?[0m
Hibernate: select user0_.user_id as user_id1_4_, user0_.email as email2_4_, user0_.password as password3_4_, user0_.role as role4_4_ from user user0_ where user0_.email=?
Hibernate: select user0_.user_id as user_id1_4_, user0_.email as email2_4_, user0_.password as password3_4_, user0_.role as role4_4_ from user user0_ where user0_.email=?
Hibernate: call next value for hibernate_sequence
Hibernate: insert into quiz (text, title, userid, quiz_id) values (?, ?, ?, ?)
Hibernate: insert into quiz_answer (quiz_quiz_id, answer) values (?, ?)
Hibernate: insert into quiz_answer (quiz_quiz_id, answer) values (?, ?)
Hibernate: insert into quiz_answer (quiz_quiz_id, answer) values (?, ?)
Hibernate: insert into quiz_options (quiz_quiz_id, options) values (?, ?)
Hibernate: insert into quiz_options (quiz_quiz_id, options) values (?, ?)
Hibernate: insert into quiz_options (quiz_quiz_id, options) values (?, ?)
Hibernate: insert into quiz_options (quiz_quiz_id, options) values (?, ?)
?[1;31m
Start test 226?[0m
Hibernate: select user0_.user_id as user_id1_4_, user0_.email as email2_4_, user0_.password as password3_4_, user0_.role as role4_4_ from user user0_ where user0_.email=?
Hibernate: select user0_.user_id as user_id1_4_, user0_.email as email2_4_, user0_.password as password3_4_, user0_.role as role4_4_ from user user0_ where user0_.email=?
Hibernate: call next value for hibernate_sequence
Hibernate: insert into quiz (text, title, userid, quiz_id) values (?, ?, ?, ?)
Hibernate: insert into quiz_answer (quiz_quiz_id, answer) values (?, ?)
Hibernate: insert into quiz_answer (quiz_quiz_id, answer) values (?, ?)
Hibernate: insert into quiz_answer (quiz_quiz_id, answer) values (?, ?)
Hibernate: insert into quiz_options (quiz_quiz_id, options) values (?, ?)
Hibernate: insert into quiz_options (quiz_quiz_id, options) values (?, ?)
Hibernate: insert into quiz_options (quiz_quiz_id, options) values (?, ?)
Hibernate: insert into quiz_options (quiz_quiz_id, options) values (?, ?)
?[1;31m
Start test 227?[0m
Hibernate: select user0_.user_id as user_id1_4_, user0_.email as email2_4_, user0_.password as password3_4_, user0_.role as role4_4_ from user user0_ where user0_.email=?
Hibernate: select user0_.user_id as user_id1_4_, user0_.email as email2_4_, user0_.password as password3_4_, user0_.role as role4_4_ from user user0_ where user0_.email=?
Hibernate: call next value for hibernate_sequence
Hibernate: insert into quiz (text, title, userid, quiz_id) values (?, ?, ?, ?)
Hibernate: insert into quiz_answer (quiz_quiz_id, answer) values (?, ?)
Hibernate: insert into quiz_answer (quiz_quiz_id, answer) values (?, ?)
Hibernate: insert into quiz_answer (quiz_quiz_id, answer) values (?, ?)
Hibernate: insert into quiz_options (quiz_quiz_id, options) values (?, ?)
Hibernate: insert into quiz_options (quiz_quiz_id, options) values (?, ?)
Hibernate: insert into quiz_options (quiz_quiz_id, options) values (?, ?)
Hibernate: insert into quiz_options (quiz_quiz_id, options) values (?, ?)
?[1;31m
Start test 228?[0m
Hibernate: select user0_.user_id as user_id1_4_, user0_.email as email2_4_, user0_.password as password3_4_, user0_.role as role4_4_ from user user0_ where user0_.email=?
Hibernate: select user0_.user_id as user_id1_4_, user0_.email as email2_4_, user0_.password as password3_4_, user0_.role as role4_4_ from user user0_ where user0_.email=?
Hibernate: call next value for hibernate_sequence
Hibernate: insert into quiz (text, title, userid, quiz_id) values (?, ?, ?, ?)
Hibernate: insert into quiz_answer (quiz_quiz_id, answer) values (?, ?)
Hibernate: insert into quiz_answer (quiz_quiz_id, answer) values (?, ?)
Hibernate: insert into quiz_answer (quiz_quiz_id, answer) values (?, ?)
Hibernate: insert into quiz_options (quiz_quiz_id, options) values (?, ?)
Hibernate: insert into quiz_options (quiz_quiz_id, options) values (?, ?)
Hibernate: insert into quiz_options (quiz_quiz_id, options) values (?, ?)
Hibernate: insert into quiz_options (quiz_quiz_id, options) values (?, ?)
?[1;31m
Start test 229?[0m
Hibernate: select user0_.user_id as user_id1_4_, user0_.email as email2_4_, user0_.password as password3_4_, user0_.role as role4_4_ from user user0_ where user0_.email=?
Hibernate: select user0_.user_id as user_id1_4_, user0_.email as email2_4_, user0_.password as password3_4_, user0_.role as role4_4_ from user user0_ where user0_.email=?
Hibernate: call next value for hibernate_sequence
Hibernate: insert into quiz (text, title, userid, quiz_id) values (?, ?, ?, ?)
Hibernate: insert into quiz_answer (quiz_quiz_id, answer) values (?, ?)
Hibernate: insert into quiz_answer (quiz_quiz_id, answer) values (?, ?)
Hibernate: insert into quiz_answer (quiz_quiz_id, answer) values (?, ?)
Hibernate: insert into quiz_options (quiz_quiz_id, options) values (?, ?)
Hibernate: insert into quiz_options (quiz_quiz_id, options) values (?, ?)
Hibernate: insert into quiz_options (quiz_quiz_id, options) values (?, ?)
Hibernate: insert into quiz_options (quiz_quiz_id, options) values (?, ?)
?[1;31m
Start test 230?[0m
Hibernate: select user0_.user_id as user_id1_4_, user0_.email as email2_4_, user0_.password as password3_4_, user0_.role as role4_4_ from user user0_ where user0_.email=?
Hibernate: select user0_.user_id as user_id1_4_, user0_.email as email2_4_, user0_.password as password3_4_, user0_.role as role4_4_ from user user0_ where user0_.email=?
Hibernate: call next value for hibernate_sequence
Hibernate: insert into quiz (text, title, userid, quiz_id) values (?, ?, ?, ?)
Hibernate: insert into quiz_answer (quiz_quiz_id, answer) values (?, ?)
Hibernate: insert into quiz_answer (quiz_quiz_id, answer) values (?, ?)
Hibernate: insert into quiz_answer (quiz_quiz_id, answer) values (?, ?)
Hibernate: insert into quiz_options (quiz_quiz_id, options) values (?, ?)
Hibernate: insert into quiz_options (quiz_quiz_id, options) values (?, ?)
Hibernate: insert into quiz_options (quiz_quiz_id, options) values (?, ?)
Hibernate: insert into quiz_options (quiz_quiz_id, options) values (?, ?)
?[1;31m
Start test 231?[0m
Hibernate: select user0_.user_id as user_id1_4_, user0_.email as email2_4_, user0_.password as password3_4_, user0_.role as role4_4_ from user user0_ where user0_.email=?
Hibernate: select quiz0_.quiz_id as quiz_id1_1_, quiz0_.text as text2_1_, quiz0_.title as title3_1_, quiz0_.userid as userid4_1_ from quiz quiz0_ order by QUIZ_ID limit ?
Hibernate: select user0_.user_id as user_id1_4_0_, user0_.email as email2_4_0_, user0_.password as password3_4_0_, user0_.role as role4_4_0_ from user user0_ where user0_.user_id=?
Hibernate: select user0_.user_id as user_id1_4_0_, user0_.email as email2_4_0_, user0_.password as password3_4_0_, user0_.role as role4_4_0_ from user user0_ where user0_.user_id=?
Hibernate: select count(quiz0_.quiz_id) as col_0_0_ from quiz quiz0_
Hibernate: select options0_.quiz_quiz_id as quiz_qui1_3_0_, options0_.options as options2_3_0_ from quiz_options options0_ where options0_.quiz_quiz_id=?
Hibernate: select options0_.quiz_quiz_id as quiz_qui1_3_0_, options0_.options as options2_3_0_ from quiz_options options0_ where options0_.quiz_quiz_id=?
Hibernate: select options0_.quiz_quiz_id as quiz_qui1_3_0_, options0_.options as options2_3_0_ from quiz_options options0_ where options0_.quiz_quiz_id=?
Hibernate: select options0_.quiz_quiz_id as quiz_qui1_3_0_, options0_.options as options2_3_0_ from quiz_options options0_ where options0_.quiz_quiz_id=?
Hibernate: select options0_.quiz_quiz_id as quiz_qui1_3_0_, options0_.options as options2_3_0_ from quiz_options options0_ where options0_.quiz_quiz_id=?
Hibernate: select options0_.quiz_quiz_id as quiz_qui1_3_0_, options0_.options as options2_3_0_ from quiz_options options0_ where options0_.quiz_quiz_id=?
Hibernate: select options0_.quiz_quiz_id as quiz_qui1_3_0_, options0_.options as options2_3_0_ from quiz_options options0_ where options0_.quiz_quiz_id=?
Hibernate: select options0_.quiz_quiz_id as quiz_qui1_3_0_, options0_.options as options2_3_0_ from quiz_options options0_ where options0_.quiz_quiz_id=?
Hibernate: select options0_.quiz_quiz_id as quiz_qui1_3_0_, options0_.options as options2_3_0_ from quiz_options options0_ where options0_.quiz_quiz_id=?
Hibernate: select options0_.quiz_quiz_id as quiz_qui1_3_0_, options0_.options as options2_3_0_ from quiz_options options0_ where options0_.quiz_quiz_id=?
?[1;31m
Start test 232?[0m
Hibernate: select user0_.user_id as user_id1_4_, user0_.email as email2_4_, user0_.password as password3_4_, user0_.role as role4_4_ from user user0_ where user0_.email=?
Hibernate: select quiz0_.quiz_id as quiz_id1_1_, quiz0_.text as text2_1_, quiz0_.title as title3_1_, quiz0_.userid as userid4_1_ from quiz quiz0_ order by QUIZ_ID limit ?
Hibernate: select user0_.user_id as user_id1_4_0_, user0_.email as email2_4_0_, user0_.password as password3_4_0_, user0_.role as role4_4_0_ from user user0_ where user0_.user_id=?
Hibernate: select user0_.user_id as user_id1_4_0_, user0_.email as email2_4_0_, user0_.password as password3_4_0_, user0_.role as role4_4_0_ from user user0_ where user0_.user_id=?
Hibernate: select count(quiz0_.quiz_id) as col_0_0_ from quiz quiz0_
Hibernate: select options0_.quiz_quiz_id as quiz_qui1_3_0_, options0_.options as options2_3_0_ from quiz_options options0_ where options0_.quiz_quiz_id=?
Hibernate: select options0_.quiz_quiz_id as quiz_qui1_3_0_, options0_.options as options2_3_0_ from quiz_options options0_ where options0_.quiz_quiz_id=?
Hibernate: select options0_.quiz_quiz_id as quiz_qui1_3_0_, options0_.options as options2_3_0_ from quiz_options options0_ where options0_.quiz_quiz_id=?
Hibernate: select options0_.quiz_quiz_id as quiz_qui1_3_0_, options0_.options as options2_3_0_ from quiz_options options0_ where options0_.quiz_quiz_id=?
Hibernate: select options0_.quiz_quiz_id as quiz_qui1_3_0_, options0_.options as options2_3_0_ from quiz_options options0_ where options0_.quiz_quiz_id=?
Hibernate: select options0_.quiz_quiz_id as quiz_qui1_3_0_, options0_.options as options2_3_0_ from quiz_options options0_ where options0_.quiz_quiz_id=?
Hibernate: select options0_.quiz_quiz_id as quiz_qui1_3_0_, options0_.options as options2_3_0_ from quiz_options options0_ where options0_.quiz_quiz_id=?
Hibernate: select options0_.quiz_quiz_id as quiz_qui1_3_0_, options0_.options as options2_3_0_ from quiz_options options0_ where options0_.quiz_quiz_id=?
Hibernate: select options0_.quiz_quiz_id as quiz_qui1_3_0_, options0_.options as options2_3_0_ from quiz_options options0_ where options0_.quiz_quiz_id=?
Hibernate: select options0_.quiz_quiz_id as quiz_qui1_3_0_, options0_.options as options2_3_0_ from quiz_options options0_ where options0_.quiz_quiz_id=?
?[1;31m
Start test 233?[0m
Hibernate: select user0_.user_id as user_id1_4_, user0_.email as email2_4_, user0_.password as password3_4_, user0_.role as role4_4_ from user user0_ where user0_.email=?
Hibernate: select quiz0_.quiz_id as quiz_id1_1_, quiz0_.text as text2_1_, quiz0_.title as title3_1_, quiz0_.userid as userid4_1_ from quiz quiz0_ order by QUIZ_ID limit ? offset ?
Hibernate: select user0_.user_id as user_id1_4_0_, user0_.email as email2_4_0_, user0_.password as password3_4_0_, user0_.role as role4_4_0_ from user user0_ where user0_.user_id=?
Hibernate: select user0_.user_id as user_id1_4_0_, user0_.email as email2_4_0_, user0_.password as password3_4_0_, user0_.role as role4_4_0_ from user user0_ where user0_.user_id=?
Hibernate: select options0_.quiz_quiz_id as quiz_qui1_3_0_, options0_.options as options2_3_0_ from quiz_options options0_ where options0_.quiz_quiz_id=?
Hibernate: select options0_.quiz_quiz_id as quiz_qui1_3_0_, options0_.options as options2_3_0_ from quiz_options options0_ where options0_.quiz_quiz_id=?
Hibernate: select options0_.quiz_quiz_id as quiz_qui1_3_0_, options0_.options as options2_3_0_ from quiz_options options0_ where options0_.quiz_quiz_id=?
Hibernate: select options0_.quiz_quiz_id as quiz_qui1_3_0_, options0_.options as options2_3_0_ from quiz_options options0_ where options0_.quiz_quiz_id=?
Hibernate: select options0_.quiz_quiz_id as quiz_qui1_3_0_, options0_.options as options2_3_0_ from quiz_options options0_ where options0_.quiz_quiz_id=?
?[1;31m
Start test 234?[0m
Hibernate: select user0_.user_id as user_id1_4_, user0_.email as email2_4_, user0_.password as password3_4_, user0_.role as role4_4_ from user user0_ where user0_.email=?
Hibernate: select quiz0_.quiz_id as quiz_id1_1_, quiz0_.text as text2_1_, quiz0_.title as title3_1_, quiz0_.userid as userid4_1_ from quiz quiz0_ order by QUIZ_ID limit ? offset ?
Hibernate: select user0_.user_id as user_id1_4_0_, user0_.email as email2_4_0_, user0_.password as password3_4_0_, user0_.role as role4_4_0_ from user user0_ where user0_.user_id=?
Hibernate: select user0_.user_id as user_id1_4_0_, user0_.email as email2_4_0_, user0_.password as password3_4_0_, user0_.role as role4_4_0_ from user user0_ where user0_.user_id=?
Hibernate: select options0_.quiz_quiz_id as quiz_qui1_3_0_, options0_.options as options2_3_0_ from quiz_options options0_ where options0_.quiz_quiz_id=?
Hibernate: select options0_.quiz_quiz_id as quiz_qui1_3_0_, options0_.options as options2_3_0_ from quiz_options options0_ where options0_.quiz_quiz_id=?
Hibernate: select options0_.quiz_quiz_id as quiz_qui1_3_0_, options0_.options as options2_3_0_ from quiz_options options0_ where options0_.quiz_quiz_id=?
Hibernate: select options0_.quiz_quiz_id as quiz_qui1_3_0_, options0_.options as options2_3_0_ from quiz_options options0_ where options0_.quiz_quiz_id=?
Hibernate: select options0_.quiz_quiz_id as quiz_qui1_3_0_, options0_.options as options2_3_0_ from quiz_options options0_ where options0_.quiz_quiz_id=?
]]></system-out>
  <system-err><![CDATA[]]></system-err>
</testsuite>
